2021-12-11 00:06:20.4758||INFO|Microsoft.Hosting.Lifetime|Application is shutting down... 
2021-12-11 14:42:18.0544|20601|WARN|Microsoft.EntityFrameworkCore.Model.Validation|The 'bool' property 'InHouse' on entity type 'Match' is configured with a database-generated default. This default will always be used for inserts when the property has the value 'false', since this is the CLR default for the 'bool' type. Consider using the nullable 'bool?' type instead so that the default will only be used for inserts when the property value is 'null'. 
2021-12-11 14:42:18.1514|20601|WARN|Microsoft.EntityFrameworkCore.Model.Validation|The 'bool' property 'HasOwnStadium' on entity type 'SportClub' is configured with a database-generated default. This default will always be used for inserts when the property has the value 'false', since this is the CLR default for the 'bool' type. Consider using the nullable 'bool?' type instead so that the default will only be used for inserts when the property value is 'null'. 
2021-12-11 14:42:18.1514|20601|WARN|Microsoft.EntityFrameworkCore.Model.Validation|The 'bool' property 'IsActive' on entity type 'User' is configured with a database-generated default. This default will always be used for inserts when the property has the value 'false', since this is the CLR default for the 'bool' type. Consider using the nullable 'bool?' type instead so that the default will only be used for inserts when the property value is 'null'. 
2021-12-11 14:42:19.8799||INFO|Microsoft.Hosting.Lifetime|Application started. Press Ctrl+C to shut down. 
2021-12-11 14:42:19.9035||INFO|Microsoft.Hosting.Lifetime|Hosting environment: Development 
2021-12-11 14:42:19.9426||INFO|Microsoft.Hosting.Lifetime|Content root path: C:\Users\Dell\Desktop\c#\SportAPI\SportAPI 
2021-12-11 14:42:31.5922||INFO|SportAPI.Middlewares.RequestResponseLoggingMiddleware|Request from 127.0.0.1(kubernetes.docker.internal): GET https://localhost:44377/api/Address <no request body> 
2021-12-11 14:42:32.0216||INFO|SportAPI.Sport.Services.AddressService|Display all the addresses 
2021-12-11 14:42:32.2737||INFO|SportAPI.Middlewares.RequestResponseLoggingMiddleware|Request handled in 670 ms with response 200: [{"id":7,"city":"Poznań","street":"Bułgarska 13","postalCode":"63-091","sportClubName":null,"name":null},{"id":8,"city":"Warszawa","street":"Łazienkowska 3","postalCode":"11-321","sportClubName":null,"name":null},{"id":9,"city":"Łódź","street":"Aleja Piłsudkiego","postalCode":"44","sportClubName":null,"name":null}] 
2021-12-11 15:05:10.0885|20601|WARN|Microsoft.EntityFrameworkCore.Model.Validation|The 'bool' property 'InHouse' on entity type 'Match' is configured with a database-generated default. This default will always be used for inserts when the property has the value 'false', since this is the CLR default for the 'bool' type. Consider using the nullable 'bool?' type instead so that the default will only be used for inserts when the property value is 'null'. 
2021-12-11 15:05:10.1996|20601|WARN|Microsoft.EntityFrameworkCore.Model.Validation|The 'bool' property 'HasOwnStadium' on entity type 'SportClub' is configured with a database-generated default. This default will always be used for inserts when the property has the value 'false', since this is the CLR default for the 'bool' type. Consider using the nullable 'bool?' type instead so that the default will only be used for inserts when the property value is 'null'. 
2021-12-11 15:05:10.2122|20601|WARN|Microsoft.EntityFrameworkCore.Model.Validation|The 'bool' property 'IsActive' on entity type 'User' is configured with a database-generated default. This default will always be used for inserts when the property has the value 'false', since this is the CLR default for the 'bool' type. Consider using the nullable 'bool?' type instead so that the default will only be used for inserts when the property value is 'null'. 
2021-12-11 15:05:11.9103||INFO|Microsoft.Hosting.Lifetime|Application started. Press Ctrl+C to shut down. 
2021-12-11 15:05:11.9144||INFO|Microsoft.Hosting.Lifetime|Hosting environment: Development 
2021-12-11 15:05:11.9144||INFO|Microsoft.Hosting.Lifetime|Content root path: C:\Users\Dell\Desktop\c#\SportAPI\SportAPI 
2021-12-11 15:05:31.1565||INFO|SportAPI.Middlewares.RequestResponseLoggingMiddleware|Request from 127.0.0.1(kubernetes.docker.internal): GET https://localhost:44377/api/Address/7 <no request body> 
2021-12-11 15:05:31.7624||INFO|SportAPI.Sport.Services.AddressService|Display address with 7 
2021-12-11 15:05:32.1793||INFO|SportAPI.Middlewares.RequestResponseLoggingMiddleware|Request handled in 1000 ms with response 200: {"id":7,"city":"Poznań","street":"Bułgarska 13","postalCode":"63-091","sportClubName":null,"name":null} 
2021-12-11 16:39:46.3733|20601|WARN|Microsoft.EntityFrameworkCore.Model.Validation|The 'bool' property 'InHouse' on entity type 'Match' is configured with a database-generated default. This default will always be used for inserts when the property has the value 'false', since this is the CLR default for the 'bool' type. Consider using the nullable 'bool?' type instead so that the default will only be used for inserts when the property value is 'null'. 
2021-12-11 16:39:46.4113|20601|WARN|Microsoft.EntityFrameworkCore.Model.Validation|The 'bool' property 'HasOwnStadium' on entity type 'SportClub' is configured with a database-generated default. This default will always be used for inserts when the property has the value 'false', since this is the CLR default for the 'bool' type. Consider using the nullable 'bool?' type instead so that the default will only be used for inserts when the property value is 'null'. 
2021-12-11 16:39:46.4134|20601|WARN|Microsoft.EntityFrameworkCore.Model.Validation|The 'bool' property 'IsActive' on entity type 'User' is configured with a database-generated default. This default will always be used for inserts when the property has the value 'false', since this is the CLR default for the 'bool' type. Consider using the nullable 'bool?' type instead so that the default will only be used for inserts when the property value is 'null'. 
2021-12-11 16:39:47.3174||INFO|Microsoft.Hosting.Lifetime|Now listening on: https://localhost:5001 
2021-12-11 16:39:47.3174||INFO|Microsoft.Hosting.Lifetime|Now listening on: http://localhost:5000 
2021-12-11 16:39:47.3200||INFO|Microsoft.Hosting.Lifetime|Application started. Press Ctrl+C to shut down. 
2021-12-11 16:39:47.3200||INFO|Microsoft.Hosting.Lifetime|Hosting environment: Development 
2021-12-11 16:39:47.3200||INFO|Microsoft.Hosting.Lifetime|Content root path: C:\Users\Dell\Desktop\c#\SportAPI\SportAPI 
2021-12-11 16:40:54.8790||INFO|Microsoft.Hosting.Lifetime|Application is shutting down... 
2021-12-11 17:09:03.2593|20601|WARN|Microsoft.EntityFrameworkCore.Model.Validation|The 'bool' property 'InHouse' on entity type 'Match' is configured with a database-generated default. This default will always be used for inserts when the property has the value 'false', since this is the CLR default for the 'bool' type. Consider using the nullable 'bool?' type instead so that the default will only be used for inserts when the property value is 'null'. 
2021-12-11 17:09:03.3257|20601|WARN|Microsoft.EntityFrameworkCore.Model.Validation|The 'bool' property 'HasOwnStadium' on entity type 'SportClub' is configured with a database-generated default. This default will always be used for inserts when the property has the value 'false', since this is the CLR default for the 'bool' type. Consider using the nullable 'bool?' type instead so that the default will only be used for inserts when the property value is 'null'. 
2021-12-11 17:09:03.3372|20601|WARN|Microsoft.EntityFrameworkCore.Model.Validation|The 'bool' property 'IsActive' on entity type 'User' is configured with a database-generated default. This default will always be used for inserts when the property has the value 'false', since this is the CLR default for the 'bool' type. Consider using the nullable 'bool?' type instead so that the default will only be used for inserts when the property value is 'null'. 
2021-12-11 17:09:04.8887||INFO|Microsoft.Hosting.Lifetime|Application started. Press Ctrl+C to shut down. 
2021-12-11 17:09:04.8991||INFO|Microsoft.Hosting.Lifetime|Hosting environment: Development 
2021-12-11 17:09:04.8991||INFO|Microsoft.Hosting.Lifetime|Content root path: C:\Users\Dell\Desktop\c#\SportAPI\SportAPI 
2021-12-11 17:10:07.0443||INFO|SportAPI.Middlewares.RequestResponseLoggingMiddleware|Request from 127.0.0.1(kubernetes.docker.internal): POST https://localhost:44377/api/SportClub {"sportClubName":"KKS Kalisz","description":"Kaliski Klub Sportowy","category":"string","hasOwnStadium":true,"contactEmail":"string","contactNumber":"string","city":"string","street":"string","postalCode":"string","firstName":"string","lastName":"string","login":"string","password":"string"} 
2021-12-11 17:10:07.5375||INFO|SportAPI.Sport.Services.SportClubService|Creating a new sport club in this database 
2021-12-11 17:10:59.7973||ERROR|SportAPI.Middlewares.ErrorHandlingMiddleware|Missing type map configuration or unsupported mapping.

Mapping types:
Object -> SportClub
System.Object -> SportAPI.Sport.Models.SportClub AutoMapper.AutoMapperMappingException: Missing type map configuration or unsupported mapping.

Mapping types:
Object -> SportClub
System.Object -> SportAPI.Sport.Models.SportClub
   at lambda_method21(Closure , Object , SportClub , ResolutionContext )
   at SportAPI.Sport.Services.SportClubService.Create(CreateSportClubDto dto) in C:\Users\Dell\Desktop\c#\SportAPI\SportAPI\Sport\Services\SportClubService.cs:line 34
   at SportAPI.Sport.Controllers.SportClubController.Create(CreateSportClubDto dto) in C:\Users\Dell\Desktop\c#\SportAPI\SportAPI\Sport\Controllers\SportClubController.cs:line 82
   at lambda_method16(Closure , Object )
   at Microsoft.AspNetCore.Mvc.Infrastructure.ActionMethodExecutor.AwaitableObjectResultExecutor.Execute(IActionResultTypeMapper mapper, ObjectMethodExecutor executor, Object controller, Object[] arguments)
   at Microsoft.AspNetCore.Mvc.Infrastructure.ControllerActionInvoker.<InvokeActionMethodAsync>g__Awaited|12_0(ControllerActionInvoker invoker, ValueTask`1 actionResultValueTask)
   at Microsoft.AspNetCore.Mvc.Infrastructure.ControllerActionInvoker.<InvokeNextActionFilterAsync>g__Awaited|10_0(ControllerActionInvoker invoker, Task lastTask, State next, Scope scope, Object state, Boolean isCompleted)
   at Microsoft.AspNetCore.Mvc.Infrastructure.ControllerActionInvoker.Rethrow(ActionExecutedContextSealed context)
   at Microsoft.AspNetCore.Mvc.Infrastructure.ControllerActionInvoker.Next(State& next, Scope& scope, Object& state, Boolean& isCompleted)
   at Microsoft.AspNetCore.Mvc.Infrastructure.ControllerActionInvoker.InvokeInnerFilterAsync()
--- End of stack trace from previous location ---
   at Microsoft.AspNetCore.Mvc.Infrastructure.ResourceInvoker.<InvokeFilterPipelineAsync>g__Awaited|19_0(ResourceInvoker invoker, Task lastTask, State next, Scope scope, Object state, Boolean isCompleted)
   at Microsoft.AspNetCore.Mvc.Infrastructure.ResourceInvoker.<InvokeAsync>g__Awaited|17_0(ResourceInvoker invoker, Task task, IDisposable scope)
   at Microsoft.AspNetCore.Routing.EndpointMiddleware.<Invoke>g__AwaitRequestTask|6_0(Endpoint endpoint, Task requestTask, ILogger logger)
   at Microsoft.AspNetCore.Authorization.AuthorizationMiddleware.Invoke(HttpContext context)
   at SportAPI.Middlewares.RequestResponseLoggingMiddleware.Invoke(HttpContext context) in C:\Users\Dell\Desktop\c#\SportAPI\SportAPI\Middlewares\RequestResponseLoggingMiddleware.cs:line 36
   at SportAPI.Middlewares.RequestResponseLoggingMiddleware.Invoke(HttpContext context) in C:\Users\Dell\Desktop\c#\SportAPI\SportAPI\Middlewares\RequestResponseLoggingMiddleware.cs:line 42
   at SportAPI.Middlewares.RequestResponseLoggingMiddleware.Invoke(HttpContext context) in C:\Users\Dell\Desktop\c#\SportAPI\SportAPI\Middlewares\RequestResponseLoggingMiddleware.cs:line 42
   at SportAPI.Middlewares.RequestTimeMiddleware.InvokeAsync(HttpContext context, RequestDelegate next) in C:\Users\Dell\Desktop\c#\SportAPI\SportAPI\Middlewares\RequestTimeMiddleware.cs:line 21
   at Microsoft.AspNetCore.Builder.UseMiddlewareExtensions.<>c__DisplayClass6_1.<<UseMiddlewareInterface>b__1>d.MoveNext()
--- End of stack trace from previous location ---
   at SportAPI.Middlewares.ErrorHandlingMiddleware.InvokeAsync(HttpContext context, RequestDelegate next) in C:\Users\Dell\Desktop\c#\SportAPI\SportAPI\Middlewares\ErrorHanglindMiddleware.cs:line 23
2021-12-11 17:11:00.0053|1|ERROR|Microsoft.AspNetCore.Diagnostics.DeveloperExceptionPageMiddleware|An unhandled exception has occurred while executing the request. System.ObjectDisposedException: Cannot access a closed Stream.
   at System.IO.MemoryStream.Write(Byte[] buffer, Int32 offset, Int32 count)
   at System.IO.MemoryStream.WriteAsync(ReadOnlyMemory`1 buffer, CancellationToken cancellationToken)
--- End of stack trace from previous location ---
   at System.IO.Pipelines.StreamPipeWriter.FlushAsyncInternal(Boolean writeToStream, CancellationToken cancellationToken)
   at SportAPI.Middlewares.ErrorHandlingMiddleware.InvokeAsync(HttpContext context, RequestDelegate next) in C:\Users\Dell\Desktop\c#\SportAPI\SportAPI\Middlewares\ErrorHanglindMiddleware.cs:line 35
   at Microsoft.AspNetCore.Builder.UseMiddlewareExtensions.<>c__DisplayClass6_1.<<UseMiddlewareInterface>b__1>d.MoveNext()
--- End of stack trace from previous location ---
   at SportAPI.Sport.UserMiddlewares.SportTokenAuthMiddleware.Invoke(HttpContext context) in C:\Users\Dell\Desktop\c#\SportAPI\SportAPI\Sport\UserMiddlewares\SportTokenAuthMiddleware.cs:line 50
   at Swashbuckle.AspNetCore.SwaggerUI.SwaggerUIMiddleware.Invoke(HttpContext httpContext)
   at Swashbuckle.AspNetCore.Swagger.SwaggerMiddleware.Invoke(HttpContext httpContext, ISwaggerProvider swaggerProvider)
   at Microsoft.AspNetCore.Diagnostics.DeveloperExceptionPageMiddleware.Invoke(HttpContext context)
2021-12-11 17:11:00.0397|3|ERROR|Microsoft.AspNetCore.Diagnostics.DeveloperExceptionPageMiddleware|An exception was thrown attempting to display the error page. System.ObjectDisposedException: Cannot access a closed Stream.
   at System.IO.MemoryStream.Write(Byte[] buffer, Int32 offset, Int32 count)
   at System.IO.MemoryStream.WriteAsync(ReadOnlyMemory`1 buffer, CancellationToken cancellationToken)
--- End of stack trace from previous location ---
   at System.IO.Pipelines.StreamPipeWriter.FlushAsyncInternal(Boolean writeToStream, CancellationToken cancellationToken)
   at Microsoft.AspNetCore.Diagnostics.DeveloperExceptionPageMiddleware.Invoke(HttpContext context)
2021-12-11 17:11:00.0590|2|ERROR|Microsoft.AspNetCore.Server.IIS.Core.IISHttpServer|Connection ID "18230571293206380596", Request ID "80000035-0000-fd00-b63f-84710c7967bb": An unhandled exception was thrown by the application. System.ObjectDisposedException: Cannot access a closed Stream.
   at System.IO.MemoryStream.Write(Byte[] buffer, Int32 offset, Int32 count)
   at System.IO.MemoryStream.WriteAsync(ReadOnlyMemory`1 buffer, CancellationToken cancellationToken)
--- End of stack trace from previous location ---
   at System.IO.Pipelines.StreamPipeWriter.FlushAsyncInternal(Boolean writeToStream, CancellationToken cancellationToken)
   at SportAPI.Middlewares.ErrorHandlingMiddleware.InvokeAsync(HttpContext context, RequestDelegate next) in C:\Users\Dell\Desktop\c#\SportAPI\SportAPI\Middlewares\ErrorHanglindMiddleware.cs:line 35
   at Microsoft.AspNetCore.Builder.UseMiddlewareExtensions.<>c__DisplayClass6_1.<<UseMiddlewareInterface>b__1>d.MoveNext()
--- End of stack trace from previous location ---
   at SportAPI.Sport.UserMiddlewares.SportTokenAuthMiddleware.Invoke(HttpContext context) in C:\Users\Dell\Desktop\c#\SportAPI\SportAPI\Sport\UserMiddlewares\SportTokenAuthMiddleware.cs:line 50
   at Swashbuckle.AspNetCore.SwaggerUI.SwaggerUIMiddleware.Invoke(HttpContext httpContext)
   at Swashbuckle.AspNetCore.Swagger.SwaggerMiddleware.Invoke(HttpContext httpContext, ISwaggerProvider swaggerProvider)
   at Microsoft.AspNetCore.Diagnostics.DeveloperExceptionPageMiddleware.Invoke(HttpContext context)
   at Microsoft.AspNetCore.Diagnostics.DeveloperExceptionPageMiddleware.Invoke(HttpContext context)
   at Microsoft.AspNetCore.Server.IIS.Core.IISHttpContextOfT`1.ProcessRequestAsync()
2021-12-11 17:11:06.3018||INFO|SportAPI.Middlewares.RequestResponseLoggingMiddleware|Request from 127.0.0.1(kubernetes.docker.internal): POST https://localhost:44377/api/SportClub {"sportClubName":"KKS Kalisz","description":"Kaliski Klub Sportowy","category":"string","hasOwnStadium":true,"contactEmail":"string","contactNumber":"string","city":"string","street":"string","postalCode":"string","firstName":"string","lastName":"string","login":"string","password":"string"} 
2021-12-11 17:11:06.3109||INFO|SportAPI.Sport.Services.SportClubService|Creating a new sport club in this database 
2021-12-11 17:15:17.1074||ERROR|SportAPI.Middlewares.ErrorHandlingMiddleware|Missing type map configuration or unsupported mapping.

Mapping types:
Object -> SportClub
System.Object -> SportAPI.Sport.Models.SportClub AutoMapper.AutoMapperMappingException: Missing type map configuration or unsupported mapping.

Mapping types:
Object -> SportClub
System.Object -> SportAPI.Sport.Models.SportClub
   at lambda_method21(Closure , Object , SportClub , ResolutionContext )
   at SportAPI.Sport.Services.SportClubService.Create(CreateSportClubDto dto) in C:\Users\Dell\Desktop\c#\SportAPI\SportAPI\Sport\Services\SportClubService.cs:line 34
   at SportAPI.Sport.Controllers.SportClubController.Create(CreateSportClubDto dto) in C:\Users\Dell\Desktop\c#\SportAPI\SportAPI\Sport\Controllers\SportClubController.cs:line 82
   at lambda_method16(Closure , Object )
   at Microsoft.AspNetCore.Mvc.Infrastructure.ActionMethodExecutor.AwaitableObjectResultExecutor.Execute(IActionResultTypeMapper mapper, ObjectMethodExecutor executor, Object controller, Object[] arguments)
   at Microsoft.AspNetCore.Mvc.Infrastructure.ControllerActionInvoker.<InvokeActionMethodAsync>g__Awaited|12_0(ControllerActionInvoker invoker, ValueTask`1 actionResultValueTask)
   at Microsoft.AspNetCore.Mvc.Infrastructure.ControllerActionInvoker.<InvokeNextActionFilterAsync>g__Awaited|10_0(ControllerActionInvoker invoker, Task lastTask, State next, Scope scope, Object state, Boolean isCompleted)
   at Microsoft.AspNetCore.Mvc.Infrastructure.ControllerActionInvoker.Rethrow(ActionExecutedContextSealed context)
   at Microsoft.AspNetCore.Mvc.Infrastructure.ControllerActionInvoker.Next(State& next, Scope& scope, Object& state, Boolean& isCompleted)
   at Microsoft.AspNetCore.Mvc.Infrastructure.ControllerActionInvoker.InvokeInnerFilterAsync()
--- End of stack trace from previous location ---
   at Microsoft.AspNetCore.Mvc.Infrastructure.ResourceInvoker.<InvokeFilterPipelineAsync>g__Awaited|19_0(ResourceInvoker invoker, Task lastTask, State next, Scope scope, Object state, Boolean isCompleted)
   at Microsoft.AspNetCore.Mvc.Infrastructure.ResourceInvoker.<InvokeAsync>g__Awaited|17_0(ResourceInvoker invoker, Task task, IDisposable scope)
   at Microsoft.AspNetCore.Routing.EndpointMiddleware.<Invoke>g__AwaitRequestTask|6_0(Endpoint endpoint, Task requestTask, ILogger logger)
   at Microsoft.AspNetCore.Authorization.AuthorizationMiddleware.Invoke(HttpContext context)
   at SportAPI.Middlewares.RequestResponseLoggingMiddleware.Invoke(HttpContext context) in C:\Users\Dell\Desktop\c#\SportAPI\SportAPI\Middlewares\RequestResponseLoggingMiddleware.cs:line 36
   at SportAPI.Middlewares.RequestResponseLoggingMiddleware.Invoke(HttpContext context) in C:\Users\Dell\Desktop\c#\SportAPI\SportAPI\Middlewares\RequestResponseLoggingMiddleware.cs:line 42
   at SportAPI.Middlewares.RequestResponseLoggingMiddleware.Invoke(HttpContext context) in C:\Users\Dell\Desktop\c#\SportAPI\SportAPI\Middlewares\RequestResponseLoggingMiddleware.cs:line 42
   at SportAPI.Middlewares.RequestTimeMiddleware.InvokeAsync(HttpContext context, RequestDelegate next) in C:\Users\Dell\Desktop\c#\SportAPI\SportAPI\Middlewares\RequestTimeMiddleware.cs:line 21
   at Microsoft.AspNetCore.Builder.UseMiddlewareExtensions.<>c__DisplayClass6_1.<<UseMiddlewareInterface>b__1>d.MoveNext()
--- End of stack trace from previous location ---
   at SportAPI.Middlewares.ErrorHandlingMiddleware.InvokeAsync(HttpContext context, RequestDelegate next) in C:\Users\Dell\Desktop\c#\SportAPI\SportAPI\Middlewares\ErrorHanglindMiddleware.cs:line 23
2021-12-11 17:22:00.2172|20601|WARN|Microsoft.EntityFrameworkCore.Model.Validation|The 'bool' property 'InHouse' on entity type 'Match' is configured with a database-generated default. This default will always be used for inserts when the property has the value 'false', since this is the CLR default for the 'bool' type. Consider using the nullable 'bool?' type instead so that the default will only be used for inserts when the property value is 'null'. 
2021-12-11 17:22:00.2842|20601|WARN|Microsoft.EntityFrameworkCore.Model.Validation|The 'bool' property 'HasOwnStadium' on entity type 'SportClub' is configured with a database-generated default. This default will always be used for inserts when the property has the value 'false', since this is the CLR default for the 'bool' type. Consider using the nullable 'bool?' type instead so that the default will only be used for inserts when the property value is 'null'. 
2021-12-11 17:22:00.2842|20601|WARN|Microsoft.EntityFrameworkCore.Model.Validation|The 'bool' property 'IsActive' on entity type 'User' is configured with a database-generated default. This default will always be used for inserts when the property has the value 'false', since this is the CLR default for the 'bool' type. Consider using the nullable 'bool?' type instead so that the default will only be used for inserts when the property value is 'null'. 
2021-12-11 17:22:01.6239||INFO|Microsoft.Hosting.Lifetime|Application started. Press Ctrl+C to shut down. 
2021-12-11 17:22:01.6239||INFO|Microsoft.Hosting.Lifetime|Hosting environment: Development 
2021-12-11 17:22:01.6239||INFO|Microsoft.Hosting.Lifetime|Content root path: C:\Users\Dell\Desktop\c#\SportAPI\SportAPI 
2021-12-11 17:22:13.5058|20601|WARN|Microsoft.EntityFrameworkCore.Model.Validation|The 'bool' property 'InHouse' on entity type 'Match' is configured with a database-generated default. This default will always be used for inserts when the property has the value 'false', since this is the CLR default for the 'bool' type. Consider using the nullable 'bool?' type instead so that the default will only be used for inserts when the property value is 'null'. 
2021-12-11 17:22:13.5813|20601|WARN|Microsoft.EntityFrameworkCore.Model.Validation|The 'bool' property 'HasOwnStadium' on entity type 'SportClub' is configured with a database-generated default. This default will always be used for inserts when the property has the value 'false', since this is the CLR default for the 'bool' type. Consider using the nullable 'bool?' type instead so that the default will only be used for inserts when the property value is 'null'. 
2021-12-11 17:22:13.5925|20601|WARN|Microsoft.EntityFrameworkCore.Model.Validation|The 'bool' property 'IsActive' on entity type 'User' is configured with a database-generated default. This default will always be used for inserts when the property has the value 'false', since this is the CLR default for the 'bool' type. Consider using the nullable 'bool?' type instead so that the default will only be used for inserts when the property value is 'null'. 
2021-12-11 17:22:15.4544||INFO|Microsoft.Hosting.Lifetime|Application started. Press Ctrl+C to shut down. 
2021-12-11 17:22:15.4544||INFO|Microsoft.Hosting.Lifetime|Hosting environment: Development 
2021-12-11 17:22:15.4649||INFO|Microsoft.Hosting.Lifetime|Content root path: C:\Users\Dell\Desktop\c#\SportAPI\SportAPI 
2021-12-11 17:22:40.9917||INFO|SportAPI.Middlewares.RequestResponseLoggingMiddleware|Request from 127.0.0.1(kubernetes.docker.internal): POST https://localhost:44377/api/SportClub {"sportClubName":"string","description":"string","category":"string","hasOwnStadium":true,"contactEmail":"string","contactNumber":"string","city":"string","street":"string","postalCode":"string","firstName":"string","lastName":"string","login":"string","password":"string"} 
2021-12-11 17:22:41.4885||INFO|SportAPI.Sport.Services.SportClubService|Creating a new sport club in this database 
2021-12-11 17:23:04.7555||ERROR|SportAPI.Middlewares.ErrorHandlingMiddleware|Missing type map configuration or unsupported mapping.

Mapping types:
Object -> SportClub
System.Object -> SportAPI.Sport.Models.SportClub AutoMapper.AutoMapperMappingException: Missing type map configuration or unsupported mapping.

Mapping types:
Object -> SportClub
System.Object -> SportAPI.Sport.Models.SportClub
   at lambda_method21(Closure , Object , SportClub , ResolutionContext )
   at SportAPI.Sport.Services.SportClubService.Create(CreateSportClubDto dto) in C:\Users\Dell\Desktop\c#\SportAPI\SportAPI\Sport\Services\SportClubService.cs:line 34
   at SportAPI.Sport.Controllers.SportClubController.Create(CreateSportClubDto dto) in C:\Users\Dell\Desktop\c#\SportAPI\SportAPI\Sport\Controllers\SportClubController.cs:line 82
   at lambda_method16(Closure , Object )
   at Microsoft.AspNetCore.Mvc.Infrastructure.ActionMethodExecutor.AwaitableObjectResultExecutor.Execute(IActionResultTypeMapper mapper, ObjectMethodExecutor executor, Object controller, Object[] arguments)
   at Microsoft.AspNetCore.Mvc.Infrastructure.ControllerActionInvoker.<InvokeActionMethodAsync>g__Awaited|12_0(ControllerActionInvoker invoker, ValueTask`1 actionResultValueTask)
   at Microsoft.AspNetCore.Mvc.Infrastructure.ControllerActionInvoker.<InvokeNextActionFilterAsync>g__Awaited|10_0(ControllerActionInvoker invoker, Task lastTask, State next, Scope scope, Object state, Boolean isCompleted)
   at Microsoft.AspNetCore.Mvc.Infrastructure.ControllerActionInvoker.Rethrow(ActionExecutedContextSealed context)
   at Microsoft.AspNetCore.Mvc.Infrastructure.ControllerActionInvoker.Next(State& next, Scope& scope, Object& state, Boolean& isCompleted)
   at Microsoft.AspNetCore.Mvc.Infrastructure.ControllerActionInvoker.InvokeInnerFilterAsync()
--- End of stack trace from previous location ---
   at Microsoft.AspNetCore.Mvc.Infrastructure.ResourceInvoker.<InvokeFilterPipelineAsync>g__Awaited|19_0(ResourceInvoker invoker, Task lastTask, State next, Scope scope, Object state, Boolean isCompleted)
   at Microsoft.AspNetCore.Mvc.Infrastructure.ResourceInvoker.<InvokeAsync>g__Awaited|17_0(ResourceInvoker invoker, Task task, IDisposable scope)
   at Microsoft.AspNetCore.Routing.EndpointMiddleware.<Invoke>g__AwaitRequestTask|6_0(Endpoint endpoint, Task requestTask, ILogger logger)
   at Microsoft.AspNetCore.Authorization.AuthorizationMiddleware.Invoke(HttpContext context)
   at SportAPI.Middlewares.RequestResponseLoggingMiddleware.Invoke(HttpContext context) in C:\Users\Dell\Desktop\c#\SportAPI\SportAPI\Middlewares\RequestResponseLoggingMiddleware.cs:line 36
   at SportAPI.Middlewares.RequestResponseLoggingMiddleware.Invoke(HttpContext context) in C:\Users\Dell\Desktop\c#\SportAPI\SportAPI\Middlewares\RequestResponseLoggingMiddleware.cs:line 42
   at SportAPI.Middlewares.RequestResponseLoggingMiddleware.Invoke(HttpContext context) in C:\Users\Dell\Desktop\c#\SportAPI\SportAPI\Middlewares\RequestResponseLoggingMiddleware.cs:line 42
   at SportAPI.Middlewares.RequestTimeMiddleware.InvokeAsync(HttpContext context, RequestDelegate next) in C:\Users\Dell\Desktop\c#\SportAPI\SportAPI\Middlewares\RequestTimeMiddleware.cs:line 21
   at Microsoft.AspNetCore.Builder.UseMiddlewareExtensions.<>c__DisplayClass6_1.<<UseMiddlewareInterface>b__1>d.MoveNext()
--- End of stack trace from previous location ---
   at SportAPI.Middlewares.ErrorHandlingMiddleware.InvokeAsync(HttpContext context, RequestDelegate next) in C:\Users\Dell\Desktop\c#\SportAPI\SportAPI\Middlewares\ErrorHanglindMiddleware.cs:line 23
2021-12-11 17:51:45.2049|20601|WARN|Microsoft.EntityFrameworkCore.Model.Validation|The 'bool' property 'InHouse' on entity type 'Match' is configured with a database-generated default. This default will always be used for inserts when the property has the value 'false', since this is the CLR default for the 'bool' type. Consider using the nullable 'bool?' type instead so that the default will only be used for inserts when the property value is 'null'. 
2021-12-11 17:51:45.2714|20601|WARN|Microsoft.EntityFrameworkCore.Model.Validation|The 'bool' property 'HasOwnStadium' on entity type 'SportClub' is configured with a database-generated default. This default will always be used for inserts when the property has the value 'false', since this is the CLR default for the 'bool' type. Consider using the nullable 'bool?' type instead so that the default will only be used for inserts when the property value is 'null'. 
2021-12-11 17:51:45.2762|20601|WARN|Microsoft.EntityFrameworkCore.Model.Validation|The 'bool' property 'IsActive' on entity type 'User' is configured with a database-generated default. This default will always be used for inserts when the property has the value 'false', since this is the CLR default for the 'bool' type. Consider using the nullable 'bool?' type instead so that the default will only be used for inserts when the property value is 'null'. 
2021-12-11 17:51:46.9190||INFO|Microsoft.Hosting.Lifetime|Application started. Press Ctrl+C to shut down. 
2021-12-11 17:51:46.9297||INFO|Microsoft.Hosting.Lifetime|Hosting environment: Development 
2021-12-11 17:51:46.9297||INFO|Microsoft.Hosting.Lifetime|Content root path: C:\Users\Dell\Desktop\c#\SportAPI\SportAPI 
2021-12-11 17:54:27.9235||INFO|SportAPI.Middlewares.RequestResponseLoggingMiddleware|Request from 127.0.0.1(kubernetes.docker.internal): POST https://localhost:44377/api/SportClub {"sportClubName":"KKS 1925 Kalisz","description":"KKS Kalisz, Kaliski Klub Sportowy","category":"Klub Piłki Nożnej","hasOwnStadium":true,"contactEmail":"kkskalisz@gmail.com","contactNumber":"+48 50 45 67 908","city":"Kalisz","street":"Łódzka 243","postalCode":"87-908","firstName":"Marcin","lastName":"Janicki","login":"marcin.janicki","password":"marcinjanicki2345"} 
2021-12-11 17:54:28.4517||INFO|SportAPI.Sport.Services.SportClubService|Creating a new sport club in this database 
2021-12-11 17:54:29.1263||INFO|SportAPI.Middlewares.RequestResponseLoggingMiddleware|Request handled in 1196 ms with response 201: <no response body> 
2021-12-11 17:54:54.3225||INFO|SportAPI.Middlewares.RequestResponseLoggingMiddleware|Request from 127.0.0.1(kubernetes.docker.internal): GET https://localhost:44377/api/SportClub <no request body> 
2021-12-11 17:54:54.3397||INFO|SportAPI.Sport.Services.SportClubService|Getting All the Sport Clubs available in this database 
2021-12-11 17:54:54.5938|20504|WARN|Microsoft.EntityFrameworkCore.Query|Compiling a query which loads related collections for more than one collection navigation either via 'Include' or through projection but no 'QuerySplittingBehavior' has been configured. By default Entity Framework will use 'QuerySplittingBehavior.SingleQuery' which can potentially result in slow query performance. See https://go.microsoft.com/fwlink/?linkid=2134277 for more information. To identify the query that's triggering this warning call 'ConfigureWarnings(w => w.Throw(RelationalEventId.MultipleCollectionIncludeWarning))' 
2021-12-11 17:54:54.9075||INFO|SportAPI.Middlewares.RequestResponseLoggingMiddleware|Request handled in 576 ms with response 200: [{"id":7,"sportClubName":"KKS Lech Poznań","description":"Polski klub założony w 1922 roku na poznańskim zebraniu kolejarzy na ulicy Bułgarskiej, gdzie dzisiaj znajduje się stadion","category":"Klub Piłki Nożnej","hasOwnStadium":true,"contactEmail":"kkslechpoznan@kolejorz.com","contactNumber":"+48 61 98 34 091","city":null,"street":null,"postalCode":null,"firstName":null,"lastName":null,"login":null,"password":null,"players":[{"id":50,"name":"Alan","surname":"Czerwiński","pesel":"93111209483","phoneNumber":"+48 903 432 810","nationality":"Polska","emailAddress":"alan.czerwinski@wp.pl","betterFoot":1,"position":"Obrońca","sportClubName":null},{"id":51,"name":"Pedro","surname":"Tiba","pesel":"87061049034","phoneNumber":"+48 707 400 481","nationality":"Portugalia","emailAddress":"pedro.tiba@wp.pl","betterFoot":1,"position":"Pomocnik","sportClubName":null},{"id":53,"name":"Mikael","surname":"Ishak","pesel":"90040590839","phoneNumber":"+48 783 321 666","nationality":"Szwecja","emailAddress":"mikael.ishak@gmail.com","betterFoot":1,"position":"Napastnik","sportClubName":null},{"id":54,"name":"Barry","surname":"Douglas","pesel":"89060783746","phoneNumber":"+48 771 321 222","nationality":"Szkocja","emailAddress":"barry.douglas@onet.pl","betterFoot":0,"position":"Obrońca","sportClubName":null},{"id":55,"name":"Antonio","surname":"Milić","pesel":"92020285734","phoneNumber":"+48 504 657 435","nationality":"Serbia","emailAddress":"antonio.milic@gmail.com","betterFoot":0,"position":"Obrońca","sportClubName":null},{"id":56,"name":"Filip","surname":"Bednarek","pesel":"91081992834","phoneNumber":"+48 609 777 432","nationality":"Polska","emailAddress":"filip.bednarek@onet.pl","betterFoot":1,"position":"Bramkarz","sportClubName":null},{"id":57,"name":"Adrien","surname":"Ba Loua","pesel":"95111198478","phoneNumber":"+48 606 183 301","nationality":"Wybrzeże Kości Słoniowej","emailAddress":"adrien.baloua@gmail.com","betterFoot":0,"position":"Pomocnik","sportClubName":null},{"id":58,"name":"Michał","surname":"Skóraś","pesel":"00019283701","phoneNumber":"+48 790 981 003","nationality":"Polska","emailAddress":"michal.skoras@gmail.com","betterFoot":1,"position":"Pomocnik","sportClubName":null},{"id":59,"name":"Jakub","surname":"Kamiński","pesel":"03121298467","phoneNumber":"+48 506 666 712","nationality":"Polska","emailAddress":"jakub.kaminski@wp.pl","betterFoot":1,"position":"Pomocnik","sportClubName":null}],"trainings":[{"id":20,"name":"Trening Siłowy","description":"Trening, który odbywa się na hali sportowej, w którym zawodnicy wykonują ćwiczenia siłowe","timeOfTraining":"2021-11-24T08:45:00","sportClubName":null},{"id":21,"name":"Trening Biegowy","description":"Trening, który odbywa się w terenie, lub na bieżni, w którym zawodnicy wykonują biegi na różnych dystansach","timeOfTraining":"2021-11-25T09:20:00","sportClubName":null},{"id":23,"name":"Trening Strzelecki","description":"Trening, który odbywa się na boisku treningowym, w którym zawodnicy grający w polu strzelają bramkarzom z różnych pozycji na boisku","timeOfTraining":"2021-11-24T08:45:00","sportClubName":null}],"matches":[{"id":19,"teamOne":"Lech Poznań","teamTwo":"Legia Warszawa","inHouse":true,"dateOfMatch":"2021-12-10T09:47:54.653","sportClubName":null},{"id":20,"teamOne":"Wisła Kraków","teamTwo":"Lech Poznań","inHouse":true,"dateOfMatch":"2021-11-30T20:45:00","sportClubName":null},{"id":21,"teamOne":"Lech Poznań","teamTwo":"Śląsk Wrocław","inHouse":true,"dateOfMatch":"2021-11-21T18:45:00","sportClubName":null}],"coaches":[{"id":16,"name":"Maciej","surname":"Skorża","pesel":"67081234590","phoneNumber":"+48 607 801 212","emailAddress":"maciej.skorża@wp.pl","cash":"50 000 PLN","sportClubName":null},{"id":17,"name":"Dariusz","surname":"Dudka","pesel":"78010841029","phoneNumber":"+48 500 278 999","emailAddress":"dariusz.dudka@interia.pl","cash":"23 000 PLN","sportClubName":null},{"id":18,"name":"Piotr","surname":"Reiss","pesel":"72052309173","phoneNumber":"+48 782 233 980","emailAddress":"maciej.skorża@wp.pl","cash":"20 000 PLN","sportClubName":null}]},{"id":9,"sportClubName":"KKS 1925 Kalisz","description":"KKS Kalisz, Kaliski Klub Sportowy","category":"Klub Piłki Nożnej","hasOwnStadium":true,"contactEmail":"kkskalisz@gmail.com","contactNumber":"+48 50 45 67 908","city":null,"street":null,"postalCode":null,"firstName":null,"lastName":null,"login":null,"password":null,"players":[],"trainings":[],"matches":[],"coaches":[]}] 
2021-12-11 17:56:00.4927||INFO|SportAPI.Middlewares.RequestResponseLoggingMiddleware|Request from 127.0.0.1(kubernetes.docker.internal): DELETE https://localhost:44377/api/SportClub/7 <no request body> 
2021-12-11 17:56:00.5165||WARN|SportAPI.Sport.Services.SportClubService|Sport Club with id: 7 DELETE action invoked 
2021-12-11 17:56:00.5942||INFO|SportAPI.Middlewares.RequestResponseLoggingMiddleware|Request handled in 97 ms with response 204: <no response body> 
2021-12-11 17:56:19.1972||INFO|SportAPI.Middlewares.RequestResponseLoggingMiddleware|Request from 127.0.0.1(kubernetes.docker.internal): DELETE https://localhost:44377/api/SportClub/9 <no request body> 
2021-12-11 17:56:19.1972||WARN|SportAPI.Sport.Services.SportClubService|Sport Club with id: 9 DELETE action invoked 
2021-12-11 17:56:19.2412||INFO|SportAPI.Middlewares.RequestResponseLoggingMiddleware|Request handled in 38 ms with response 204: <no response body> 
2021-12-11 17:56:23.8745||INFO|SportAPI.Middlewares.RequestResponseLoggingMiddleware|Request from 127.0.0.1(kubernetes.docker.internal): DELETE https://localhost:44377/api/SportClub/8 <no request body> 
2021-12-11 17:56:23.8745||WARN|SportAPI.Sport.Services.SportClubService|Sport Club with id: 8 DELETE action invoked 
2021-12-11 17:56:25.2191|1|ERROR|Microsoft.AspNetCore.Diagnostics.DeveloperExceptionPageMiddleware|An unhandled exception has occurred while executing the request. System.ObjectDisposedException: Cannot access a closed Stream.
   at System.IO.MemoryStream.Write(Byte[] buffer, Int32 offset, Int32 count)
   at System.IO.MemoryStream.WriteAsync(ReadOnlyMemory`1 buffer, CancellationToken cancellationToken)
--- End of stack trace from previous location ---
   at System.IO.Pipelines.StreamPipeWriter.FlushAsyncInternal(Boolean writeToStream, CancellationToken cancellationToken)
   at SportAPI.Middlewares.ErrorHandlingMiddleware.InvokeAsync(HttpContext context, RequestDelegate next) in C:\Users\Dell\Desktop\c#\SportAPI\SportAPI\Middlewares\ErrorHanglindMiddleware.cs:line 28
   at Microsoft.AspNetCore.Builder.UseMiddlewareExtensions.<>c__DisplayClass6_1.<<UseMiddlewareInterface>b__1>d.MoveNext()
--- End of stack trace from previous location ---
   at SportAPI.Sport.UserMiddlewares.SportTokenAuthMiddleware.Invoke(HttpContext context) in C:\Users\Dell\Desktop\c#\SportAPI\SportAPI\Sport\UserMiddlewares\SportTokenAuthMiddleware.cs:line 50
   at Swashbuckle.AspNetCore.SwaggerUI.SwaggerUIMiddleware.Invoke(HttpContext httpContext)
   at Swashbuckle.AspNetCore.Swagger.SwaggerMiddleware.Invoke(HttpContext httpContext, ISwaggerProvider swaggerProvider)
   at Microsoft.AspNetCore.Diagnostics.DeveloperExceptionPageMiddleware.Invoke(HttpContext context)
2021-12-11 17:56:25.2486|3|ERROR|Microsoft.AspNetCore.Diagnostics.DeveloperExceptionPageMiddleware|An exception was thrown attempting to display the error page. System.ObjectDisposedException: Cannot access a closed Stream.
   at System.IO.MemoryStream.Write(Byte[] buffer, Int32 offset, Int32 count)
   at System.IO.MemoryStream.WriteAsync(ReadOnlyMemory`1 buffer, CancellationToken cancellationToken)
--- End of stack trace from previous location ---
   at System.IO.Pipelines.StreamPipeWriter.FlushAsyncInternal(Boolean writeToStream, CancellationToken cancellationToken)
   at Microsoft.AspNetCore.Diagnostics.DeveloperExceptionPageMiddleware.Invoke(HttpContext context)
2021-12-11 17:56:25.2615|2|ERROR|Microsoft.AspNetCore.Server.IIS.Core.IISHttpServer|Connection ID "18374686489872171035", Request ID "8000001c-0002-ff00-b63f-84710c7967bb": An unhandled exception was thrown by the application. System.ObjectDisposedException: Cannot access a closed Stream.
   at System.IO.MemoryStream.Write(Byte[] buffer, Int32 offset, Int32 count)
   at System.IO.MemoryStream.WriteAsync(ReadOnlyMemory`1 buffer, CancellationToken cancellationToken)
--- End of stack trace from previous location ---
   at System.IO.Pipelines.StreamPipeWriter.FlushAsyncInternal(Boolean writeToStream, CancellationToken cancellationToken)
   at SportAPI.Middlewares.ErrorHandlingMiddleware.InvokeAsync(HttpContext context, RequestDelegate next) in C:\Users\Dell\Desktop\c#\SportAPI\SportAPI\Middlewares\ErrorHanglindMiddleware.cs:line 28
   at Microsoft.AspNetCore.Builder.UseMiddlewareExtensions.<>c__DisplayClass6_1.<<UseMiddlewareInterface>b__1>d.MoveNext()
--- End of stack trace from previous location ---
   at SportAPI.Sport.UserMiddlewares.SportTokenAuthMiddleware.Invoke(HttpContext context) in C:\Users\Dell\Desktop\c#\SportAPI\SportAPI\Sport\UserMiddlewares\SportTokenAuthMiddleware.cs:line 50
   at Swashbuckle.AspNetCore.SwaggerUI.SwaggerUIMiddleware.Invoke(HttpContext httpContext)
   at Swashbuckle.AspNetCore.Swagger.SwaggerMiddleware.Invoke(HttpContext httpContext, ISwaggerProvider swaggerProvider)
   at Microsoft.AspNetCore.Diagnostics.DeveloperExceptionPageMiddleware.Invoke(HttpContext context)
   at Microsoft.AspNetCore.Diagnostics.DeveloperExceptionPageMiddleware.Invoke(HttpContext context)
   at Microsoft.AspNetCore.Server.IIS.Core.IISHttpContextOfT`1.ProcessRequestAsync()
2021-12-11 17:56:42.7962||INFO|SportAPI.Middlewares.RequestResponseLoggingMiddleware|Request from 127.0.0.1(kubernetes.docker.internal): GET https://localhost:44377/api/SportClub <no request body> 
2021-12-11 17:56:42.7962||INFO|SportAPI.Sport.Services.SportClubService|Getting All the Sport Clubs available in this database 
2021-12-11 17:56:42.8335||INFO|SportAPI.Middlewares.RequestResponseLoggingMiddleware|Request handled in 32 ms with response 200: [] 
2021-12-11 17:56:59.6303|20601|WARN|Microsoft.EntityFrameworkCore.Model.Validation|The 'bool' property 'InHouse' on entity type 'Match' is configured with a database-generated default. This default will always be used for inserts when the property has the value 'false', since this is the CLR default for the 'bool' type. Consider using the nullable 'bool?' type instead so that the default will only be used for inserts when the property value is 'null'. 
2021-12-11 17:56:59.7170|20601|WARN|Microsoft.EntityFrameworkCore.Model.Validation|The 'bool' property 'HasOwnStadium' on entity type 'SportClub' is configured with a database-generated default. This default will always be used for inserts when the property has the value 'false', since this is the CLR default for the 'bool' type. Consider using the nullable 'bool?' type instead so that the default will only be used for inserts when the property value is 'null'. 
2021-12-11 17:56:59.7277|20601|WARN|Microsoft.EntityFrameworkCore.Model.Validation|The 'bool' property 'IsActive' on entity type 'User' is configured with a database-generated default. This default will always be used for inserts when the property has the value 'false', since this is the CLR default for the 'bool' type. Consider using the nullable 'bool?' type instead so that the default will only be used for inserts when the property value is 'null'. 
2021-12-11 17:57:02.6890||INFO|Microsoft.Hosting.Lifetime|Application started. Press Ctrl+C to shut down. 
2021-12-11 17:57:02.6890||INFO|Microsoft.Hosting.Lifetime|Hosting environment: Development 
2021-12-11 17:57:02.6953||INFO|Microsoft.Hosting.Lifetime|Content root path: C:\Users\Dell\Desktop\c#\SportAPI\SportAPI 
2021-12-11 17:58:16.7685||INFO|SportAPI.Middlewares.RequestResponseLoggingMiddleware|Request from 127.0.0.1(kubernetes.docker.internal): GET https://localhost:44377/api/SportClub <no request body> 
2021-12-11 17:58:17.1909||INFO|SportAPI.Sport.Services.SportClubService|Getting All the Sport Clubs available in this database 
2021-12-11 17:58:17.4620|20504|WARN|Microsoft.EntityFrameworkCore.Query|Compiling a query which loads related collections for more than one collection navigation either via 'Include' or through projection but no 'QuerySplittingBehavior' has been configured. By default Entity Framework will use 'QuerySplittingBehavior.SingleQuery' which can potentially result in slow query performance. See https://go.microsoft.com/fwlink/?linkid=2134277 for more information. To identify the query that's triggering this warning call 'ConfigureWarnings(w => w.Throw(RelationalEventId.MultipleCollectionIncludeWarning))' 
2021-12-11 17:58:17.7526||INFO|SportAPI.Middlewares.RequestResponseLoggingMiddleware|Request handled in 961 ms with response 200: [{"id":10,"sportClubName":"KKS Lech Poznań","description":"Polski klub założony w 1922 roku na poznańskim zebraniu kolejarzy na ulicy Bułgarskiej, gdzie dzisiaj znajduje się stadion","category":"Klub Piłki Nożnej","hasOwnStadium":true,"contactEmail":"kkslechpoznan@kolejorz.com","contactNumber":"+48 61 98 34 091","city":null,"street":null,"postalCode":null,"firstName":null,"lastName":null,"login":null,"password":null,"players":[{"id":65,"name":"Alan","surname":"Czerwiński","pesel":"93111209483","phoneNumber":"+48 903 432 810","nationality":"Polska","emailAddress":"alan.czerwinski@wp.pl","betterFoot":1,"position":"Obrońca","sportClubName":null},{"id":66,"name":"Pedro","surname":"Tiba","pesel":"87061049034","phoneNumber":"+48 707 400 481","nationality":"Portugalia","emailAddress":"pedro.tiba@wp.pl","betterFoot":1,"position":"Pomocnik","sportClubName":null},{"id":68,"name":"Mikael","surname":"Ishak","pesel":"90040590839","phoneNumber":"+48 783 321 666","nationality":"Szwecja","emailAddress":"mikael.ishak@gmail.com","betterFoot":1,"position":"Napastnik","sportClubName":null},{"id":69,"name":"Barry","surname":"Douglas","pesel":"89060783746","phoneNumber":"+48 771 321 222","nationality":"Szkocja","emailAddress":"barry.douglas@onet.pl","betterFoot":0,"position":"Obrońca","sportClubName":null},{"id":70,"name":"Antonio","surname":"Milić","pesel":"92020285734","phoneNumber":"+48 504 657 435","nationality":"Serbia","emailAddress":"antonio.milic@gmail.com","betterFoot":0,"position":"Obrońca","sportClubName":null},{"id":71,"name":"Filip","surname":"Bednarek","pesel":"91081992834","phoneNumber":"+48 609 777 432","nationality":"Polska","emailAddress":"filip.bednarek@onet.pl","betterFoot":1,"position":"Bramkarz","sportClubName":null},{"id":72,"name":"Adrien","surname":"Ba Loua","pesel":"95111198478","phoneNumber":"+48 606 183 301","nationality":"Wybrzeże Kości Słoniowej","emailAddress":"adrien.baloua@gmail.com","betterFoot":0,"position":"Pomocnik","sportClubName":null},{"id":73,"name":"Michał","surname":"Skóraś","pesel":"00019283701","phoneNumber":"+48 790 981 003","nationality":"Polska","emailAddress":"michal.skoras@gmail.com","betterFoot":1,"position":"Pomocnik","sportClubName":null},{"id":74,"name":"Jakub","surname":"Kamiński","pesel":"03121298467","phoneNumber":"+48 506 666 712","nationality":"Polska","emailAddress":"jakub.kaminski@wp.pl","betterFoot":1,"position":"Pomocnik","sportClubName":null}],"trainings":[{"id":26,"name":"Trening Siłowy","description":"Trening, który odbywa się na hali sportowej, w którym zawodnicy wykonują ćwiczenia siłowe","timeOfTraining":"2021-11-24T08:45:00","sportClubName":null},{"id":27,"name":"Trening Biegowy","description":"Trening, który odbywa się w terenie, lub na bieżni, w którym zawodnicy wykonują biegi na różnych dystansach","timeOfTraining":"2021-11-25T09:20:00","sportClubName":null},{"id":29,"name":"Trening Strzelecki","description":"Trening, który odbywa się na boisku treningowym, w którym zawodnicy grający w polu strzelają bramkarzom z różnych pozycji na boisku","timeOfTraining":"2021-11-24T08:45:00","sportClubName":null}],"matches":[{"id":25,"teamOne":"Lech Poznań","teamTwo":"Legia Warszawa","inHouse":true,"dateOfMatch":"2021-12-11T16:57:01.477","sportClubName":null},{"id":26,"teamOne":"Wisła Kraków","teamTwo":"Lech Poznań","inHouse":true,"dateOfMatch":"2021-11-30T20:45:00","sportClubName":null},{"id":27,"teamOne":"Lech Poznań","teamTwo":"Śląsk Wrocław","inHouse":true,"dateOfMatch":"2021-11-21T18:45:00","sportClubName":null}],"coaches":[{"id":21,"name":"Maciej","surname":"Skorża","pesel":"67081234590","phoneNumber":"+48 607 801 212","emailAddress":"maciej.skorża@wp.pl","cash":"50 000 PLN","sportClubName":null},{"id":22,"name":"Dariusz","surname":"Dudka","pesel":"78010841029","phoneNumber":"+48 500 278 999","emailAddress":"dariusz.dudka@interia.pl","cash":"23 000 PLN","sportClubName":null},{"id":23,"name":"Piotr","surname":"Reiss","pesel":"72052309173","phoneNumber":"+48 782 233 980","emailAddress":"maciej.skorża@wp.pl","cash":"20 000 PLN","sportClubName":null}]},{"id":11,"sportClubName":"WKS Legia Warszawa","description":"Warszawski klub założony w 1916 roku na warszawskim zebraniu żołnierzy warszawskich legionów na ulicy Łazienkowskiej, gdzie dzisiaj znajduje się stadion","category":"Klub Piłki Nożnej","hasOwnStadium":true,"contactEmail":"wkslegiawarszawa@wojskowi.com","contactNumber":"+48 21 56 32 111","city":null,"street":null,"postalCode":null,"firstName":null,"lastName":null,"login":null,"password":null,"players":[{"id":61,"name":"Artur","surname":"Boruc","pesel":"80044982703","phoneNumber":"+48 501 407 623","nationality":"Polska","emailAddress":"artur.boruc@gmail.com","betterFoot":0,"position":"Bramkarz","sportClubName":null},{"id":62,"name":"Artur","surname":"Jędrzejczyk","pesel":"86011298467","phoneNumber":"+48 806 111 231","nationality":"Polska","emailAddress":"artur.jedrzejczyk@wp.pl","betterFoot":1,"position":"Obrońca","sportClubName":null},{"id":63,"name":"Bartosz","surname":"Kapustka","pesel":"96062283005","phoneNumber":"+48 555 324 501","nationality":"Polska","emailAddress":"bartosz.kapustka@onet.pl","betterFoot":1,"position":"Obrońca","sportClubName":null},{"id":64,"name":"Thomas","surname":"Pekhart","pesel":"92032445324","phoneNumber":"+48 567 050 546","nationality":"Czechy","emailAddress":"thomas.pekhart@gmail.com","betterFoot":0,"position":"Napastnik","sportClubName":null},{"id":67,"name":"Filip","surname":"Mladenović","pesel":"94072992508","phoneNumber":"+48 765 452 555","nationality":"Serbia","emailAddress":"filip.mladenovic@onet.pl","betterFoot":0,"position":"Obrońca","sportClubName":null},{"id":75,"name":"Josue","surname":"Vide","pesel":"95029085590","phoneNumber":"+48 780 790 541","nationality":"Portugalia","emailAddress":"josue.vide@gmail.com","betterFoot":1,"position":"Pomocnik","sportClubName":null}],"trainings":[{"id":25,"name":"Trening Techniczny","description":"Trening, który odbywa się na hali sportowej, w którym zawodnicy wykonują ćwiczenia szkolące technikę użytkową","timeOfTraining":"2021-11-28T10:45:00","sportClubName":null},{"id":28,"name":"Trening Taktyczny","description":"Trening, który odbywa się na boisku treningowym, w którym zawodnicy wykonują treningi taktyczne zgodne z ich pozycją na boisku","timeOfTraining":"2021-11-30T10:35:00","sportClubName":null},{"id":30,"name":"Trening Meczowy","description":"Trening, który odbywa się na boisku treningowym, w którym zawodnicy podzieleni na dwie grupy grają mecz 11x11","timeOfTraining":"2021-12-04T13:00:00","sportClubName":null}],"matches":[{"id":28,"teamOne":"Legia Warszawa","teamTwo":"Jagiellonia Białystok","inHouse":true,"dateOfMatch":"2021-12-14T17:50:00","sportClubName":null},{"id":29,"teamOne":"Legia Warszawa","teamTwo":"Lech Poznań","inHouse":true,"dateOfMatch":"2021-10-23T20:45:00","sportClubName":null},{"id":30,"teamOne":"Zawisza Bydgoszcz","teamTwo":"Legia Warszawa","inHouse":true,"dateOfMatch":"2021-12-11T16:57:01.783","sportClubName":null}],"coaches":[{"id":24,"name":"Wojciech","surname":"Łazarek","pesel":"51010541029","phoneNumber":"+48 500 278 999","emailAddress":"dariusz.dudka@interia.pl","cash":"43 000 PLN","sportClubName":null},{"id":25,"name":"Czesław","surname":"Michniewicz","pesel":"63090934590","phoneNumber":"+48 511 902 439","emailAddress":"czeslaw.michniewicz@wp.pl","cash":"60 000 PLN","sportClubName":null}]}] 
2021-12-11 18:14:21.7778|20601|WARN|Microsoft.EntityFrameworkCore.Model.Validation|The 'bool' property 'InHouse' on entity type 'Match' is configured with a database-generated default. This default will always be used for inserts when the property has the value 'false', since this is the CLR default for the 'bool' type. Consider using the nullable 'bool?' type instead so that the default will only be used for inserts when the property value is 'null'. 
2021-12-11 18:14:21.8449|20601|WARN|Microsoft.EntityFrameworkCore.Model.Validation|The 'bool' property 'HasOwnStadium' on entity type 'SportClub' is configured with a database-generated default. This default will always be used for inserts when the property has the value 'false', since this is the CLR default for the 'bool' type. Consider using the nullable 'bool?' type instead so that the default will only be used for inserts when the property value is 'null'. 
2021-12-11 18:14:21.8565|20601|WARN|Microsoft.EntityFrameworkCore.Model.Validation|The 'bool' property 'IsActive' on entity type 'User' is configured with a database-generated default. This default will always be used for inserts when the property has the value 'false', since this is the CLR default for the 'bool' type. Consider using the nullable 'bool?' type instead so that the default will only be used for inserts when the property value is 'null'. 
2021-12-11 18:14:23.4585||INFO|Microsoft.Hosting.Lifetime|Application started. Press Ctrl+C to shut down. 
2021-12-11 18:14:23.4639||INFO|Microsoft.Hosting.Lifetime|Hosting environment: Development 
2021-12-11 18:14:23.4639||INFO|Microsoft.Hosting.Lifetime|Content root path: C:\Users\Dell\Desktop\c#\SportAPI\SportAPI 
