2021-12-17 00:03:05.7795|20601|WARN|Microsoft.EntityFrameworkCore.Model.Validation|The 'bool' property 'InHouse' on entity type 'Match' is configured with a database-generated default. This default will always be used for inserts when the property has the value 'false', since this is the CLR default for the 'bool' type. Consider using the nullable 'bool?' type instead so that the default will only be used for inserts when the property value is 'null'. 
2021-12-17 00:03:05.8533|20601|WARN|Microsoft.EntityFrameworkCore.Model.Validation|The 'bool' property 'HasOwnStadium' on entity type 'SportClub' is configured with a database-generated default. This default will always be used for inserts when the property has the value 'false', since this is the CLR default for the 'bool' type. Consider using the nullable 'bool?' type instead so that the default will only be used for inserts when the property value is 'null'. 
2021-12-17 00:03:05.8533|20601|WARN|Microsoft.EntityFrameworkCore.Model.Validation|The 'bool' property 'IsActive' on entity type 'User' is configured with a database-generated default. This default will always be used for inserts when the property has the value 'false', since this is the CLR default for the 'bool' type. Consider using the nullable 'bool?' type instead so that the default will only be used for inserts when the property value is 'null'. 
2021-12-17 00:03:26.7484|20601|WARN|Microsoft.EntityFrameworkCore.Model.Validation|The 'bool' property 'InHouse' on entity type 'Match' is configured with a database-generated default. This default will always be used for inserts when the property has the value 'false', since this is the CLR default for the 'bool' type. Consider using the nullable 'bool?' type instead so that the default will only be used for inserts when the property value is 'null'. 
2021-12-17 00:03:26.8083|20601|WARN|Microsoft.EntityFrameworkCore.Model.Validation|The 'bool' property 'HasOwnStadium' on entity type 'SportClub' is configured with a database-generated default. This default will always be used for inserts when the property has the value 'false', since this is the CLR default for the 'bool' type. Consider using the nullable 'bool?' type instead so that the default will only be used for inserts when the property value is 'null'. 
2021-12-17 00:03:26.8083|20601|WARN|Microsoft.EntityFrameworkCore.Model.Validation|The 'bool' property 'IsActive' on entity type 'User' is configured with a database-generated default. This default will always be used for inserts when the property has the value 'false', since this is the CLR default for the 'bool' type. Consider using the nullable 'bool?' type instead so that the default will only be used for inserts when the property value is 'null'. 
2021-12-17 00:12:05.7572|20601|WARN|Microsoft.EntityFrameworkCore.Model.Validation|The 'bool' property 'InHouse' on entity type 'Match' is configured with a database-generated default. This default will always be used for inserts when the property has the value 'false', since this is the CLR default for the 'bool' type. Consider using the nullable 'bool?' type instead so that the default will only be used for inserts when the property value is 'null'. 
2021-12-17 00:12:05.8454|20601|WARN|Microsoft.EntityFrameworkCore.Model.Validation|The 'bool' property 'HasOwnStadium' on entity type 'SportClub' is configured with a database-generated default. This default will always be used for inserts when the property has the value 'false', since this is the CLR default for the 'bool' type. Consider using the nullable 'bool?' type instead so that the default will only be used for inserts when the property value is 'null'. 
2021-12-17 00:12:05.8662|20601|WARN|Microsoft.EntityFrameworkCore.Model.Validation|The 'bool' property 'IsActive' on entity type 'User' is configured with a database-generated default. This default will always be used for inserts when the property has the value 'false', since this is the CLR default for the 'bool' type. Consider using the nullable 'bool?' type instead so that the default will only be used for inserts when the property value is 'null'. 
2021-12-17 00:12:07.9085||INFO|Microsoft.Hosting.Lifetime|Application started. Press Ctrl+C to shut down. 
2021-12-17 00:12:07.9085||INFO|Microsoft.Hosting.Lifetime|Hosting environment: Development 
2021-12-17 00:12:07.9085||INFO|Microsoft.Hosting.Lifetime|Content root path: C:\Users\Dell\Desktop\c#\SportAPI\SportAPI 
2021-12-17 00:14:24.8324||INFO|SportAPI.Middlewares.RequestResponseLoggingMiddleware|Request from 127.0.0.1(kubernetes.docker.internal): POST https://localhost:44377/api/User/register {"login":"bartosz.mrozek@wp.pl","password":"Marcingrafik1#","confirmPassword":"Marcingrafik1#","firstName":"Bartosz","lastName":"Mrozek","isActive":true,"nationality":"Polska","dateOfBirth":"1996-01-04T23:13:20.133Z","roleId":2} 
2021-12-17 00:14:26.6701||INFO|SportAPI.Middlewares.RequestResponseLoggingMiddleware|Request handled in 1829 ms with response 200: <no response body> 
2021-12-17 00:15:01.1294||INFO|SportAPI.Middlewares.RequestResponseLoggingMiddleware|Request from 127.0.0.1(kubernetes.docker.internal): POST https://localhost:44377/api/User/login {"login":"bartosz.mrozek@wp.pl","password":"Marcingrafik1#"} 
2021-12-17 00:15:03.6326||ERROR|SportAPI.Middlewares.ErrorHandlingMiddleware|IDX10653: The encryption algorithm 'System.String' requires a key size of at least 'System.Int32' bits. Key 'Microsoft.IdentityModel.Tokens.SymmetricSecurityKey', is of size: 'System.Int32'. (Parameter 'key') System.ArgumentOutOfRangeException: IDX10653: The encryption algorithm 'System.String' requires a key size of at least 'System.Int32' bits. Key 'Microsoft.IdentityModel.Tokens.SymmetricSecurityKey', is of size: 'System.Int32'. (Parameter 'key')
   at Microsoft.IdentityModel.Tokens.SymmetricSignatureProvider..ctor(SecurityKey key, String algorithm, Boolean willCreateSignatures)
   at Microsoft.IdentityModel.Tokens.CryptoProviderFactory.CreateSignatureProvider(SecurityKey key, String algorithm, Boolean willCreateSignatures, Boolean cacheProvider)
   at Microsoft.IdentityModel.Tokens.CryptoProviderFactory.CreateForSigning(SecurityKey key, String algorithm, Boolean cacheProvider)
   at Microsoft.IdentityModel.Tokens.CryptoProviderFactory.CreateForSigning(SecurityKey key, String algorithm)
   at Microsoft.IdentityModel.JsonWebTokens.JwtTokenUtilities.CreateEncodedSignature(String input, SigningCredentials signingCredentials)
   at System.IdentityModel.Tokens.Jwt.JwtSecurityTokenHandler.WriteToken(SecurityToken token)
   at SportAPI.Sport.Services.UserService.GenerateJwt(LoginDto dto) in C:\Users\Dell\Desktop\c#\SportAPI\SportAPI\Sport\Services\UserService.cs:line 98
   at SportAPI.Sport.Controllers.UserController.Login(LoginDto dto) in C:\Users\Dell\Desktop\c#\SportAPI\SportAPI\Sport\Controllers\UserController.cs:line 131
   at lambda_method135(Closure , Object )
   at Microsoft.AspNetCore.Mvc.Infrastructure.ActionMethodExecutor.AwaitableObjectResultExecutor.Execute(IActionResultTypeMapper mapper, ObjectMethodExecutor executor, Object controller, Object[] arguments)
   at Microsoft.AspNetCore.Mvc.Infrastructure.ControllerActionInvoker.<InvokeActionMethodAsync>g__Awaited|12_0(ControllerActionInvoker invoker, ValueTask`1 actionResultValueTask)
   at Microsoft.AspNetCore.Mvc.Infrastructure.ControllerActionInvoker.<InvokeNextActionFilterAsync>g__Awaited|10_0(ControllerActionInvoker invoker, Task lastTask, State next, Scope scope, Object state, Boolean isCompleted)
   at Microsoft.AspNetCore.Mvc.Infrastructure.ControllerActionInvoker.Rethrow(ActionExecutedContextSealed context)
   at Microsoft.AspNetCore.Mvc.Infrastructure.ControllerActionInvoker.Next(State& next, Scope& scope, Object& state, Boolean& isCompleted)
   at Microsoft.AspNetCore.Mvc.Infrastructure.ControllerActionInvoker.<InvokeInnerFilterAsync>g__Awaited|13_0(ControllerActionInvoker invoker, Task lastTask, State next, Scope scope, Object state, Boolean isCompleted)
   at Microsoft.AspNetCore.Mvc.Infrastructure.ResourceInvoker.<InvokeFilterPipelineAsync>g__Awaited|19_0(ResourceInvoker invoker, Task lastTask, State next, Scope scope, Object state, Boolean isCompleted)
   at Microsoft.AspNetCore.Mvc.Infrastructure.ResourceInvoker.<InvokeAsync>g__Awaited|17_0(ResourceInvoker invoker, Task task, IDisposable scope)
   at Microsoft.AspNetCore.Routing.EndpointMiddleware.<Invoke>g__AwaitRequestTask|6_0(Endpoint endpoint, Task requestTask, ILogger logger)
   at Microsoft.AspNetCore.Authorization.AuthorizationMiddleware.Invoke(HttpContext context)
   at Microsoft.AspNetCore.Authentication.AuthenticationMiddleware.Invoke(HttpContext context)
   at SportAPI.Middlewares.RequestResponseLoggingMiddleware.Invoke(HttpContext context) in C:\Users\Dell\Desktop\c#\SportAPI\SportAPI\Middlewares\RequestResponseLoggingMiddleware.cs:line 36
   at SportAPI.Middlewares.RequestResponseLoggingMiddleware.Invoke(HttpContext context) in C:\Users\Dell\Desktop\c#\SportAPI\SportAPI\Middlewares\RequestResponseLoggingMiddleware.cs:line 42
   at SportAPI.Middlewares.RequestResponseLoggingMiddleware.Invoke(HttpContext context) in C:\Users\Dell\Desktop\c#\SportAPI\SportAPI\Middlewares\RequestResponseLoggingMiddleware.cs:line 42
   at SportAPI.Middlewares.RequestTimeMiddleware.InvokeAsync(HttpContext context, RequestDelegate next) in C:\Users\Dell\Desktop\c#\SportAPI\SportAPI\Middlewares\RequestTimeMiddleware.cs:line 21
   at Microsoft.AspNetCore.Builder.UseMiddlewareExtensions.<>c__DisplayClass6_1.<<UseMiddlewareInterface>b__1>d.MoveNext()
--- End of stack trace from previous location ---
   at SportAPI.Middlewares.ErrorHandlingMiddleware.InvokeAsync(HttpContext context, RequestDelegate next) in C:\Users\Dell\Desktop\c#\SportAPI\SportAPI\Middlewares\ErrorHanglindMiddleware.cs:line 23
2021-12-17 00:15:04.3050|1|ERROR|Microsoft.AspNetCore.Diagnostics.DeveloperExceptionPageMiddleware|An unhandled exception has occurred while executing the request. System.ObjectDisposedException: Cannot access a closed Stream.
   at System.IO.MemoryStream.Write(Byte[] buffer, Int32 offset, Int32 count)
   at System.IO.MemoryStream.WriteAsync(ReadOnlyMemory`1 buffer, CancellationToken cancellationToken)
--- End of stack trace from previous location ---
   at System.IO.Pipelines.StreamPipeWriter.FlushAsyncInternal(Boolean writeToStream, CancellationToken cancellationToken)
   at SportAPI.Middlewares.ErrorHandlingMiddleware.InvokeAsync(HttpContext context, RequestDelegate next) in C:\Users\Dell\Desktop\c#\SportAPI\SportAPI\Middlewares\ErrorHanglindMiddleware.cs:line 40
   at Microsoft.AspNetCore.Builder.UseMiddlewareExtensions.<>c__DisplayClass6_1.<<UseMiddlewareInterface>b__1>d.MoveNext()
--- End of stack trace from previous location ---
   at SportAPI.Sport.UserMiddlewares.SportTokenAuthMiddleware.Invoke(HttpContext context) in C:\Users\Dell\Desktop\c#\SportAPI\SportAPI\Sport\UserMiddlewares\SportTokenAuthMiddleware.cs:line 50
   at Swashbuckle.AspNetCore.SwaggerUI.SwaggerUIMiddleware.Invoke(HttpContext httpContext)
   at Swashbuckle.AspNetCore.Swagger.SwaggerMiddleware.Invoke(HttpContext httpContext, ISwaggerProvider swaggerProvider)
   at Microsoft.AspNetCore.Diagnostics.DeveloperExceptionPageMiddleware.Invoke(HttpContext context)
2021-12-17 00:15:04.3297|3|ERROR|Microsoft.AspNetCore.Diagnostics.DeveloperExceptionPageMiddleware|An exception was thrown attempting to display the error page. System.ObjectDisposedException: Cannot access a closed Stream.
   at System.IO.MemoryStream.Write(Byte[] buffer, Int32 offset, Int32 count)
   at System.IO.MemoryStream.WriteAsync(ReadOnlyMemory`1 buffer, CancellationToken cancellationToken)
--- End of stack trace from previous location ---
   at System.IO.Pipelines.StreamPipeWriter.FlushAsyncInternal(Boolean writeToStream, CancellationToken cancellationToken)
   at Microsoft.AspNetCore.Diagnostics.DeveloperExceptionPageMiddleware.Invoke(HttpContext context)
2021-12-17 00:15:04.3545|2|ERROR|Microsoft.AspNetCore.Server.IIS.Core.IISHttpServer|Connection ID "18230571293206380562", Request ID "80000013-0000-fd00-b63f-84710c7967bb": An unhandled exception was thrown by the application. System.ObjectDisposedException: Cannot access a closed Stream.
   at System.IO.MemoryStream.Write(Byte[] buffer, Int32 offset, Int32 count)
   at System.IO.MemoryStream.WriteAsync(ReadOnlyMemory`1 buffer, CancellationToken cancellationToken)
--- End of stack trace from previous location ---
   at System.IO.Pipelines.StreamPipeWriter.FlushAsyncInternal(Boolean writeToStream, CancellationToken cancellationToken)
   at SportAPI.Middlewares.ErrorHandlingMiddleware.InvokeAsync(HttpContext context, RequestDelegate next) in C:\Users\Dell\Desktop\c#\SportAPI\SportAPI\Middlewares\ErrorHanglindMiddleware.cs:line 40
   at Microsoft.AspNetCore.Builder.UseMiddlewareExtensions.<>c__DisplayClass6_1.<<UseMiddlewareInterface>b__1>d.MoveNext()
--- End of stack trace from previous location ---
   at SportAPI.Sport.UserMiddlewares.SportTokenAuthMiddleware.Invoke(HttpContext context) in C:\Users\Dell\Desktop\c#\SportAPI\SportAPI\Sport\UserMiddlewares\SportTokenAuthMiddleware.cs:line 50
   at Swashbuckle.AspNetCore.SwaggerUI.SwaggerUIMiddleware.Invoke(HttpContext httpContext)
   at Swashbuckle.AspNetCore.Swagger.SwaggerMiddleware.Invoke(HttpContext httpContext, ISwaggerProvider swaggerProvider)
   at Microsoft.AspNetCore.Diagnostics.DeveloperExceptionPageMiddleware.Invoke(HttpContext context)
   at Microsoft.AspNetCore.Diagnostics.DeveloperExceptionPageMiddleware.Invoke(HttpContext context)
   at Microsoft.AspNetCore.Server.IIS.Core.IISHttpContextOfT`1.ProcessRequestAsync()
2021-12-17 00:19:40.9304|20601|WARN|Microsoft.EntityFrameworkCore.Model.Validation|The 'bool' property 'InHouse' on entity type 'Match' is configured with a database-generated default. This default will always be used for inserts when the property has the value 'false', since this is the CLR default for the 'bool' type. Consider using the nullable 'bool?' type instead so that the default will only be used for inserts when the property value is 'null'. 
2021-12-17 00:19:41.0089|20601|WARN|Microsoft.EntityFrameworkCore.Model.Validation|The 'bool' property 'HasOwnStadium' on entity type 'SportClub' is configured with a database-generated default. This default will always be used for inserts when the property has the value 'false', since this is the CLR default for the 'bool' type. Consider using the nullable 'bool?' type instead so that the default will only be used for inserts when the property value is 'null'. 
2021-12-17 00:19:41.0256|20601|WARN|Microsoft.EntityFrameworkCore.Model.Validation|The 'bool' property 'IsActive' on entity type 'User' is configured with a database-generated default. This default will always be used for inserts when the property has the value 'false', since this is the CLR default for the 'bool' type. Consider using the nullable 'bool?' type instead so that the default will only be used for inserts when the property value is 'null'. 
2021-12-17 00:19:42.9524||INFO|Microsoft.Hosting.Lifetime|Application started. Press Ctrl+C to shut down. 
2021-12-17 00:19:42.9570||INFO|Microsoft.Hosting.Lifetime|Hosting environment: Development 
2021-12-17 00:19:42.9570||INFO|Microsoft.Hosting.Lifetime|Content root path: C:\Users\Dell\Desktop\c#\SportAPI\SportAPI 
2021-12-17 00:48:53.0845||INFO|SportAPI.Middlewares.RequestResponseLoggingMiddleware|Request from 127.0.0.1(kubernetes.docker.internal): POST https://localhost:44377/api/User/login {"login":"bartosz.mrozek@wp.pl","password":"Marcingrafik1#"} 
2021-12-17 00:48:56.3880||ERROR|SportAPI.Middlewares.ErrorHandlingMiddleware|IDX10653: The encryption algorithm 'System.String' requires a key size of at least 'System.Int32' bits. Key 'Microsoft.IdentityModel.Tokens.SymmetricSecurityKey', is of size: 'System.Int32'. (Parameter 'key') System.ArgumentOutOfRangeException: IDX10653: The encryption algorithm 'System.String' requires a key size of at least 'System.Int32' bits. Key 'Microsoft.IdentityModel.Tokens.SymmetricSecurityKey', is of size: 'System.Int32'. (Parameter 'key')
   at Microsoft.IdentityModel.Tokens.SymmetricSignatureProvider..ctor(SecurityKey key, String algorithm, Boolean willCreateSignatures)
   at Microsoft.IdentityModel.Tokens.CryptoProviderFactory.CreateSignatureProvider(SecurityKey key, String algorithm, Boolean willCreateSignatures, Boolean cacheProvider)
   at Microsoft.IdentityModel.Tokens.CryptoProviderFactory.CreateForSigning(SecurityKey key, String algorithm, Boolean cacheProvider)
   at Microsoft.IdentityModel.Tokens.CryptoProviderFactory.CreateForSigning(SecurityKey key, String algorithm)
   at Microsoft.IdentityModel.JsonWebTokens.JwtTokenUtilities.CreateEncodedSignature(String input, SigningCredentials signingCredentials)
   at System.IdentityModel.Tokens.Jwt.JwtSecurityTokenHandler.WriteToken(SecurityToken token)
   at SportAPI.Sport.Services.UserService.GenerateJwt(LoginDto dto) in C:\Users\Dell\Desktop\c#\SportAPI\SportAPI\Sport\Services\UserService.cs:line 98
   at SportAPI.Sport.Controllers.UserController.Login(LoginDto dto) in C:\Users\Dell\Desktop\c#\SportAPI\SportAPI\Sport\Controllers\UserController.cs:line 131
   at lambda_method19(Closure , Object )
   at Microsoft.AspNetCore.Mvc.Infrastructure.ActionMethodExecutor.AwaitableObjectResultExecutor.Execute(IActionResultTypeMapper mapper, ObjectMethodExecutor executor, Object controller, Object[] arguments)
   at Microsoft.AspNetCore.Mvc.Infrastructure.ControllerActionInvoker.<InvokeActionMethodAsync>g__Awaited|12_0(ControllerActionInvoker invoker, ValueTask`1 actionResultValueTask)
   at Microsoft.AspNetCore.Mvc.Infrastructure.ControllerActionInvoker.<InvokeNextActionFilterAsync>g__Awaited|10_0(ControllerActionInvoker invoker, Task lastTask, State next, Scope scope, Object state, Boolean isCompleted)
   at Microsoft.AspNetCore.Mvc.Infrastructure.ControllerActionInvoker.Rethrow(ActionExecutedContextSealed context)
   at Microsoft.AspNetCore.Mvc.Infrastructure.ControllerActionInvoker.Next(State& next, Scope& scope, Object& state, Boolean& isCompleted)
   at Microsoft.AspNetCore.Mvc.Infrastructure.ControllerActionInvoker.<InvokeInnerFilterAsync>g__Awaited|13_0(ControllerActionInvoker invoker, Task lastTask, State next, Scope scope, Object state, Boolean isCompleted)
   at Microsoft.AspNetCore.Mvc.Infrastructure.ResourceInvoker.<InvokeFilterPipelineAsync>g__Awaited|19_0(ResourceInvoker invoker, Task lastTask, State next, Scope scope, Object state, Boolean isCompleted)
   at Microsoft.AspNetCore.Mvc.Infrastructure.ResourceInvoker.<InvokeAsync>g__Awaited|17_0(ResourceInvoker invoker, Task task, IDisposable scope)
   at Microsoft.AspNetCore.Routing.EndpointMiddleware.<Invoke>g__AwaitRequestTask|6_0(Endpoint endpoint, Task requestTask, ILogger logger)
   at Microsoft.AspNetCore.Authorization.AuthorizationMiddleware.Invoke(HttpContext context)
   at Microsoft.AspNetCore.Authentication.AuthenticationMiddleware.Invoke(HttpContext context)
   at SportAPI.Middlewares.RequestResponseLoggingMiddleware.Invoke(HttpContext context) in C:\Users\Dell\Desktop\c#\SportAPI\SportAPI\Middlewares\RequestResponseLoggingMiddleware.cs:line 36
   at SportAPI.Middlewares.RequestResponseLoggingMiddleware.Invoke(HttpContext context) in C:\Users\Dell\Desktop\c#\SportAPI\SportAPI\Middlewares\RequestResponseLoggingMiddleware.cs:line 42
   at SportAPI.Middlewares.RequestResponseLoggingMiddleware.Invoke(HttpContext context) in C:\Users\Dell\Desktop\c#\SportAPI\SportAPI\Middlewares\RequestResponseLoggingMiddleware.cs:line 42
   at SportAPI.Middlewares.RequestTimeMiddleware.InvokeAsync(HttpContext context, RequestDelegate next) in C:\Users\Dell\Desktop\c#\SportAPI\SportAPI\Middlewares\RequestTimeMiddleware.cs:line 21
   at Microsoft.AspNetCore.Builder.UseMiddlewareExtensions.<>c__DisplayClass6_1.<<UseMiddlewareInterface>b__1>d.MoveNext()
--- End of stack trace from previous location ---
   at SportAPI.Middlewares.ErrorHandlingMiddleware.InvokeAsync(HttpContext context, RequestDelegate next) in C:\Users\Dell\Desktop\c#\SportAPI\SportAPI\Middlewares\ErrorHanglindMiddleware.cs:line 23
2021-12-17 00:48:56.9553|1|ERROR|Microsoft.AspNetCore.Diagnostics.DeveloperExceptionPageMiddleware|An unhandled exception has occurred while executing the request. System.ObjectDisposedException: Cannot access a closed Stream.
   at System.IO.MemoryStream.Write(Byte[] buffer, Int32 offset, Int32 count)
   at System.IO.MemoryStream.WriteAsync(ReadOnlyMemory`1 buffer, CancellationToken cancellationToken)
--- End of stack trace from previous location ---
   at System.IO.Pipelines.StreamPipeWriter.FlushAsyncInternal(Boolean writeToStream, CancellationToken cancellationToken)
   at SportAPI.Middlewares.ErrorHandlingMiddleware.InvokeAsync(HttpContext context, RequestDelegate next) in C:\Users\Dell\Desktop\c#\SportAPI\SportAPI\Middlewares\ErrorHanglindMiddleware.cs:line 40
   at Microsoft.AspNetCore.Builder.UseMiddlewareExtensions.<>c__DisplayClass6_1.<<UseMiddlewareInterface>b__1>d.MoveNext()
--- End of stack trace from previous location ---
   at SportAPI.Sport.UserMiddlewares.SportTokenAuthMiddleware.Invoke(HttpContext context) in C:\Users\Dell\Desktop\c#\SportAPI\SportAPI\Sport\UserMiddlewares\SportTokenAuthMiddleware.cs:line 50
   at Swashbuckle.AspNetCore.SwaggerUI.SwaggerUIMiddleware.Invoke(HttpContext httpContext)
   at Swashbuckle.AspNetCore.Swagger.SwaggerMiddleware.Invoke(HttpContext httpContext, ISwaggerProvider swaggerProvider)
   at Microsoft.AspNetCore.Diagnostics.DeveloperExceptionPageMiddleware.Invoke(HttpContext context)
2021-12-17 00:48:56.9869|3|ERROR|Microsoft.AspNetCore.Diagnostics.DeveloperExceptionPageMiddleware|An exception was thrown attempting to display the error page. System.ObjectDisposedException: Cannot access a closed Stream.
   at System.IO.MemoryStream.Write(Byte[] buffer, Int32 offset, Int32 count)
   at System.IO.MemoryStream.WriteAsync(ReadOnlyMemory`1 buffer, CancellationToken cancellationToken)
--- End of stack trace from previous location ---
   at System.IO.Pipelines.StreamPipeWriter.FlushAsyncInternal(Boolean writeToStream, CancellationToken cancellationToken)
   at Microsoft.AspNetCore.Diagnostics.DeveloperExceptionPageMiddleware.Invoke(HttpContext context)
2021-12-17 00:48:57.0150|2|ERROR|Microsoft.AspNetCore.Server.IIS.Core.IISHttpServer|Connection ID "18374686485577203736", Request ID "80000019-0001-ff00-b63f-84710c7967bb": An unhandled exception was thrown by the application. System.ObjectDisposedException: Cannot access a closed Stream.
   at System.IO.MemoryStream.Write(Byte[] buffer, Int32 offset, Int32 count)
   at System.IO.MemoryStream.WriteAsync(ReadOnlyMemory`1 buffer, CancellationToken cancellationToken)
--- End of stack trace from previous location ---
   at System.IO.Pipelines.StreamPipeWriter.FlushAsyncInternal(Boolean writeToStream, CancellationToken cancellationToken)
   at SportAPI.Middlewares.ErrorHandlingMiddleware.InvokeAsync(HttpContext context, RequestDelegate next) in C:\Users\Dell\Desktop\c#\SportAPI\SportAPI\Middlewares\ErrorHanglindMiddleware.cs:line 40
   at Microsoft.AspNetCore.Builder.UseMiddlewareExtensions.<>c__DisplayClass6_1.<<UseMiddlewareInterface>b__1>d.MoveNext()
--- End of stack trace from previous location ---
   at SportAPI.Sport.UserMiddlewares.SportTokenAuthMiddleware.Invoke(HttpContext context) in C:\Users\Dell\Desktop\c#\SportAPI\SportAPI\Sport\UserMiddlewares\SportTokenAuthMiddleware.cs:line 50
   at Swashbuckle.AspNetCore.SwaggerUI.SwaggerUIMiddleware.Invoke(HttpContext httpContext)
   at Swashbuckle.AspNetCore.Swagger.SwaggerMiddleware.Invoke(HttpContext httpContext, ISwaggerProvider swaggerProvider)
   at Microsoft.AspNetCore.Diagnostics.DeveloperExceptionPageMiddleware.Invoke(HttpContext context)
   at Microsoft.AspNetCore.Diagnostics.DeveloperExceptionPageMiddleware.Invoke(HttpContext context)
   at Microsoft.AspNetCore.Server.IIS.Core.IISHttpContextOfT`1.ProcessRequestAsync()
2021-12-17 00:53:33.8451|20601|WARN|Microsoft.EntityFrameworkCore.Model.Validation|The 'bool' property 'InHouse' on entity type 'Match' is configured with a database-generated default. This default will always be used for inserts when the property has the value 'false', since this is the CLR default for the 'bool' type. Consider using the nullable 'bool?' type instead so that the default will only be used for inserts when the property value is 'null'. 
2021-12-17 00:53:33.9172|20601|WARN|Microsoft.EntityFrameworkCore.Model.Validation|The 'bool' property 'HasOwnStadium' on entity type 'SportClub' is configured with a database-generated default. This default will always be used for inserts when the property has the value 'false', since this is the CLR default for the 'bool' type. Consider using the nullable 'bool?' type instead so that the default will only be used for inserts when the property value is 'null'. 
2021-12-17 00:53:33.9298|20601|WARN|Microsoft.EntityFrameworkCore.Model.Validation|The 'bool' property 'IsActive' on entity type 'User' is configured with a database-generated default. This default will always be used for inserts when the property has the value 'false', since this is the CLR default for the 'bool' type. Consider using the nullable 'bool?' type instead so that the default will only be used for inserts when the property value is 'null'. 
2021-12-17 00:53:35.8765||INFO|Microsoft.Hosting.Lifetime|Application started. Press Ctrl+C to shut down. 
2021-12-17 00:53:35.8812||INFO|Microsoft.Hosting.Lifetime|Hosting environment: Development 
2021-12-17 00:53:35.8812||INFO|Microsoft.Hosting.Lifetime|Content root path: C:\Users\Dell\Desktop\c#\SportAPI\SportAPI 
2021-12-17 00:54:10.4769||INFO|SportAPI.Middlewares.RequestResponseLoggingMiddleware|Request from 127.0.0.1(kubernetes.docker.internal): POST https://localhost:44377/api/User/login {"login":"bartosz.mrozek@wp.pl","password":"Marcingrafik1#"} 
2021-12-17 00:59:11.6677||ERROR|SportAPI.Middlewares.ErrorHandlingMiddleware|IDX10653: The encryption algorithm 'System.String' requires a key size of at least 'System.Int32' bits. Key 'Microsoft.IdentityModel.Tokens.SymmetricSecurityKey', is of size: 'System.Int32'. (Parameter 'key') System.ArgumentOutOfRangeException: IDX10653: The encryption algorithm 'System.String' requires a key size of at least 'System.Int32' bits. Key 'Microsoft.IdentityModel.Tokens.SymmetricSecurityKey', is of size: 'System.Int32'. (Parameter 'key')
   at Microsoft.IdentityModel.Tokens.SymmetricSignatureProvider..ctor(SecurityKey key, String algorithm, Boolean willCreateSignatures)
   at Microsoft.IdentityModel.Tokens.CryptoProviderFactory.CreateSignatureProvider(SecurityKey key, String algorithm, Boolean willCreateSignatures, Boolean cacheProvider)
   at Microsoft.IdentityModel.Tokens.CryptoProviderFactory.CreateForSigning(SecurityKey key, String algorithm, Boolean cacheProvider)
   at Microsoft.IdentityModel.Tokens.CryptoProviderFactory.CreateForSigning(SecurityKey key, String algorithm)
   at Microsoft.IdentityModel.JsonWebTokens.JwtTokenUtilities.CreateEncodedSignature(String input, SigningCredentials signingCredentials)
   at System.IdentityModel.Tokens.Jwt.JwtSecurityTokenHandler.WriteToken(SecurityToken token)
   at SportAPI.Sport.Services.UserService.GenerateJwt(LoginDto dto) in C:\Users\Dell\Desktop\c#\SportAPI\SportAPI\Sport\Services\UserService.cs:line 98
   at SportAPI.Sport.Controllers.UserController.Login(LoginDto dto) in C:\Users\Dell\Desktop\c#\SportAPI\SportAPI\Sport\Controllers\UserController.cs:line 131
   at lambda_method19(Closure , Object )
   at Microsoft.AspNetCore.Mvc.Infrastructure.ActionMethodExecutor.AwaitableObjectResultExecutor.Execute(IActionResultTypeMapper mapper, ObjectMethodExecutor executor, Object controller, Object[] arguments)
   at Microsoft.AspNetCore.Mvc.Infrastructure.ControllerActionInvoker.<InvokeActionMethodAsync>g__Awaited|12_0(ControllerActionInvoker invoker, ValueTask`1 actionResultValueTask)
   at Microsoft.AspNetCore.Mvc.Infrastructure.ControllerActionInvoker.<InvokeNextActionFilterAsync>g__Awaited|10_0(ControllerActionInvoker invoker, Task lastTask, State next, Scope scope, Object state, Boolean isCompleted)
   at Microsoft.AspNetCore.Mvc.Infrastructure.ControllerActionInvoker.Rethrow(ActionExecutedContextSealed context)
   at Microsoft.AspNetCore.Mvc.Infrastructure.ControllerActionInvoker.Next(State& next, Scope& scope, Object& state, Boolean& isCompleted)
   at Microsoft.AspNetCore.Mvc.Infrastructure.ControllerActionInvoker.<InvokeInnerFilterAsync>g__Awaited|13_0(ControllerActionInvoker invoker, Task lastTask, State next, Scope scope, Object state, Boolean isCompleted)
   at Microsoft.AspNetCore.Mvc.Infrastructure.ResourceInvoker.<InvokeFilterPipelineAsync>g__Awaited|19_0(ResourceInvoker invoker, Task lastTask, State next, Scope scope, Object state, Boolean isCompleted)
   at Microsoft.AspNetCore.Mvc.Infrastructure.ResourceInvoker.<InvokeAsync>g__Awaited|17_0(ResourceInvoker invoker, Task task, IDisposable scope)
   at Microsoft.AspNetCore.Routing.EndpointMiddleware.<Invoke>g__AwaitRequestTask|6_0(Endpoint endpoint, Task requestTask, ILogger logger)
   at Microsoft.AspNetCore.Authorization.AuthorizationMiddleware.Invoke(HttpContext context)
   at Microsoft.AspNetCore.Authentication.AuthenticationMiddleware.Invoke(HttpContext context)
   at SportAPI.Middlewares.RequestResponseLoggingMiddleware.Invoke(HttpContext context) in C:\Users\Dell\Desktop\c#\SportAPI\SportAPI\Middlewares\RequestResponseLoggingMiddleware.cs:line 36
   at SportAPI.Middlewares.RequestResponseLoggingMiddleware.Invoke(HttpContext context) in C:\Users\Dell\Desktop\c#\SportAPI\SportAPI\Middlewares\RequestResponseLoggingMiddleware.cs:line 42
   at SportAPI.Middlewares.RequestResponseLoggingMiddleware.Invoke(HttpContext context) in C:\Users\Dell\Desktop\c#\SportAPI\SportAPI\Middlewares\RequestResponseLoggingMiddleware.cs:line 42
   at SportAPI.Middlewares.RequestTimeMiddleware.InvokeAsync(HttpContext context, RequestDelegate next) in C:\Users\Dell\Desktop\c#\SportAPI\SportAPI\Middlewares\RequestTimeMiddleware.cs:line 21
   at Microsoft.AspNetCore.Builder.UseMiddlewareExtensions.<>c__DisplayClass6_1.<<UseMiddlewareInterface>b__1>d.MoveNext()
--- End of stack trace from previous location ---
   at SportAPI.Middlewares.ErrorHandlingMiddleware.InvokeAsync(HttpContext context, RequestDelegate next) in C:\Users\Dell\Desktop\c#\SportAPI\SportAPI\Middlewares\ErrorHanglindMiddleware.cs:line 23
2021-12-17 00:59:12.2380|1|ERROR|Microsoft.AspNetCore.Diagnostics.DeveloperExceptionPageMiddleware|An unhandled exception has occurred while executing the request. System.ObjectDisposedException: Cannot access a closed Stream.
   at System.IO.MemoryStream.Write(Byte[] buffer, Int32 offset, Int32 count)
   at System.IO.MemoryStream.WriteAsync(ReadOnlyMemory`1 buffer, CancellationToken cancellationToken)
--- End of stack trace from previous location ---
   at System.IO.Pipelines.StreamPipeWriter.FlushAsyncInternal(Boolean writeToStream, CancellationToken cancellationToken)
   at SportAPI.Middlewares.ErrorHandlingMiddleware.InvokeAsync(HttpContext context, RequestDelegate next) in C:\Users\Dell\Desktop\c#\SportAPI\SportAPI\Middlewares\ErrorHanglindMiddleware.cs:line 40
   at Microsoft.AspNetCore.Builder.UseMiddlewareExtensions.<>c__DisplayClass6_1.<<UseMiddlewareInterface>b__1>d.MoveNext()
--- End of stack trace from previous location ---
   at SportAPI.Sport.UserMiddlewares.SportTokenAuthMiddleware.Invoke(HttpContext context) in C:\Users\Dell\Desktop\c#\SportAPI\SportAPI\Sport\UserMiddlewares\SportTokenAuthMiddleware.cs:line 50
   at Swashbuckle.AspNetCore.SwaggerUI.SwaggerUIMiddleware.Invoke(HttpContext httpContext)
   at Swashbuckle.AspNetCore.Swagger.SwaggerMiddleware.Invoke(HttpContext httpContext, ISwaggerProvider swaggerProvider)
   at Microsoft.AspNetCore.Diagnostics.DeveloperExceptionPageMiddleware.Invoke(HttpContext context)
2021-12-17 00:59:12.2871|3|ERROR|Microsoft.AspNetCore.Diagnostics.DeveloperExceptionPageMiddleware|An exception was thrown attempting to display the error page. System.ObjectDisposedException: Cannot access a closed Stream.
   at System.IO.MemoryStream.Write(Byte[] buffer, Int32 offset, Int32 count)
   at System.IO.MemoryStream.WriteAsync(ReadOnlyMemory`1 buffer, CancellationToken cancellationToken)
--- End of stack trace from previous location ---
   at System.IO.Pipelines.StreamPipeWriter.FlushAsyncInternal(Boolean writeToStream, CancellationToken cancellationToken)
   at Microsoft.AspNetCore.Diagnostics.DeveloperExceptionPageMiddleware.Invoke(HttpContext context)
2021-12-17 00:59:12.3180|2|ERROR|Microsoft.AspNetCore.Server.IIS.Core.IISHttpServer|Connection ID "18374686481282236438", Request ID "80000017-0000-ff00-b63f-84710c7967bb": An unhandled exception was thrown by the application. System.ObjectDisposedException: Cannot access a closed Stream.
   at System.IO.MemoryStream.Write(Byte[] buffer, Int32 offset, Int32 count)
   at System.IO.MemoryStream.WriteAsync(ReadOnlyMemory`1 buffer, CancellationToken cancellationToken)
--- End of stack trace from previous location ---
   at System.IO.Pipelines.StreamPipeWriter.FlushAsyncInternal(Boolean writeToStream, CancellationToken cancellationToken)
   at SportAPI.Middlewares.ErrorHandlingMiddleware.InvokeAsync(HttpContext context, RequestDelegate next) in C:\Users\Dell\Desktop\c#\SportAPI\SportAPI\Middlewares\ErrorHanglindMiddleware.cs:line 40
   at Microsoft.AspNetCore.Builder.UseMiddlewareExtensions.<>c__DisplayClass6_1.<<UseMiddlewareInterface>b__1>d.MoveNext()
--- End of stack trace from previous location ---
   at SportAPI.Sport.UserMiddlewares.SportTokenAuthMiddleware.Invoke(HttpContext context) in C:\Users\Dell\Desktop\c#\SportAPI\SportAPI\Sport\UserMiddlewares\SportTokenAuthMiddleware.cs:line 50
   at Swashbuckle.AspNetCore.SwaggerUI.SwaggerUIMiddleware.Invoke(HttpContext httpContext)
   at Swashbuckle.AspNetCore.Swagger.SwaggerMiddleware.Invoke(HttpContext httpContext, ISwaggerProvider swaggerProvider)
   at Microsoft.AspNetCore.Diagnostics.DeveloperExceptionPageMiddleware.Invoke(HttpContext context)
   at Microsoft.AspNetCore.Diagnostics.DeveloperExceptionPageMiddleware.Invoke(HttpContext context)
   at Microsoft.AspNetCore.Server.IIS.Core.IISHttpContextOfT`1.ProcessRequestAsync()
2021-12-17 01:02:25.3059|20601|WARN|Microsoft.EntityFrameworkCore.Model.Validation|The 'bool' property 'InHouse' on entity type 'Match' is configured with a database-generated default. This default will always be used for inserts when the property has the value 'false', since this is the CLR default for the 'bool' type. Consider using the nullable 'bool?' type instead so that the default will only be used for inserts when the property value is 'null'. 
2021-12-17 01:02:25.3908|20601|WARN|Microsoft.EntityFrameworkCore.Model.Validation|The 'bool' property 'HasOwnStadium' on entity type 'SportClub' is configured with a database-generated default. This default will always be used for inserts when the property has the value 'false', since this is the CLR default for the 'bool' type. Consider using the nullable 'bool?' type instead so that the default will only be used for inserts when the property value is 'null'. 
2021-12-17 01:02:25.4154|20601|WARN|Microsoft.EntityFrameworkCore.Model.Validation|The 'bool' property 'IsActive' on entity type 'User' is configured with a database-generated default. This default will always be used for inserts when the property has the value 'false', since this is the CLR default for the 'bool' type. Consider using the nullable 'bool?' type instead so that the default will only be used for inserts when the property value is 'null'. 
2021-12-17 01:02:27.3181||INFO|Microsoft.Hosting.Lifetime|Application started. Press Ctrl+C to shut down. 
2021-12-17 01:02:27.3236||INFO|Microsoft.Hosting.Lifetime|Hosting environment: Development 
2021-12-17 01:02:27.3236||INFO|Microsoft.Hosting.Lifetime|Content root path: C:\Users\Dell\Desktop\c#\SportAPI\SportAPI 
2021-12-17 01:02:55.6787||INFO|SportAPI.Middlewares.RequestResponseLoggingMiddleware|Request from 127.0.0.1(kubernetes.docker.internal): POST https://localhost:44377/api/User/login {"login":"bartosz.mrozek@wp.pl","password":"Marcingrafik1#"} 
2021-12-17 01:04:24.6301||ERROR|SportAPI.Middlewares.ErrorHandlingMiddleware|IDX10653: The encryption algorithm 'System.String' requires a key size of at least 'System.Int32' bits. Key 'Microsoft.IdentityModel.Tokens.SymmetricSecurityKey', is of size: 'System.Int32'. (Parameter 'key') System.ArgumentOutOfRangeException: IDX10653: The encryption algorithm 'System.String' requires a key size of at least 'System.Int32' bits. Key 'Microsoft.IdentityModel.Tokens.SymmetricSecurityKey', is of size: 'System.Int32'. (Parameter 'key')
   at Microsoft.IdentityModel.Tokens.SymmetricSignatureProvider..ctor(SecurityKey key, String algorithm, Boolean willCreateSignatures)
   at Microsoft.IdentityModel.Tokens.CryptoProviderFactory.CreateSignatureProvider(SecurityKey key, String algorithm, Boolean willCreateSignatures, Boolean cacheProvider)
   at Microsoft.IdentityModel.Tokens.CryptoProviderFactory.CreateForSigning(SecurityKey key, String algorithm, Boolean cacheProvider)
   at Microsoft.IdentityModel.Tokens.CryptoProviderFactory.CreateForSigning(SecurityKey key, String algorithm)
   at Microsoft.IdentityModel.JsonWebTokens.JwtTokenUtilities.CreateEncodedSignature(String input, SigningCredentials signingCredentials)
   at System.IdentityModel.Tokens.Jwt.JwtSecurityTokenHandler.WriteToken(SecurityToken token)
   at SportAPI.Sport.Services.UserService.GenerateJwt(LoginDto dto) in C:\Users\Dell\Desktop\c#\SportAPI\SportAPI\Sport\Services\UserService.cs:line 99
   at SportAPI.Sport.Controllers.UserController.Login(LoginDto dto) in C:\Users\Dell\Desktop\c#\SportAPI\SportAPI\Sport\Controllers\UserController.cs:line 131
   at lambda_method19(Closure , Object )
   at Microsoft.AspNetCore.Mvc.Infrastructure.ActionMethodExecutor.AwaitableObjectResultExecutor.Execute(IActionResultTypeMapper mapper, ObjectMethodExecutor executor, Object controller, Object[] arguments)
   at Microsoft.AspNetCore.Mvc.Infrastructure.ControllerActionInvoker.<InvokeActionMethodAsync>g__Awaited|12_0(ControllerActionInvoker invoker, ValueTask`1 actionResultValueTask)
   at Microsoft.AspNetCore.Mvc.Infrastructure.ControllerActionInvoker.<InvokeNextActionFilterAsync>g__Awaited|10_0(ControllerActionInvoker invoker, Task lastTask, State next, Scope scope, Object state, Boolean isCompleted)
   at Microsoft.AspNetCore.Mvc.Infrastructure.ControllerActionInvoker.Rethrow(ActionExecutedContextSealed context)
   at Microsoft.AspNetCore.Mvc.Infrastructure.ControllerActionInvoker.Next(State& next, Scope& scope, Object& state, Boolean& isCompleted)
   at Microsoft.AspNetCore.Mvc.Infrastructure.ControllerActionInvoker.<InvokeInnerFilterAsync>g__Awaited|13_0(ControllerActionInvoker invoker, Task lastTask, State next, Scope scope, Object state, Boolean isCompleted)
   at Microsoft.AspNetCore.Mvc.Infrastructure.ResourceInvoker.<InvokeFilterPipelineAsync>g__Awaited|19_0(ResourceInvoker invoker, Task lastTask, State next, Scope scope, Object state, Boolean isCompleted)
   at Microsoft.AspNetCore.Mvc.Infrastructure.ResourceInvoker.<InvokeAsync>g__Awaited|17_0(ResourceInvoker invoker, Task task, IDisposable scope)
   at Microsoft.AspNetCore.Routing.EndpointMiddleware.<Invoke>g__AwaitRequestTask|6_0(Endpoint endpoint, Task requestTask, ILogger logger)
   at Microsoft.AspNetCore.Authorization.AuthorizationMiddleware.Invoke(HttpContext context)
   at Microsoft.AspNetCore.Authentication.AuthenticationMiddleware.Invoke(HttpContext context)
   at SportAPI.Middlewares.RequestResponseLoggingMiddleware.Invoke(HttpContext context) in C:\Users\Dell\Desktop\c#\SportAPI\SportAPI\Middlewares\RequestResponseLoggingMiddleware.cs:line 36
   at SportAPI.Middlewares.RequestResponseLoggingMiddleware.Invoke(HttpContext context) in C:\Users\Dell\Desktop\c#\SportAPI\SportAPI\Middlewares\RequestResponseLoggingMiddleware.cs:line 42
   at SportAPI.Middlewares.RequestResponseLoggingMiddleware.Invoke(HttpContext context) in C:\Users\Dell\Desktop\c#\SportAPI\SportAPI\Middlewares\RequestResponseLoggingMiddleware.cs:line 42
   at SportAPI.Middlewares.RequestTimeMiddleware.InvokeAsync(HttpContext context, RequestDelegate next) in C:\Users\Dell\Desktop\c#\SportAPI\SportAPI\Middlewares\RequestTimeMiddleware.cs:line 21
   at Microsoft.AspNetCore.Builder.UseMiddlewareExtensions.<>c__DisplayClass6_1.<<UseMiddlewareInterface>b__1>d.MoveNext()
--- End of stack trace from previous location ---
   at SportAPI.Middlewares.ErrorHandlingMiddleware.InvokeAsync(HttpContext context, RequestDelegate next) in C:\Users\Dell\Desktop\c#\SportAPI\SportAPI\Middlewares\ErrorHanglindMiddleware.cs:line 23
2021-12-17 01:04:25.1618|1|ERROR|Microsoft.AspNetCore.Diagnostics.DeveloperExceptionPageMiddleware|An unhandled exception has occurred while executing the request. System.ObjectDisposedException: Cannot access a closed Stream.
   at System.IO.MemoryStream.Write(Byte[] buffer, Int32 offset, Int32 count)
   at System.IO.MemoryStream.WriteAsync(ReadOnlyMemory`1 buffer, CancellationToken cancellationToken)
--- End of stack trace from previous location ---
   at System.IO.Pipelines.StreamPipeWriter.FlushAsyncInternal(Boolean writeToStream, CancellationToken cancellationToken)
   at SportAPI.Middlewares.ErrorHandlingMiddleware.InvokeAsync(HttpContext context, RequestDelegate next) in C:\Users\Dell\Desktop\c#\SportAPI\SportAPI\Middlewares\ErrorHanglindMiddleware.cs:line 40
   at Microsoft.AspNetCore.Builder.UseMiddlewareExtensions.<>c__DisplayClass6_1.<<UseMiddlewareInterface>b__1>d.MoveNext()
--- End of stack trace from previous location ---
   at SportAPI.Sport.UserMiddlewares.SportTokenAuthMiddleware.Invoke(HttpContext context) in C:\Users\Dell\Desktop\c#\SportAPI\SportAPI\Sport\UserMiddlewares\SportTokenAuthMiddleware.cs:line 50
   at Swashbuckle.AspNetCore.SwaggerUI.SwaggerUIMiddleware.Invoke(HttpContext httpContext)
   at Swashbuckle.AspNetCore.Swagger.SwaggerMiddleware.Invoke(HttpContext httpContext, ISwaggerProvider swaggerProvider)
   at Microsoft.AspNetCore.Diagnostics.DeveloperExceptionPageMiddleware.Invoke(HttpContext context)
2021-12-17 01:04:25.1813|3|ERROR|Microsoft.AspNetCore.Diagnostics.DeveloperExceptionPageMiddleware|An exception was thrown attempting to display the error page. System.ObjectDisposedException: Cannot access a closed Stream.
   at System.IO.MemoryStream.Write(Byte[] buffer, Int32 offset, Int32 count)
   at System.IO.MemoryStream.WriteAsync(ReadOnlyMemory`1 buffer, CancellationToken cancellationToken)
--- End of stack trace from previous location ---
   at System.IO.Pipelines.StreamPipeWriter.FlushAsyncInternal(Boolean writeToStream, CancellationToken cancellationToken)
   at Microsoft.AspNetCore.Diagnostics.DeveloperExceptionPageMiddleware.Invoke(HttpContext context)
2021-12-17 01:04:25.1979|2|ERROR|Microsoft.AspNetCore.Server.IIS.Core.IISHttpServer|Connection ID "18374686485577203743", Request ID "80000020-0001-ff00-b63f-84710c7967bb": An unhandled exception was thrown by the application. System.ObjectDisposedException: Cannot access a closed Stream.
   at System.IO.MemoryStream.Write(Byte[] buffer, Int32 offset, Int32 count)
   at System.IO.MemoryStream.WriteAsync(ReadOnlyMemory`1 buffer, CancellationToken cancellationToken)
--- End of stack trace from previous location ---
   at System.IO.Pipelines.StreamPipeWriter.FlushAsyncInternal(Boolean writeToStream, CancellationToken cancellationToken)
   at SportAPI.Middlewares.ErrorHandlingMiddleware.InvokeAsync(HttpContext context, RequestDelegate next) in C:\Users\Dell\Desktop\c#\SportAPI\SportAPI\Middlewares\ErrorHanglindMiddleware.cs:line 40
   at Microsoft.AspNetCore.Builder.UseMiddlewareExtensions.<>c__DisplayClass6_1.<<UseMiddlewareInterface>b__1>d.MoveNext()
--- End of stack trace from previous location ---
   at SportAPI.Sport.UserMiddlewares.SportTokenAuthMiddleware.Invoke(HttpContext context) in C:\Users\Dell\Desktop\c#\SportAPI\SportAPI\Sport\UserMiddlewares\SportTokenAuthMiddleware.cs:line 50
   at Swashbuckle.AspNetCore.SwaggerUI.SwaggerUIMiddleware.Invoke(HttpContext httpContext)
   at Swashbuckle.AspNetCore.Swagger.SwaggerMiddleware.Invoke(HttpContext httpContext, ISwaggerProvider swaggerProvider)
   at Microsoft.AspNetCore.Diagnostics.DeveloperExceptionPageMiddleware.Invoke(HttpContext context)
   at Microsoft.AspNetCore.Diagnostics.DeveloperExceptionPageMiddleware.Invoke(HttpContext context)
   at Microsoft.AspNetCore.Server.IIS.Core.IISHttpContextOfT`1.ProcessRequestAsync()
2021-12-17 01:04:41.2115||INFO|SportAPI.Middlewares.RequestResponseLoggingMiddleware|Request from 127.0.0.1(kubernetes.docker.internal): POST https://localhost:44377/api/User/login {"login":"bartosz.mrozek@wp.pl","password":"Marcinxxgrafik1#"} 
2021-12-17 01:04:45.6925|1|ERROR|Microsoft.AspNetCore.Diagnostics.DeveloperExceptionPageMiddleware|An unhandled exception has occurred while executing the request. System.ObjectDisposedException: Cannot access a closed Stream.
   at System.IO.MemoryStream.Write(Byte[] buffer, Int32 offset, Int32 count)
   at System.IO.MemoryStream.WriteAsync(ReadOnlyMemory`1 buffer, CancellationToken cancellationToken)
--- End of stack trace from previous location ---
   at System.IO.Pipelines.StreamPipeWriter.FlushAsyncInternal(Boolean writeToStream, CancellationToken cancellationToken)
   at SportAPI.Middlewares.ErrorHandlingMiddleware.InvokeAsync(HttpContext context, RequestDelegate next) in C:\Users\Dell\Desktop\c#\SportAPI\SportAPI\Middlewares\ErrorHanglindMiddleware.cs:line 28
   at Microsoft.AspNetCore.Builder.UseMiddlewareExtensions.<>c__DisplayClass6_1.<<UseMiddlewareInterface>b__1>d.MoveNext()
--- End of stack trace from previous location ---
   at SportAPI.Sport.UserMiddlewares.SportTokenAuthMiddleware.Invoke(HttpContext context) in C:\Users\Dell\Desktop\c#\SportAPI\SportAPI\Sport\UserMiddlewares\SportTokenAuthMiddleware.cs:line 50
   at Swashbuckle.AspNetCore.SwaggerUI.SwaggerUIMiddleware.Invoke(HttpContext httpContext)
   at Swashbuckle.AspNetCore.Swagger.SwaggerMiddleware.Invoke(HttpContext httpContext, ISwaggerProvider swaggerProvider)
   at Microsoft.AspNetCore.Diagnostics.DeveloperExceptionPageMiddleware.Invoke(HttpContext context)
2021-12-17 01:04:45.7090|3|ERROR|Microsoft.AspNetCore.Diagnostics.DeveloperExceptionPageMiddleware|An exception was thrown attempting to display the error page. System.ObjectDisposedException: Cannot access a closed Stream.
   at System.IO.MemoryStream.Write(Byte[] buffer, Int32 offset, Int32 count)
   at System.IO.MemoryStream.WriteAsync(ReadOnlyMemory`1 buffer, CancellationToken cancellationToken)
--- End of stack trace from previous location ---
   at System.IO.Pipelines.StreamPipeWriter.FlushAsyncInternal(Boolean writeToStream, CancellationToken cancellationToken)
   at Microsoft.AspNetCore.Diagnostics.DeveloperExceptionPageMiddleware.Invoke(HttpContext context)
2021-12-17 01:04:45.7269|2|ERROR|Microsoft.AspNetCore.Server.IIS.Core.IISHttpServer|Connection ID "18374686485577203745", Request ID "80000022-0001-ff00-b63f-84710c7967bb": An unhandled exception was thrown by the application. System.ObjectDisposedException: Cannot access a closed Stream.
   at System.IO.MemoryStream.Write(Byte[] buffer, Int32 offset, Int32 count)
   at System.IO.MemoryStream.WriteAsync(ReadOnlyMemory`1 buffer, CancellationToken cancellationToken)
--- End of stack trace from previous location ---
   at System.IO.Pipelines.StreamPipeWriter.FlushAsyncInternal(Boolean writeToStream, CancellationToken cancellationToken)
   at SportAPI.Middlewares.ErrorHandlingMiddleware.InvokeAsync(HttpContext context, RequestDelegate next) in C:\Users\Dell\Desktop\c#\SportAPI\SportAPI\Middlewares\ErrorHanglindMiddleware.cs:line 28
   at Microsoft.AspNetCore.Builder.UseMiddlewareExtensions.<>c__DisplayClass6_1.<<UseMiddlewareInterface>b__1>d.MoveNext()
--- End of stack trace from previous location ---
   at SportAPI.Sport.UserMiddlewares.SportTokenAuthMiddleware.Invoke(HttpContext context) in C:\Users\Dell\Desktop\c#\SportAPI\SportAPI\Sport\UserMiddlewares\SportTokenAuthMiddleware.cs:line 50
   at Swashbuckle.AspNetCore.SwaggerUI.SwaggerUIMiddleware.Invoke(HttpContext httpContext)
   at Swashbuckle.AspNetCore.Swagger.SwaggerMiddleware.Invoke(HttpContext httpContext, ISwaggerProvider swaggerProvider)
   at Microsoft.AspNetCore.Diagnostics.DeveloperExceptionPageMiddleware.Invoke(HttpContext context)
   at Microsoft.AspNetCore.Diagnostics.DeveloperExceptionPageMiddleware.Invoke(HttpContext context)
   at Microsoft.AspNetCore.Server.IIS.Core.IISHttpContextOfT`1.ProcessRequestAsync()
2021-12-17 01:04:51.4245||INFO|SportAPI.Middlewares.RequestResponseLoggingMiddleware|Request from 127.0.0.1(kubernetes.docker.internal): POST https://localhost:44377/api/User/login {"login":"bartosz.mrozek@wp.pl","password":"Marcinxxgrafik1#"} 
2021-12-17 01:05:04.8521|1|ERROR|Microsoft.AspNetCore.Diagnostics.DeveloperExceptionPageMiddleware|An unhandled exception has occurred while executing the request. System.ObjectDisposedException: Cannot access a closed Stream.
   at System.IO.MemoryStream.Write(Byte[] buffer, Int32 offset, Int32 count)
   at System.IO.MemoryStream.WriteAsync(ReadOnlyMemory`1 buffer, CancellationToken cancellationToken)
--- End of stack trace from previous location ---
   at System.IO.Pipelines.StreamPipeWriter.FlushAsyncInternal(Boolean writeToStream, CancellationToken cancellationToken)
   at SportAPI.Middlewares.ErrorHandlingMiddleware.InvokeAsync(HttpContext context, RequestDelegate next) in C:\Users\Dell\Desktop\c#\SportAPI\SportAPI\Middlewares\ErrorHanglindMiddleware.cs:line 28
   at Microsoft.AspNetCore.Builder.UseMiddlewareExtensions.<>c__DisplayClass6_1.<<UseMiddlewareInterface>b__1>d.MoveNext()
--- End of stack trace from previous location ---
   at SportAPI.Sport.UserMiddlewares.SportTokenAuthMiddleware.Invoke(HttpContext context) in C:\Users\Dell\Desktop\c#\SportAPI\SportAPI\Sport\UserMiddlewares\SportTokenAuthMiddleware.cs:line 50
   at Swashbuckle.AspNetCore.SwaggerUI.SwaggerUIMiddleware.Invoke(HttpContext httpContext)
   at Swashbuckle.AspNetCore.Swagger.SwaggerMiddleware.Invoke(HttpContext httpContext, ISwaggerProvider swaggerProvider)
   at Microsoft.AspNetCore.Diagnostics.DeveloperExceptionPageMiddleware.Invoke(HttpContext context)
2021-12-17 01:05:04.8521|3|ERROR|Microsoft.AspNetCore.Diagnostics.DeveloperExceptionPageMiddleware|An exception was thrown attempting to display the error page. System.ObjectDisposedException: Cannot access a closed Stream.
   at System.IO.MemoryStream.Write(Byte[] buffer, Int32 offset, Int32 count)
   at System.IO.MemoryStream.WriteAsync(ReadOnlyMemory`1 buffer, CancellationToken cancellationToken)
--- End of stack trace from previous location ---
   at System.IO.Pipelines.StreamPipeWriter.FlushAsyncInternal(Boolean writeToStream, CancellationToken cancellationToken)
   at Microsoft.AspNetCore.Diagnostics.DeveloperExceptionPageMiddleware.Invoke(HttpContext context)
2021-12-17 01:05:04.8707|2|ERROR|Microsoft.AspNetCore.Server.IIS.Core.IISHttpServer|Connection ID "18374686489872171027", Request ID "80000014-0002-ff00-b63f-84710c7967bb": An unhandled exception was thrown by the application. System.ObjectDisposedException: Cannot access a closed Stream.
   at System.IO.MemoryStream.Write(Byte[] buffer, Int32 offset, Int32 count)
   at System.IO.MemoryStream.WriteAsync(ReadOnlyMemory`1 buffer, CancellationToken cancellationToken)
--- End of stack trace from previous location ---
   at System.IO.Pipelines.StreamPipeWriter.FlushAsyncInternal(Boolean writeToStream, CancellationToken cancellationToken)
   at SportAPI.Middlewares.ErrorHandlingMiddleware.InvokeAsync(HttpContext context, RequestDelegate next) in C:\Users\Dell\Desktop\c#\SportAPI\SportAPI\Middlewares\ErrorHanglindMiddleware.cs:line 28
   at Microsoft.AspNetCore.Builder.UseMiddlewareExtensions.<>c__DisplayClass6_1.<<UseMiddlewareInterface>b__1>d.MoveNext()
--- End of stack trace from previous location ---
   at SportAPI.Sport.UserMiddlewares.SportTokenAuthMiddleware.Invoke(HttpContext context) in C:\Users\Dell\Desktop\c#\SportAPI\SportAPI\Sport\UserMiddlewares\SportTokenAuthMiddleware.cs:line 50
   at Swashbuckle.AspNetCore.SwaggerUI.SwaggerUIMiddleware.Invoke(HttpContext httpContext)
   at Swashbuckle.AspNetCore.Swagger.SwaggerMiddleware.Invoke(HttpContext httpContext, ISwaggerProvider swaggerProvider)
   at Microsoft.AspNetCore.Diagnostics.DeveloperExceptionPageMiddleware.Invoke(HttpContext context)
   at Microsoft.AspNetCore.Diagnostics.DeveloperExceptionPageMiddleware.Invoke(HttpContext context)
   at Microsoft.AspNetCore.Server.IIS.Core.IISHttpContextOfT`1.ProcessRequestAsync()
2021-12-17 01:06:59.3690|20601|WARN|Microsoft.EntityFrameworkCore.Model.Validation|The 'bool' property 'InHouse' on entity type 'Match' is configured with a database-generated default. This default will always be used for inserts when the property has the value 'false', since this is the CLR default for the 'bool' type. Consider using the nullable 'bool?' type instead so that the default will only be used for inserts when the property value is 'null'. 
2021-12-17 01:06:59.4757|20601|WARN|Microsoft.EntityFrameworkCore.Model.Validation|The 'bool' property 'HasOwnStadium' on entity type 'SportClub' is configured with a database-generated default. This default will always be used for inserts when the property has the value 'false', since this is the CLR default for the 'bool' type. Consider using the nullable 'bool?' type instead so that the default will only be used for inserts when the property value is 'null'. 
2021-12-17 01:06:59.4757|20601|WARN|Microsoft.EntityFrameworkCore.Model.Validation|The 'bool' property 'IsActive' on entity type 'User' is configured with a database-generated default. This default will always be used for inserts when the property has the value 'false', since this is the CLR default for the 'bool' type. Consider using the nullable 'bool?' type instead so that the default will only be used for inserts when the property value is 'null'. 
2021-12-17 01:07:01.4393||INFO|Microsoft.Hosting.Lifetime|Application started. Press Ctrl+C to shut down. 
2021-12-17 01:07:01.4504||INFO|Microsoft.Hosting.Lifetime|Hosting environment: Development 
2021-12-17 01:07:01.4504||INFO|Microsoft.Hosting.Lifetime|Content root path: C:\Users\Dell\Desktop\c#\SportAPI\SportAPI 
2021-12-17 01:07:40.2239||INFO|SportAPI.Middlewares.RequestResponseLoggingMiddleware|Request from 127.0.0.1(kubernetes.docker.internal): POST https://localhost:44377/api/User/login {"login":"string","password":"string"} 
2021-12-17 01:07:52.2345|1|ERROR|Microsoft.AspNetCore.Diagnostics.DeveloperExceptionPageMiddleware|An unhandled exception has occurred while executing the request. System.ObjectDisposedException: Cannot access a closed Stream.
   at System.IO.MemoryStream.Write(Byte[] buffer, Int32 offset, Int32 count)
   at System.IO.MemoryStream.WriteAsync(ReadOnlyMemory`1 buffer, CancellationToken cancellationToken)
--- End of stack trace from previous location ---
   at System.IO.Pipelines.StreamPipeWriter.FlushAsyncInternal(Boolean writeToStream, CancellationToken cancellationToken)
   at SportAPI.Middlewares.ErrorHandlingMiddleware.InvokeAsync(HttpContext context, RequestDelegate next) in C:\Users\Dell\Desktop\c#\SportAPI\SportAPI\Middlewares\ErrorHanglindMiddleware.cs:line 28
   at Microsoft.AspNetCore.Builder.UseMiddlewareExtensions.<>c__DisplayClass6_1.<<UseMiddlewareInterface>b__1>d.MoveNext()
--- End of stack trace from previous location ---
   at SportAPI.Sport.UserMiddlewares.SportTokenAuthMiddleware.Invoke(HttpContext context) in C:\Users\Dell\Desktop\c#\SportAPI\SportAPI\Sport\UserMiddlewares\SportTokenAuthMiddleware.cs:line 50
   at Swashbuckle.AspNetCore.SwaggerUI.SwaggerUIMiddleware.Invoke(HttpContext httpContext)
   at Swashbuckle.AspNetCore.Swagger.SwaggerMiddleware.Invoke(HttpContext httpContext, ISwaggerProvider swaggerProvider)
   at Microsoft.AspNetCore.Diagnostics.DeveloperExceptionPageMiddleware.Invoke(HttpContext context)
2021-12-17 01:07:52.2752|3|ERROR|Microsoft.AspNetCore.Diagnostics.DeveloperExceptionPageMiddleware|An exception was thrown attempting to display the error page. System.ObjectDisposedException: Cannot access a closed Stream.
   at System.IO.MemoryStream.Write(Byte[] buffer, Int32 offset, Int32 count)
   at System.IO.MemoryStream.WriteAsync(ReadOnlyMemory`1 buffer, CancellationToken cancellationToken)
--- End of stack trace from previous location ---
   at System.IO.Pipelines.StreamPipeWriter.FlushAsyncInternal(Boolean writeToStream, CancellationToken cancellationToken)
   at Microsoft.AspNetCore.Diagnostics.DeveloperExceptionPageMiddleware.Invoke(HttpContext context)
2021-12-17 01:07:52.2912|2|ERROR|Microsoft.AspNetCore.Server.IIS.Core.IISHttpServer|Connection ID "18158513712053354516", Request ID "80000015-0003-fc00-b63f-84710c7967bb": An unhandled exception was thrown by the application. System.ObjectDisposedException: Cannot access a closed Stream.
   at System.IO.MemoryStream.Write(Byte[] buffer, Int32 offset, Int32 count)
   at System.IO.MemoryStream.WriteAsync(ReadOnlyMemory`1 buffer, CancellationToken cancellationToken)
--- End of stack trace from previous location ---
   at System.IO.Pipelines.StreamPipeWriter.FlushAsyncInternal(Boolean writeToStream, CancellationToken cancellationToken)
   at SportAPI.Middlewares.ErrorHandlingMiddleware.InvokeAsync(HttpContext context, RequestDelegate next) in C:\Users\Dell\Desktop\c#\SportAPI\SportAPI\Middlewares\ErrorHanglindMiddleware.cs:line 28
   at Microsoft.AspNetCore.Builder.UseMiddlewareExtensions.<>c__DisplayClass6_1.<<UseMiddlewareInterface>b__1>d.MoveNext()
--- End of stack trace from previous location ---
   at SportAPI.Sport.UserMiddlewares.SportTokenAuthMiddleware.Invoke(HttpContext context) in C:\Users\Dell\Desktop\c#\SportAPI\SportAPI\Sport\UserMiddlewares\SportTokenAuthMiddleware.cs:line 50
   at Swashbuckle.AspNetCore.SwaggerUI.SwaggerUIMiddleware.Invoke(HttpContext httpContext)
   at Swashbuckle.AspNetCore.Swagger.SwaggerMiddleware.Invoke(HttpContext httpContext, ISwaggerProvider swaggerProvider)
   at Microsoft.AspNetCore.Diagnostics.DeveloperExceptionPageMiddleware.Invoke(HttpContext context)
   at Microsoft.AspNetCore.Diagnostics.DeveloperExceptionPageMiddleware.Invoke(HttpContext context)
   at Microsoft.AspNetCore.Server.IIS.Core.IISHttpContextOfT`1.ProcessRequestAsync()
