2021-12-16 17:25:34.2923|20601|WARN|Microsoft.EntityFrameworkCore.Model.Validation|The 'bool' property 'InHouse' on entity type 'Match' is configured with a database-generated default. This default will always be used for inserts when the property has the value 'false', since this is the CLR default for the 'bool' type. Consider using the nullable 'bool?' type instead so that the default will only be used for inserts when the property value is 'null'. 
2021-12-16 17:25:34.3330|20601|WARN|Microsoft.EntityFrameworkCore.Model.Validation|The 'bool' property 'HasOwnStadium' on entity type 'SportClub' is configured with a database-generated default. This default will always be used for inserts when the property has the value 'false', since this is the CLR default for the 'bool' type. Consider using the nullable 'bool?' type instead so that the default will only be used for inserts when the property value is 'null'. 
2021-12-16 17:25:34.3372|20601|WARN|Microsoft.EntityFrameworkCore.Model.Validation|The 'bool' property 'IsActive' on entity type 'User' is configured with a database-generated default. This default will always be used for inserts when the property has the value 'false', since this is the CLR default for the 'bool' type. Consider using the nullable 'bool?' type instead so that the default will only be used for inserts when the property value is 'null'. 
2021-12-16 17:25:50.7469|20601|WARN|Microsoft.EntityFrameworkCore.Model.Validation|The 'bool' property 'InHouse' on entity type 'Match' is configured with a database-generated default. This default will always be used for inserts when the property has the value 'false', since this is the CLR default for the 'bool' type. Consider using the nullable 'bool?' type instead so that the default will only be used for inserts when the property value is 'null'. 
2021-12-16 17:25:50.7914|20601|WARN|Microsoft.EntityFrameworkCore.Model.Validation|The 'bool' property 'HasOwnStadium' on entity type 'SportClub' is configured with a database-generated default. This default will always be used for inserts when the property has the value 'false', since this is the CLR default for the 'bool' type. Consider using the nullable 'bool?' type instead so that the default will only be used for inserts when the property value is 'null'. 
2021-12-16 17:25:50.7914|20601|WARN|Microsoft.EntityFrameworkCore.Model.Validation|The 'bool' property 'IsActive' on entity type 'User' is configured with a database-generated default. This default will always be used for inserts when the property has the value 'false', since this is the CLR default for the 'bool' type. Consider using the nullable 'bool?' type instead so that the default will only be used for inserts when the property value is 'null'. 
2021-12-16 17:27:58.9004|20601|WARN|Microsoft.EntityFrameworkCore.Model.Validation|The 'bool' property 'InHouse' on entity type 'Match' is configured with a database-generated default. This default will always be used for inserts when the property has the value 'false', since this is the CLR default for the 'bool' type. Consider using the nullable 'bool?' type instead so that the default will only be used for inserts when the property value is 'null'. 
2021-12-16 17:27:58.9548|20601|WARN|Microsoft.EntityFrameworkCore.Model.Validation|The 'bool' property 'HasOwnStadium' on entity type 'SportClub' is configured with a database-generated default. This default will always be used for inserts when the property has the value 'false', since this is the CLR default for the 'bool' type. Consider using the nullable 'bool?' type instead so that the default will only be used for inserts when the property value is 'null'. 
2021-12-16 17:27:58.9593|20601|WARN|Microsoft.EntityFrameworkCore.Model.Validation|The 'bool' property 'IsActive' on entity type 'User' is configured with a database-generated default. This default will always be used for inserts when the property has the value 'false', since this is the CLR default for the 'bool' type. Consider using the nullable 'bool?' type instead so that the default will only be used for inserts when the property value is 'null'. 
2021-12-16 17:28:16.6283|20601|WARN|Microsoft.EntityFrameworkCore.Model.Validation|The 'bool' property 'InHouse' on entity type 'Match' is configured with a database-generated default. This default will always be used for inserts when the property has the value 'false', since this is the CLR default for the 'bool' type. Consider using the nullable 'bool?' type instead so that the default will only be used for inserts when the property value is 'null'. 
2021-12-16 17:28:16.6852|20601|WARN|Microsoft.EntityFrameworkCore.Model.Validation|The 'bool' property 'HasOwnStadium' on entity type 'SportClub' is configured with a database-generated default. This default will always be used for inserts when the property has the value 'false', since this is the CLR default for the 'bool' type. Consider using the nullable 'bool?' type instead so that the default will only be used for inserts when the property value is 'null'. 
2021-12-16 17:28:16.6852|20601|WARN|Microsoft.EntityFrameworkCore.Model.Validation|The 'bool' property 'IsActive' on entity type 'User' is configured with a database-generated default. This default will always be used for inserts when the property has the value 'false', since this is the CLR default for the 'bool' type. Consider using the nullable 'bool?' type instead so that the default will only be used for inserts when the property value is 'null'. 
2021-12-16 17:28:17.7615|20102|ERROR|Microsoft.EntityFrameworkCore.Database.Command|Failed executing DbCommand (28ms) [Parameters=[], CommandType='Text', CommandTimeout='30']
ALTER TABLE [Sport].[User] ADD CONSTRAINT [FK_User_Role_RoleId] FOREIGN KEY ([RoleId]) REFERENCES [Sport].[Role] ([Id]) ON DELETE CASCADE; 
2021-12-16 17:30:53.1992|20601|WARN|Microsoft.EntityFrameworkCore.Model.Validation|The 'bool' property 'InHouse' on entity type 'Match' is configured with a database-generated default. This default will always be used for inserts when the property has the value 'false', since this is the CLR default for the 'bool' type. Consider using the nullable 'bool?' type instead so that the default will only be used for inserts when the property value is 'null'. 
2021-12-16 17:30:53.2604|20601|WARN|Microsoft.EntityFrameworkCore.Model.Validation|The 'bool' property 'HasOwnStadium' on entity type 'SportClub' is configured with a database-generated default. This default will always be used for inserts when the property has the value 'false', since this is the CLR default for the 'bool' type. Consider using the nullable 'bool?' type instead so that the default will only be used for inserts when the property value is 'null'. 
2021-12-16 17:30:53.2604|20601|WARN|Microsoft.EntityFrameworkCore.Model.Validation|The 'bool' property 'IsActive' on entity type 'User' is configured with a database-generated default. This default will always be used for inserts when the property has the value 'false', since this is the CLR default for the 'bool' type. Consider using the nullable 'bool?' type instead so that the default will only be used for inserts when the property value is 'null'. 
2021-12-16 17:30:54.1255|20102|ERROR|Microsoft.EntityFrameworkCore.Database.Command|Failed executing DbCommand (13ms) [Parameters=[], CommandType='Text', CommandTimeout='30']
ALTER TABLE [Sport].[User] ADD CONSTRAINT [FK_User_Role_RoleId] FOREIGN KEY ([RoleId]) REFERENCES [Sport].[Role] ([Id]) ON DELETE CASCADE; 
2021-12-16 17:31:35.1563|20601|WARN|Microsoft.EntityFrameworkCore.Model.Validation|The 'bool' property 'InHouse' on entity type 'Match' is configured with a database-generated default. This default will always be used for inserts when the property has the value 'false', since this is the CLR default for the 'bool' type. Consider using the nullable 'bool?' type instead so that the default will only be used for inserts when the property value is 'null'. 
2021-12-16 17:31:35.1950|20601|WARN|Microsoft.EntityFrameworkCore.Model.Validation|The 'bool' property 'HasOwnStadium' on entity type 'SportClub' is configured with a database-generated default. This default will always be used for inserts when the property has the value 'false', since this is the CLR default for the 'bool' type. Consider using the nullable 'bool?' type instead so that the default will only be used for inserts when the property value is 'null'. 
2021-12-16 17:31:35.1950|20601|WARN|Microsoft.EntityFrameworkCore.Model.Validation|The 'bool' property 'IsActive' on entity type 'User' is configured with a database-generated default. This default will always be used for inserts when the property has the value 'false', since this is the CLR default for the 'bool' type. Consider using the nullable 'bool?' type instead so that the default will only be used for inserts when the property value is 'null'. 
2021-12-16 17:31:54.9249|20601|WARN|Microsoft.EntityFrameworkCore.Model.Validation|The 'bool' property 'InHouse' on entity type 'Match' is configured with a database-generated default. This default will always be used for inserts when the property has the value 'false', since this is the CLR default for the 'bool' type. Consider using the nullable 'bool?' type instead so that the default will only be used for inserts when the property value is 'null'. 
2021-12-16 17:31:54.9975|20601|WARN|Microsoft.EntityFrameworkCore.Model.Validation|The 'bool' property 'HasOwnStadium' on entity type 'SportClub' is configured with a database-generated default. This default will always be used for inserts when the property has the value 'false', since this is the CLR default for the 'bool' type. Consider using the nullable 'bool?' type instead so that the default will only be used for inserts when the property value is 'null'. 
2021-12-16 17:31:54.9975|20601|WARN|Microsoft.EntityFrameworkCore.Model.Validation|The 'bool' property 'IsActive' on entity type 'User' is configured with a database-generated default. This default will always be used for inserts when the property has the value 'false', since this is the CLR default for the 'bool' type. Consider using the nullable 'bool?' type instead so that the default will only be used for inserts when the property value is 'null'. 
2021-12-16 17:32:56.1608|20601|WARN|Microsoft.EntityFrameworkCore.Model.Validation|The 'bool' property 'InHouse' on entity type 'Match' is configured with a database-generated default. This default will always be used for inserts when the property has the value 'false', since this is the CLR default for the 'bool' type. Consider using the nullable 'bool?' type instead so that the default will only be used for inserts when the property value is 'null'. 
2021-12-16 17:32:56.2008|20601|WARN|Microsoft.EntityFrameworkCore.Model.Validation|The 'bool' property 'HasOwnStadium' on entity type 'SportClub' is configured with a database-generated default. This default will always be used for inserts when the property has the value 'false', since this is the CLR default for the 'bool' type. Consider using the nullable 'bool?' type instead so that the default will only be used for inserts when the property value is 'null'. 
2021-12-16 17:32:56.2008|20601|WARN|Microsoft.EntityFrameworkCore.Model.Validation|The 'bool' property 'IsActive' on entity type 'User' is configured with a database-generated default. This default will always be used for inserts when the property has the value 'false', since this is the CLR default for the 'bool' type. Consider using the nullable 'bool?' type instead so that the default will only be used for inserts when the property value is 'null'. 
2021-12-16 17:33:12.5169|20601|WARN|Microsoft.EntityFrameworkCore.Model.Validation|The 'bool' property 'InHouse' on entity type 'Match' is configured with a database-generated default. This default will always be used for inserts when the property has the value 'false', since this is the CLR default for the 'bool' type. Consider using the nullable 'bool?' type instead so that the default will only be used for inserts when the property value is 'null'. 
2021-12-16 17:33:12.5555|20601|WARN|Microsoft.EntityFrameworkCore.Model.Validation|The 'bool' property 'HasOwnStadium' on entity type 'SportClub' is configured with a database-generated default. This default will always be used for inserts when the property has the value 'false', since this is the CLR default for the 'bool' type. Consider using the nullable 'bool?' type instead so that the default will only be used for inserts when the property value is 'null'. 
2021-12-16 17:33:12.5555|20601|WARN|Microsoft.EntityFrameworkCore.Model.Validation|The 'bool' property 'IsActive' on entity type 'User' is configured with a database-generated default. This default will always be used for inserts when the property has the value 'false', since this is the CLR default for the 'bool' type. Consider using the nullable 'bool?' type instead so that the default will only be used for inserts when the property value is 'null'. 
2021-12-16 17:33:13.2767|20102|ERROR|Microsoft.EntityFrameworkCore.Database.Command|Failed executing DbCommand (7ms) [Parameters=[], CommandType='Text', CommandTimeout='30']
ALTER TABLE [Sport].[User] ADD CONSTRAINT [FK_User_Role_RoleId] FOREIGN KEY ([RoleId]) REFERENCES [Sport].[Role] ([Id]) ON DELETE CASCADE; 
2021-12-16 17:36:34.7032|20601|WARN|Microsoft.EntityFrameworkCore.Model.Validation|The 'bool' property 'InHouse' on entity type 'Match' is configured with a database-generated default. This default will always be used for inserts when the property has the value 'false', since this is the CLR default for the 'bool' type. Consider using the nullable 'bool?' type instead so that the default will only be used for inserts when the property value is 'null'. 
2021-12-16 17:36:34.7513|20601|WARN|Microsoft.EntityFrameworkCore.Model.Validation|The 'bool' property 'HasOwnStadium' on entity type 'SportClub' is configured with a database-generated default. This default will always be used for inserts when the property has the value 'false', since this is the CLR default for the 'bool' type. Consider using the nullable 'bool?' type instead so that the default will only be used for inserts when the property value is 'null'. 
2021-12-16 17:36:34.7513|20601|WARN|Microsoft.EntityFrameworkCore.Model.Validation|The 'bool' property 'IsActive' on entity type 'User' is configured with a database-generated default. This default will always be used for inserts when the property has the value 'false', since this is the CLR default for the 'bool' type. Consider using the nullable 'bool?' type instead so that the default will only be used for inserts when the property value is 'null'. 
2021-12-16 17:36:58.0503|20601|WARN|Microsoft.EntityFrameworkCore.Model.Validation|The 'bool' property 'InHouse' on entity type 'Match' is configured with a database-generated default. This default will always be used for inserts when the property has the value 'false', since this is the CLR default for the 'bool' type. Consider using the nullable 'bool?' type instead so that the default will only be used for inserts when the property value is 'null'. 
2021-12-16 17:36:58.0944|20601|WARN|Microsoft.EntityFrameworkCore.Model.Validation|The 'bool' property 'HasOwnStadium' on entity type 'SportClub' is configured with a database-generated default. This default will always be used for inserts when the property has the value 'false', since this is the CLR default for the 'bool' type. Consider using the nullable 'bool?' type instead so that the default will only be used for inserts when the property value is 'null'. 
2021-12-16 17:36:58.0944|20601|WARN|Microsoft.EntityFrameworkCore.Model.Validation|The 'bool' property 'IsActive' on entity type 'User' is configured with a database-generated default. This default will always be used for inserts when the property has the value 'false', since this is the CLR default for the 'bool' type. Consider using the nullable 'bool?' type instead so that the default will only be used for inserts when the property value is 'null'. 
2021-12-16 17:37:13.0269|20601|WARN|Microsoft.EntityFrameworkCore.Model.Validation|The 'bool' property 'InHouse' on entity type 'Match' is configured with a database-generated default. This default will always be used for inserts when the property has the value 'false', since this is the CLR default for the 'bool' type. Consider using the nullable 'bool?' type instead so that the default will only be used for inserts when the property value is 'null'. 
2021-12-16 17:37:13.0659|20601|WARN|Microsoft.EntityFrameworkCore.Model.Validation|The 'bool' property 'HasOwnStadium' on entity type 'SportClub' is configured with a database-generated default. This default will always be used for inserts when the property has the value 'false', since this is the CLR default for the 'bool' type. Consider using the nullable 'bool?' type instead so that the default will only be used for inserts when the property value is 'null'. 
2021-12-16 17:37:13.0690|20601|WARN|Microsoft.EntityFrameworkCore.Model.Validation|The 'bool' property 'IsActive' on entity type 'User' is configured with a database-generated default. This default will always be used for inserts when the property has the value 'false', since this is the CLR default for the 'bool' type. Consider using the nullable 'bool?' type instead so that the default will only be used for inserts when the property value is 'null'. 
2021-12-16 17:37:13.6881|20102|ERROR|Microsoft.EntityFrameworkCore.Database.Command|Failed executing DbCommand (6ms) [Parameters=[], CommandType='Text', CommandTimeout='30']
ALTER TABLE [Sport].[User] DROP CONSTRAINT [FK_User_Role_RoleId1]; 
2021-12-16 17:37:57.7800|20601|WARN|Microsoft.EntityFrameworkCore.Model.Validation|The 'bool' property 'InHouse' on entity type 'Match' is configured with a database-generated default. This default will always be used for inserts when the property has the value 'false', since this is the CLR default for the 'bool' type. Consider using the nullable 'bool?' type instead so that the default will only be used for inserts when the property value is 'null'. 
2021-12-16 17:37:57.8212|20601|WARN|Microsoft.EntityFrameworkCore.Model.Validation|The 'bool' property 'HasOwnStadium' on entity type 'SportClub' is configured with a database-generated default. This default will always be used for inserts when the property has the value 'false', since this is the CLR default for the 'bool' type. Consider using the nullable 'bool?' type instead so that the default will only be used for inserts when the property value is 'null'. 
2021-12-16 17:37:57.8212|20601|WARN|Microsoft.EntityFrameworkCore.Model.Validation|The 'bool' property 'IsActive' on entity type 'User' is configured with a database-generated default. This default will always be used for inserts when the property has the value 'false', since this is the CLR default for the 'bool' type. Consider using the nullable 'bool?' type instead so that the default will only be used for inserts when the property value is 'null'. 
2021-12-16 17:38:37.4254|20601|WARN|Microsoft.EntityFrameworkCore.Model.Validation|The 'bool' property 'InHouse' on entity type 'Match' is configured with a database-generated default. This default will always be used for inserts when the property has the value 'false', since this is the CLR default for the 'bool' type. Consider using the nullable 'bool?' type instead so that the default will only be used for inserts when the property value is 'null'. 
2021-12-16 17:38:37.4681|20601|WARN|Microsoft.EntityFrameworkCore.Model.Validation|The 'bool' property 'HasOwnStadium' on entity type 'SportClub' is configured with a database-generated default. This default will always be used for inserts when the property has the value 'false', since this is the CLR default for the 'bool' type. Consider using the nullable 'bool?' type instead so that the default will only be used for inserts when the property value is 'null'. 
2021-12-16 17:38:37.4681|20601|WARN|Microsoft.EntityFrameworkCore.Model.Validation|The 'bool' property 'IsActive' on entity type 'User' is configured with a database-generated default. This default will always be used for inserts when the property has the value 'false', since this is the CLR default for the 'bool' type. Consider using the nullable 'bool?' type instead so that the default will only be used for inserts when the property value is 'null'. 
2021-12-16 17:45:57.1335|20601|WARN|Microsoft.EntityFrameworkCore.Model.Validation|The 'bool' property 'InHouse' on entity type 'Match' is configured with a database-generated default. This default will always be used for inserts when the property has the value 'false', since this is the CLR default for the 'bool' type. Consider using the nullable 'bool?' type instead so that the default will only be used for inserts when the property value is 'null'. 
2021-12-16 17:45:57.1991|20601|WARN|Microsoft.EntityFrameworkCore.Model.Validation|The 'bool' property 'HasOwnStadium' on entity type 'SportClub' is configured with a database-generated default. This default will always be used for inserts when the property has the value 'false', since this is the CLR default for the 'bool' type. Consider using the nullable 'bool?' type instead so that the default will only be used for inserts when the property value is 'null'. 
2021-12-16 17:45:57.2230|20601|WARN|Microsoft.EntityFrameworkCore.Model.Validation|The 'bool' property 'IsActive' on entity type 'User' is configured with a database-generated default. This default will always be used for inserts when the property has the value 'false', since this is the CLR default for the 'bool' type. Consider using the nullable 'bool?' type instead so that the default will only be used for inserts when the property value is 'null'. 
2021-12-16 17:46:01.4991|10000|ERROR|Microsoft.EntityFrameworkCore.Update|An exception occurred in the database while saving changes for context type 'SportAPI.Sport.Data.SportDbContext'.
Microsoft.EntityFrameworkCore.DbUpdateException: An error occurred while updating the entries. See the inner exception for details.
 ---> Microsoft.Data.SqlClient.SqlException (0x80131904): The MERGE statement conflicted with the FOREIGN KEY constraint "FK_User_Role_RoleId". The conflict occurred in database "SportAPI", table "Sport.Role", column 'Id'.
   at Microsoft.Data.SqlClient.SqlConnection.OnError(SqlException exception, Boolean breakConnection, Action`1 wrapCloseInAction)
   at Microsoft.Data.SqlClient.SqlInternalConnection.OnError(SqlException exception, Boolean breakConnection, Action`1 wrapCloseInAction)
   at Microsoft.Data.SqlClient.TdsParser.ThrowExceptionAndWarning(TdsParserStateObject stateObj, Boolean callerHasConnectionLock, Boolean asyncClose)
   at Microsoft.Data.SqlClient.TdsParser.TryRun(RunBehavior runBehavior, SqlCommand cmdHandler, SqlDataReader dataStream, BulkCopySimpleResultSet bulkCopyHandler, TdsParserStateObject stateObj, Boolean& dataReady)
   at Microsoft.Data.SqlClient.SqlDataReader.TryHasMoreRows(Boolean& moreRows)
   at Microsoft.Data.SqlClient.SqlDataReader.TryHasMoreResults(Boolean& moreResults)
   at Microsoft.Data.SqlClient.SqlDataReader.TryNextResult(Boolean& more)
   at Microsoft.Data.SqlClient.SqlDataReader.NextResult()
   at Microsoft.EntityFrameworkCore.Update.AffectedCountModificationCommandBatch.Consume(RelationalDataReader reader)
ClientConnectionId:0f99d6d5-9cd3-426a-9b16-72e2cf4ee618
Error Number:547,State:0,Class:16
   --- End of inner exception stack trace ---
   at Microsoft.EntityFrameworkCore.Update.AffectedCountModificationCommandBatch.Consume(RelationalDataReader reader)
   at Microsoft.EntityFrameworkCore.Update.ReaderModificationCommandBatch.Execute(IRelationalConnection connection)
   at Microsoft.EntityFrameworkCore.Update.Internal.BatchExecutor.Execute(IEnumerable`1 commandBatches, IRelationalConnection connection)
   at Microsoft.EntityFrameworkCore.Storage.RelationalDatabase.SaveChanges(IList`1 entries)
   at Microsoft.EntityFrameworkCore.ChangeTracking.Internal.StateManager.SaveChanges(IList`1 entriesToSave)
   at Microsoft.EntityFrameworkCore.ChangeTracking.Internal.StateManager.SaveChanges(DbContext _, Boolean acceptAllChangesOnSuccess)
   at Microsoft.EntityFrameworkCore.SqlServer.Storage.Internal.SqlServerExecutionStrategy.Execute[TState,TResult](TState state, Func`3 operation, Func`3 verifySucceeded)
   at Microsoft.EntityFrameworkCore.ChangeTracking.Internal.StateManager.SaveChanges(Boolean acceptAllChangesOnSuccess)
   at Microsoft.EntityFrameworkCore.DbContext.SaveChanges(Boolean acceptAllChangesOnSuccess) Microsoft.EntityFrameworkCore.DbUpdateException: An error occurred while updating the entries. See the inner exception for details.
 ---> Microsoft.Data.SqlClient.SqlException (0x80131904): The MERGE statement conflicted with the FOREIGN KEY constraint "FK_User_Role_RoleId". The conflict occurred in database "SportAPI", table "Sport.Role", column 'Id'.
   at Microsoft.Data.SqlClient.SqlConnection.OnError(SqlException exception, Boolean breakConnection, Action`1 wrapCloseInAction)
   at Microsoft.Data.SqlClient.SqlInternalConnection.OnError(SqlException exception, Boolean breakConnection, Action`1 wrapCloseInAction)
   at Microsoft.Data.SqlClient.TdsParser.ThrowExceptionAndWarning(TdsParserStateObject stateObj, Boolean callerHasConnectionLock, Boolean asyncClose)
   at Microsoft.Data.SqlClient.TdsParser.TryRun(RunBehavior runBehavior, SqlCommand cmdHandler, SqlDataReader dataStream, BulkCopySimpleResultSet bulkCopyHandler, TdsParserStateObject stateObj, Boolean& dataReady)
   at Microsoft.Data.SqlClient.SqlDataReader.TryHasMoreRows(Boolean& moreRows)
   at Microsoft.Data.SqlClient.SqlDataReader.TryHasMoreResults(Boolean& moreResults)
   at Microsoft.Data.SqlClient.SqlDataReader.TryNextResult(Boolean& more)
   at Microsoft.Data.SqlClient.SqlDataReader.NextResult()
   at Microsoft.EntityFrameworkCore.Update.AffectedCountModificationCommandBatch.Consume(RelationalDataReader reader)
ClientConnectionId:0f99d6d5-9cd3-426a-9b16-72e2cf4ee618
Error Number:547,State:0,Class:16
   --- End of inner exception stack trace ---
   at Microsoft.EntityFrameworkCore.Update.AffectedCountModificationCommandBatch.Consume(RelationalDataReader reader)
   at Microsoft.EntityFrameworkCore.Update.ReaderModificationCommandBatch.Execute(IRelationalConnection connection)
   at Microsoft.EntityFrameworkCore.Update.Internal.BatchExecutor.Execute(IEnumerable`1 commandBatches, IRelationalConnection connection)
   at Microsoft.EntityFrameworkCore.Storage.RelationalDatabase.SaveChanges(IList`1 entries)
   at Microsoft.EntityFrameworkCore.ChangeTracking.Internal.StateManager.SaveChanges(IList`1 entriesToSave)
   at Microsoft.EntityFrameworkCore.ChangeTracking.Internal.StateManager.SaveChanges(DbContext _, Boolean acceptAllChangesOnSuccess)
   at Microsoft.EntityFrameworkCore.SqlServer.Storage.Internal.SqlServerExecutionStrategy.Execute[TState,TResult](TState state, Func`3 operation, Func`3 verifySucceeded)
   at Microsoft.EntityFrameworkCore.ChangeTracking.Internal.StateManager.SaveChanges(Boolean acceptAllChangesOnSuccess)
   at Microsoft.EntityFrameworkCore.DbContext.SaveChanges(Boolean acceptAllChangesOnSuccess)
2021-12-16 17:55:13.7528|20601|WARN|Microsoft.EntityFrameworkCore.Model.Validation|The 'bool' property 'InHouse' on entity type 'Match' is configured with a database-generated default. This default will always be used for inserts when the property has the value 'false', since this is the CLR default for the 'bool' type. Consider using the nullable 'bool?' type instead so that the default will only be used for inserts when the property value is 'null'. 
2021-12-16 17:55:13.8261|20601|WARN|Microsoft.EntityFrameworkCore.Model.Validation|The 'bool' property 'HasOwnStadium' on entity type 'SportClub' is configured with a database-generated default. This default will always be used for inserts when the property has the value 'false', since this is the CLR default for the 'bool' type. Consider using the nullable 'bool?' type instead so that the default will only be used for inserts when the property value is 'null'. 
2021-12-16 17:55:13.8377|20601|WARN|Microsoft.EntityFrameworkCore.Model.Validation|The 'bool' property 'IsActive' on entity type 'User' is configured with a database-generated default. This default will always be used for inserts when the property has the value 'false', since this is the CLR default for the 'bool' type. Consider using the nullable 'bool?' type instead so that the default will only be used for inserts when the property value is 'null'. 
2021-12-16 17:55:18.9684||INFO|Microsoft.Hosting.Lifetime|Application started. Press Ctrl+C to shut down. 
2021-12-16 17:55:18.9811||INFO|Microsoft.Hosting.Lifetime|Hosting environment: Development 
2021-12-16 17:55:18.9811||INFO|Microsoft.Hosting.Lifetime|Content root path: C:\Users\Dell\Desktop\c#\SportAPI\SportAPI 
2021-12-16 21:38:09.3473|20601|WARN|Microsoft.EntityFrameworkCore.Model.Validation|The 'bool' property 'InHouse' on entity type 'Match' is configured with a database-generated default. This default will always be used for inserts when the property has the value 'false', since this is the CLR default for the 'bool' type. Consider using the nullable 'bool?' type instead so that the default will only be used for inserts when the property value is 'null'. 
2021-12-16 21:38:09.4231|20601|WARN|Microsoft.EntityFrameworkCore.Model.Validation|The 'bool' property 'HasOwnStadium' on entity type 'SportClub' is configured with a database-generated default. This default will always be used for inserts when the property has the value 'false', since this is the CLR default for the 'bool' type. Consider using the nullable 'bool?' type instead so that the default will only be used for inserts when the property value is 'null'. 
2021-12-16 21:38:09.4360|20601|WARN|Microsoft.EntityFrameworkCore.Model.Validation|The 'bool' property 'IsActive' on entity type 'User' is configured with a database-generated default. This default will always be used for inserts when the property has the value 'false', since this is the CLR default for the 'bool' type. Consider using the nullable 'bool?' type instead so that the default will only be used for inserts when the property value is 'null'. 
2021-12-16 21:38:11.7692||INFO|Microsoft.Hosting.Lifetime|Application started. Press Ctrl+C to shut down. 
2021-12-16 21:38:11.7793||INFO|Microsoft.Hosting.Lifetime|Hosting environment: Development 
2021-12-16 21:38:11.7983||INFO|Microsoft.Hosting.Lifetime|Content root path: C:\Users\Dell\Desktop\c#\SportAPI\SportAPI 
2021-12-16 21:39:12.2653||INFO|SportAPI.Middlewares.RequestResponseLoggingMiddleware|Request from 127.0.0.1(kubernetes.docker.internal): POST https://localhost:44377/api/User/register {"login":"mascarpone1","password":"Marcingrafik1#","firstName":"Janusz","lastName":"Mikke","isActive":true,"dateOfBirth":"1949-12-16T20:38:25.480Z","roleId":1} 
2021-12-16 21:39:13.5640||INFO|SportAPI.Middlewares.RequestResponseLoggingMiddleware|Request handled in 1292 ms with response 204: <no response body> 
2021-12-16 22:24:04.1205|20601|WARN|Microsoft.EntityFrameworkCore.Model.Validation|The 'bool' property 'InHouse' on entity type 'Match' is configured with a database-generated default. This default will always be used for inserts when the property has the value 'false', since this is the CLR default for the 'bool' type. Consider using the nullable 'bool?' type instead so that the default will only be used for inserts when the property value is 'null'. 
2021-12-16 22:24:04.2307|20601|WARN|Microsoft.EntityFrameworkCore.Model.Validation|The 'bool' property 'HasOwnStadium' on entity type 'SportClub' is configured with a database-generated default. This default will always be used for inserts when the property has the value 'false', since this is the CLR default for the 'bool' type. Consider using the nullable 'bool?' type instead so that the default will only be used for inserts when the property value is 'null'. 
2021-12-16 22:24:04.2307|20601|WARN|Microsoft.EntityFrameworkCore.Model.Validation|The 'bool' property 'IsActive' on entity type 'User' is configured with a database-generated default. This default will always be used for inserts when the property has the value 'false', since this is the CLR default for the 'bool' type. Consider using the nullable 'bool?' type instead so that the default will only be used for inserts when the property value is 'null'. 
2021-12-16 22:24:06.4596||INFO|Microsoft.Hosting.Lifetime|Application started. Press Ctrl+C to shut down. 
2021-12-16 22:24:06.4649||INFO|Microsoft.Hosting.Lifetime|Hosting environment: Development 
2021-12-16 22:24:06.4649||INFO|Microsoft.Hosting.Lifetime|Content root path: C:\Users\Dell\Desktop\c#\SportAPI\SportAPI 
2021-12-16 22:24:55.5978||INFO|SportAPI.Middlewares.RequestResponseLoggingMiddleware|Request from 127.0.0.1(kubernetes.docker.internal): POST https://localhost:44377/api/User/register {"login":"marcinkowalczyk24.7@gmail.com","password":"string","confirmPassword":"string","firstName":"string","lastName":"string","isActive":true,"dateOfBirth":"2021-12-16T21:24:31.780Z","roleId":1} 
2021-12-16 22:24:56.6494||INFO|SportAPI.Middlewares.RequestResponseLoggingMiddleware|Request handled in 1023 ms with response 400: {"type":"https://tools.ietf.org/html/rfc7231#section-6.5.1","title":"One or more validation errors occurred.","status":400,"traceId":"00-052829134597f84390f1c67480e42470-3f637068afd6cc41-00","errors":{"Login":["That Login is taken"],"Password":["Długość pola 'Password' musi być większa lub równa 8 znaki(ów). Wprowadzono 6 znaki(ów)."]}} 
2021-12-16 22:25:57.2494||INFO|SportAPI.Middlewares.RequestResponseLoggingMiddleware|Request from 127.0.0.1(kubernetes.docker.internal): POST https://localhost:44377/api/User/register {"login":"karol.jackiewicz@gmail.com","password":"Marcingrafik1#","confirmPassword":"Marcingrafik1#","firstName":"Karol","lastName":"Jackiewicz","isActive":true,"dateOfBirth":"2000-08-16T21:24:31.780Z","roleId":1} 
2021-12-16 22:25:57.9688||INFO|SportAPI.Middlewares.RequestResponseLoggingMiddleware|Request handled in 712 ms with response 200: <no response body> 
2021-12-16 22:26:14.5874||INFO|SportAPI.Middlewares.RequestResponseLoggingMiddleware|Request from 127.0.0.1(kubernetes.docker.internal): GET https://localhost:44377/api/User <no request body> 
2021-12-16 22:26:14.6065||INFO|SportAPI.Sport.Services.UserService|Display all the users availbale in the database 
2021-12-16 22:26:14.7635||INFO|SportAPI.Middlewares.RequestResponseLoggingMiddleware|Request handled in 170 ms with response 200: [{"id":2,"firstName":"Marcin","lastName":"Kowalczyk","isActive":true,"dateOfBirth":"1999-06-10T16:10:00","login":"marcinkowalczyk24.7@gmail.com","roleName":null,"password":"$2a$11$d/JgkVBpIuN.XllKOO2zkOstVa2EaPGhfKG0tmntzLk5g51E125EW","sportClubName":null,"name":null},{"id":3,"firstName":"Karol","lastName":"Strasburger","isActive":true,"dateOfBirth":"1991-11-12T08:23:00","login":"karol.strasburger12@wp.pl","roleName":null,"password":"$2a$11$PPDfJ7TcNeee7JQsxD6.4OqONThM7wByK2SlIHSHqT6TqladW8PA2","sportClubName":null,"name":null},{"id":4,"firstName":"Janusz","lastName":"Mikke","isActive":true,"dateOfBirth":"1949-12-16T20:38:25.48","login":"mascarpone1@interia.pl","roleName":null,"password":"AQAAAAEAACcQAAAAEJMJ+A2SBSSKrQ2gDHJsvD4es6WCzQ2xkiCZI8p11Ny/rj8IVingjm+5R0V6Rm2IPw==","sportClubName":null,"name":null},{"id":5,"firstName":"Karol","lastName":"Jackiewicz","isActive":true,"dateOfBirth":"2000-08-16T21:24:31.78","login":"karol.jackiewicz@gmail.com","roleName":null,"password":"AQAAAAEAACcQAAAAEGftlOHaarRTCA/0Qor2EKMqhT6GIC52N+Ju8C9DU5WPLalPxKeon06QvwohSIjbMQ==","sportClubName":null,"name":null}] 
