2021-12-10 10:23:29.5120|20601|WARN|Microsoft.EntityFrameworkCore.Model.Validation|The 'bool' property 'InHouse' on entity type 'Match' is configured with a database-generated default. This default will always be used for inserts when the property has the value 'false', since this is the CLR default for the 'bool' type. Consider using the nullable 'bool?' type instead so that the default will only be used for inserts when the property value is 'null'. 
2021-12-10 10:23:29.5614|20601|WARN|Microsoft.EntityFrameworkCore.Model.Validation|The 'bool' property 'HasOwnStadium' on entity type 'SportClub' is configured with a database-generated default. This default will always be used for inserts when the property has the value 'false', since this is the CLR default for the 'bool' type. Consider using the nullable 'bool?' type instead so that the default will only be used for inserts when the property value is 'null'. 
2021-12-10 10:23:29.5732|20601|WARN|Microsoft.EntityFrameworkCore.Model.Validation|The 'bool' property 'IsActive' on entity type 'User' is configured with a database-generated default. This default will always be used for inserts when the property has the value 'false', since this is the CLR default for the 'bool' type. Consider using the nullable 'bool?' type instead so that the default will only be used for inserts when the property value is 'null'. 
2021-12-10 10:23:31.3802||INFO|Microsoft.Hosting.Lifetime|Application started. Press Ctrl+C to shut down. 
2021-12-10 10:23:31.3802||INFO|Microsoft.Hosting.Lifetime|Hosting environment: Development 
2021-12-10 10:23:31.3802||INFO|Microsoft.Hosting.Lifetime|Content root path: C:\Users\Dell\Desktop\c#\SportAPI\SportAPI 
2021-12-10 10:35:20.9455||INFO|SportAPI.Middlewares.RequestResponseLoggingMiddleware|Request from 127.0.0.1(kubernetes.docker.internal): GET https://localhost:44377/api/SportClub <no request body> 
2021-12-10 10:35:21.3265||INFO|SportAPI.Sport.Services.SportClubService|Get All the Sport Clubs 
2021-12-10 10:35:21.5403|20504|WARN|Microsoft.EntityFrameworkCore.Query|Compiling a query which loads related collections for more than one collection navigation either via 'Include' or through projection but no 'QuerySplittingBehavior' has been configured. By default Entity Framework will use 'QuerySplittingBehavior.SingleQuery' which can potentially result in slow query performance. See https://go.microsoft.com/fwlink/?linkid=2134277 for more information. To identify the query that's triggering this warning call 'ConfigureWarnings(w => w.Throw(RelationalEventId.MultipleCollectionIncludeWarning))' 
2021-12-10 10:35:21.8381||INFO|SportAPI.Middlewares.RequestResponseLoggingMiddleware|Request from 127.0.0.1(kubernetes.docker.internal): GET https://localhost:44377/api/SportClub <no request body> 
2021-12-10 10:35:21.8512||INFO|SportAPI.Sport.Services.SportClubService|Get All the Sport Clubs 
2021-12-10 10:35:22.2525||INFO|SportAPI.Middlewares.RequestResponseLoggingMiddleware|Request handled in 1293 ms with response 200: [{"id":5,"sportClubName":"KKS Lech Poznań","description":"Polski klub założony w 1922 roku na poznańskim zebraniu kolejarzy na ulicy Bułgarskiej, gdzie dzisiaj znajduje się stadion","category":"Klub Piłki Nożnej","hasOwnStadium":true,"contactEmail":"kkslechpoznan@kolejorz.com","contactNumber":"+48 61 98 34 091","city":null,"street":null,"postalCode":null,"firstName":null,"lastName":null,"login":null,"password":null,"players":[{"id":35,"name":"Alan","surname":"Czerwiński","pesel":"93111209483","phoneNumber":"+48 903 432 810","nationality":"Polska","emailAddress":"alan.czerwinski@wp.pl","betterFoot":1,"position":"Obrońca","sportClubName":null},{"id":36,"name":"Pedro","surname":"Tiba","pesel":"87061049034","phoneNumber":"+48 707 400 481","nationality":"Portugalia","emailAddress":"pedro.tiba@wp.pl","betterFoot":1,"position":"Pomocnik","sportClubName":null},{"id":38,"name":"Mikael","surname":"Ishak","pesel":"90040590839","phoneNumber":"+48 783 321 666","nationality":"Szwecja","emailAddress":"mikael.ishak@gmail.com","betterFoot":1,"position":"Napastnik","sportClubName":null},{"id":39,"name":"Barry","surname":"Douglas","pesel":"89060783746","phoneNumber":"+48 771 321 222","nationality":"Szkocja","emailAddress":"barry.douglas@onet.pl","betterFoot":0,"position":"Obrońca","sportClubName":null},{"id":40,"name":"Antonio","surname":"Milić","pesel":"92020285734","phoneNumber":"+48 504 657 435","nationality":"Serbia","emailAddress":"antonio.milic@gmail.com","betterFoot":0,"position":"Obrońca","sportClubName":null},{"id":41,"name":"Filip","surname":"Bednarek","pesel":"91081992834","phoneNumber":"+48 609 777 432","nationality":"Polska","emailAddress":"filip.bednarek@onet.pl","betterFoot":1,"position":"Bramkarz","sportClubName":null},{"id":42,"name":"Adrien","surname":"Ba Loua","pesel":"95111198478","phoneNumber":"+48 606 183 301","nationality":"Wybrzeże Kości Słoniowej","emailAddress":"adrien.baloua@gmail.com","betterFoot":0,"position":"Pomocnik","sportClubName":null},{"id":43,"name":"Michał","surname":"Skóraś","pesel":"00019283701","phoneNumber":"+48 790 981 003","nationality":"Polska","emailAddress":"michal.skoras@gmail.com","betterFoot":1,"position":"Pomocnik","sportClubName":null},{"id":44,"name":"Jakub","surname":"Kamiński","pesel":"03121298467","phoneNumber":"+48 506 666 712","nationality":"Polska","emailAddress":"jakub.kaminski@wp.pl","betterFoot":1,"position":"Pomocnik","sportClubName":null}],"trainings":[{"id":14,"name":"Trening Siłowy","description":"Trening, który odbywa się na hali sportowej, w którym zawodnicy wykonują ćwiczenia siłowe","timeOfTraining":"2021-11-24T08:45:00","sportClubName":null},{"id":15,"name":"Trening Biegowy","description":"Trening, który odbywa się w terenie, lub na bieżni, w którym zawodnicy wykonują biegi na różnych dystansach","timeOfTraining":"2021-11-25T09:20:00","sportClubName":null},{"id":17,"name":"Trening Strzelecki","description":"Trening, który odbywa się na boisku treningowym, w którym zawodnicy grający w polu strzelają bramkarzom z różnych pozycji na boisku","timeOfTraining":"2021-11-24T08:45:00","sportClubName":null}],"matches":[{"id":13,"teamOne":"Lech Poznań","teamTwo":"Legia Warszawa","inHouse":true,"dateOfMatch":"2021-12-09T00:32:30.347","sportClubName":null},{"id":14,"teamOne":"Wisła Kraków","teamTwo":"Lech Poznań","inHouse":true,"dateOfMatch":"2021-11-30T20:45:00","sportClubName":null},{"id":15,"teamOne":"Lech Poznań","teamTwo":"Śląsk Wrocław","inHouse":true,"dateOfMatch":"2021-11-21T18:45:00","sportClubName":null}],"coaches":[]},{"id":6,"sportClubName":"WKS Legia Warszawa","description":"Warszawski klub założony w 1916 roku na warszawskim zebraniu żołnierzy warszawskich legionów na ulicy Łazienkowskiej, gdzie dzisiaj znajduje się stadion","category":"Klub Piłki Nożnej","hasOwnStadium":true,"contactEmail":"wkslegiawarszawa@wojskowi.com","contactNumber":"+48 21 56 32 111","city":null,"street":null,"postalCode":null,"firstName":null,"lastName":null,"login":null,"password":null,"players":[{"id":31,"name":"Artur","surname":"Boruc","pesel":"80044982703","phoneNumber":"+48 501 407 623","nationality":"Polska","emailAddress":"artur.boruc@gmail.com","betterFoot":0,"position":"Bramkarz","sportClubName":null},{"id":32,"name":"Artur","surname":"Jędrzejczyk","pesel":"86011298467","phoneNumber":"+48 806 111 231","nationality":"Polska","emailAddress":"artur.jedrzejczyk@wp.pl","betterFoot":1,"position":"Obrońca","sportClubName":null},{"id":33,"name":"Bartosz","surname":"Kapustka","pesel":"96062283005","phoneNumber":"+48 555 324 501","nationality":"Polska","emailAddress":"bartosz.kapustka@onet.pl","betterFoot":1,"position":"Obrońca","sportClubName":null},{"id":34,"name":"Thomas","surname":"Pekhart","pesel":"92032445324","phoneNumber":"+48 567 050 546","nationality":"Czechy","emailAddress":"thomas.pekhart@gmail.com","betterFoot":0,"position":"Napastnik","sportClubName":null},{"id":37,"name":"Filip","surname":"Mladenović","pesel":"94072992508","phoneNumber":"+48 765 452 555","nationality":"Serbia","emailAddress":"filip.mladenovic@onet.pl","betterFoot":0,"position":"Obrońca","sportClubName":null},{"id":45,"name":"Josue","surname":"Vide","pesel":"95029085590","phoneNumber":"+48 780 790 541","nationality":"Portugalia","emailAddress":"josue.vide@gmail.com","betterFoot":1,"position":"Pomocnik","sportClubName":null}],"trainings":[{"id":13,"name":"Trening Techniczny","description":"Trening, który odbywa się na hali sportowej, w którym zawodnicy wykonują ćwiczenia szkolące technikę użytkową","timeOfTraining":"2021-11-28T10:45:00","sportClubName":null},{"id":16,"name":"Trening Taktyczny","description":"Trening, który odbywa się na boisku treningowym, w którym zawodnicy wykonują treningi taktyczne zgodne z ich pozycją na boisku","timeOfTraining":"2021-11-30T10:35:00","sportClubName":null},{"id":18,"name":"Trening Meczowy","description":"Trening, który odbywa się na boisku treningowym, w którym zawodnicy podzieleni na dwie grupy grają mecz 11x11","timeOfTraining":"2021-12-04T13:00:00","sportClubName":null}],"matches":[{"id":16,"teamOne":"Legia Warszawa","teamTwo":"Jagiellonia Białystok","inHouse":true,"dateOfMatch":"2021-12-14T17:50:00","sportClubName":null},{"id":17,"teamOne":"Legia Warszawa","teamTwo":"Lech Poznań","inHouse":true,"dateOfMatch":"2021-10-23T20:45:00","sportClubName":null},{"id":18,"teamOne":"Zawisza Bydgoszcz","teamTwo":"Legia Warszawa","inHouse":true,"dateOfMatch":"2021-12-09T00:32:30.693","sportClubName":null}],"coaches":[]}] 
2021-12-10 10:35:22.3109||INFO|SportAPI.Middlewares.RequestResponseLoggingMiddleware|Request handled in 402 ms with response 200: [{"id":5,"sportClubName":"KKS Lech Poznań","description":"Polski klub założony w 1922 roku na poznańskim zebraniu kolejarzy na ulicy Bułgarskiej, gdzie dzisiaj znajduje się stadion","category":"Klub Piłki Nożnej","hasOwnStadium":true,"contactEmail":"kkslechpoznan@kolejorz.com","contactNumber":"+48 61 98 34 091","city":null,"street":null,"postalCode":null,"firstName":null,"lastName":null,"login":null,"password":null,"players":[{"id":35,"name":"Alan","surname":"Czerwiński","pesel":"93111209483","phoneNumber":"+48 903 432 810","nationality":"Polska","emailAddress":"alan.czerwinski@wp.pl","betterFoot":1,"position":"Obrońca","sportClubName":null},{"id":36,"name":"Pedro","surname":"Tiba","pesel":"87061049034","phoneNumber":"+48 707 400 481","nationality":"Portugalia","emailAddress":"pedro.tiba@wp.pl","betterFoot":1,"position":"Pomocnik","sportClubName":null},{"id":38,"name":"Mikael","surname":"Ishak","pesel":"90040590839","phoneNumber":"+48 783 321 666","nationality":"Szwecja","emailAddress":"mikael.ishak@gmail.com","betterFoot":1,"position":"Napastnik","sportClubName":null},{"id":39,"name":"Barry","surname":"Douglas","pesel":"89060783746","phoneNumber":"+48 771 321 222","nationality":"Szkocja","emailAddress":"barry.douglas@onet.pl","betterFoot":0,"position":"Obrońca","sportClubName":null},{"id":40,"name":"Antonio","surname":"Milić","pesel":"92020285734","phoneNumber":"+48 504 657 435","nationality":"Serbia","emailAddress":"antonio.milic@gmail.com","betterFoot":0,"position":"Obrońca","sportClubName":null},{"id":41,"name":"Filip","surname":"Bednarek","pesel":"91081992834","phoneNumber":"+48 609 777 432","nationality":"Polska","emailAddress":"filip.bednarek@onet.pl","betterFoot":1,"position":"Bramkarz","sportClubName":null},{"id":42,"name":"Adrien","surname":"Ba Loua","pesel":"95111198478","phoneNumber":"+48 606 183 301","nationality":"Wybrzeże Kości Słoniowej","emailAddress":"adrien.baloua@gmail.com","betterFoot":0,"position":"Pomocnik","sportClubName":null},{"id":43,"name":"Michał","surname":"Skóraś","pesel":"00019283701","phoneNumber":"+48 790 981 003","nationality":"Polska","emailAddress":"michal.skoras@gmail.com","betterFoot":1,"position":"Pomocnik","sportClubName":null},{"id":44,"name":"Jakub","surname":"Kamiński","pesel":"03121298467","phoneNumber":"+48 506 666 712","nationality":"Polska","emailAddress":"jakub.kaminski@wp.pl","betterFoot":1,"position":"Pomocnik","sportClubName":null}],"trainings":[{"id":14,"name":"Trening Siłowy","description":"Trening, który odbywa się na hali sportowej, w którym zawodnicy wykonują ćwiczenia siłowe","timeOfTraining":"2021-11-24T08:45:00","sportClubName":null},{"id":15,"name":"Trening Biegowy","description":"Trening, który odbywa się w terenie, lub na bieżni, w którym zawodnicy wykonują biegi na różnych dystansach","timeOfTraining":"2021-11-25T09:20:00","sportClubName":null},{"id":17,"name":"Trening Strzelecki","description":"Trening, który odbywa się na boisku treningowym, w którym zawodnicy grający w polu strzelają bramkarzom z różnych pozycji na boisku","timeOfTraining":"2021-11-24T08:45:00","sportClubName":null}],"matches":[{"id":13,"teamOne":"Lech Poznań","teamTwo":"Legia Warszawa","inHouse":true,"dateOfMatch":"2021-12-09T00:32:30.347","sportClubName":null},{"id":14,"teamOne":"Wisła Kraków","teamTwo":"Lech Poznań","inHouse":true,"dateOfMatch":"2021-11-30T20:45:00","sportClubName":null},{"id":15,"teamOne":"Lech Poznań","teamTwo":"Śląsk Wrocław","inHouse":true,"dateOfMatch":"2021-11-21T18:45:00","sportClubName":null}],"coaches":[]},{"id":6,"sportClubName":"WKS Legia Warszawa","description":"Warszawski klub założony w 1916 roku na warszawskim zebraniu żołnierzy warszawskich legionów na ulicy Łazienkowskiej, gdzie dzisiaj znajduje się stadion","category":"Klub Piłki Nożnej","hasOwnStadium":true,"contactEmail":"wkslegiawarszawa@wojskowi.com","contactNumber":"+48 21 56 32 111","city":null,"street":null,"postalCode":null,"firstName":null,"lastName":null,"login":null,"password":null,"players":[{"id":31,"name":"Artur","surname":"Boruc","pesel":"80044982703","phoneNumber":"+48 501 407 623","nationality":"Polska","emailAddress":"artur.boruc@gmail.com","betterFoot":0,"position":"Bramkarz","sportClubName":null},{"id":32,"name":"Artur","surname":"Jędrzejczyk","pesel":"86011298467","phoneNumber":"+48 806 111 231","nationality":"Polska","emailAddress":"artur.jedrzejczyk@wp.pl","betterFoot":1,"position":"Obrońca","sportClubName":null},{"id":33,"name":"Bartosz","surname":"Kapustka","pesel":"96062283005","phoneNumber":"+48 555 324 501","nationality":"Polska","emailAddress":"bartosz.kapustka@onet.pl","betterFoot":1,"position":"Obrońca","sportClubName":null},{"id":34,"name":"Thomas","surname":"Pekhart","pesel":"92032445324","phoneNumber":"+48 567 050 546","nationality":"Czechy","emailAddress":"thomas.pekhart@gmail.com","betterFoot":0,"position":"Napastnik","sportClubName":null},{"id":37,"name":"Filip","surname":"Mladenović","pesel":"94072992508","phoneNumber":"+48 765 452 555","nationality":"Serbia","emailAddress":"filip.mladenovic@onet.pl","betterFoot":0,"position":"Obrońca","sportClubName":null},{"id":45,"name":"Josue","surname":"Vide","pesel":"95029085590","phoneNumber":"+48 780 790 541","nationality":"Portugalia","emailAddress":"josue.vide@gmail.com","betterFoot":1,"position":"Pomocnik","sportClubName":null}],"trainings":[{"id":13,"name":"Trening Techniczny","description":"Trening, który odbywa się na hali sportowej, w którym zawodnicy wykonują ćwiczenia szkolące technikę użytkową","timeOfTraining":"2021-11-28T10:45:00","sportClubName":null},{"id":16,"name":"Trening Taktyczny","description":"Trening, który odbywa się na boisku treningowym, w którym zawodnicy wykonują treningi taktyczne zgodne z ich pozycją na boisku","timeOfTraining":"2021-11-30T10:35:00","sportClubName":null},{"id":18,"name":"Trening Meczowy","description":"Trening, który odbywa się na boisku treningowym, w którym zawodnicy podzieleni na dwie grupy grają mecz 11x11","timeOfTraining":"2021-12-04T13:00:00","sportClubName":null}],"matches":[{"id":16,"teamOne":"Legia Warszawa","teamTwo":"Jagiellonia Białystok","inHouse":true,"dateOfMatch":"2021-12-14T17:50:00","sportClubName":null},{"id":17,"teamOne":"Legia Warszawa","teamTwo":"Lech Poznań","inHouse":true,"dateOfMatch":"2021-10-23T20:45:00","sportClubName":null},{"id":18,"teamOne":"Zawisza Bydgoszcz","teamTwo":"Legia Warszawa","inHouse":true,"dateOfMatch":"2021-12-09T00:32:30.693","sportClubName":null}],"coaches":[]}] 
2021-12-10 10:39:29.6274|20601|WARN|Microsoft.EntityFrameworkCore.Model.Validation|The 'bool' property 'InHouse' on entity type 'Match' is configured with a database-generated default. This default will always be used for inserts when the property has the value 'false', since this is the CLR default for the 'bool' type. Consider using the nullable 'bool?' type instead so that the default will only be used for inserts when the property value is 'null'. 
2021-12-10 10:39:29.7111|20601|WARN|Microsoft.EntityFrameworkCore.Model.Validation|The 'bool' property 'HasOwnStadium' on entity type 'SportClub' is configured with a database-generated default. This default will always be used for inserts when the property has the value 'false', since this is the CLR default for the 'bool' type. Consider using the nullable 'bool?' type instead so that the default will only be used for inserts when the property value is 'null'. 
2021-12-10 10:39:29.7330|20601|WARN|Microsoft.EntityFrameworkCore.Model.Validation|The 'bool' property 'IsActive' on entity type 'User' is configured with a database-generated default. This default will always be used for inserts when the property has the value 'false', since this is the CLR default for the 'bool' type. Consider using the nullable 'bool?' type instead so that the default will only be used for inserts when the property value is 'null'. 
2021-12-10 10:39:31.5557||INFO|Microsoft.Hosting.Lifetime|Application started. Press Ctrl+C to shut down. 
2021-12-10 10:39:31.5557||INFO|Microsoft.Hosting.Lifetime|Hosting environment: Development 
2021-12-10 10:39:31.5557||INFO|Microsoft.Hosting.Lifetime|Content root path: C:\Users\Dell\Desktop\c#\SportAPI\SportAPI 
2021-12-10 10:39:58.8382||INFO|SportAPI.Middlewares.RequestResponseLoggingMiddleware|Request from 127.0.0.1(kubernetes.docker.internal): GET https://localhost:44377/api/SportClub <no request body> 
2021-12-10 10:39:59.2341||INFO|SportAPI.Sport.Services.SportClubService|Get All the Sport Clubs 
2021-12-10 10:39:59.8883||ERROR|SportAPI.Middlewares.ErrorHandlingMiddleware|The expression 'x.Address.City' is invalid inside an 'Include' operation, since it does not represent a property access: 't => t.MyProperty'. To target navigations declared on derived types, use casting ('t => ((Derived)t).MyProperty') or the 'as' operator ('t => (t as Derived).MyProperty'). Collection navigation access can be filtered by composing Where, OrderBy(Descending), ThenBy(Descending), Skip or Take operations. For more information on including related data, see http://go.microsoft.com/fwlink/?LinkID=746393. System.InvalidOperationException: The expression 'x.Address.City' is invalid inside an 'Include' operation, since it does not represent a property access: 't => t.MyProperty'. To target navigations declared on derived types, use casting ('t => ((Derived)t).MyProperty') or the 'as' operator ('t => (t as Derived).MyProperty'). Collection navigation access can be filtered by composing Where, OrderBy(Descending), ThenBy(Descending), Skip or Take operations. For more information on including related data, see http://go.microsoft.com/fwlink/?LinkID=746393.
   at Microsoft.EntityFrameworkCore.Query.Internal.NavigationExpandingExpressionVisitor.PopulateIncludeTree(IncludeTreeNode includeTreeNode, Expression expression)
   at Microsoft.EntityFrameworkCore.Query.Internal.NavigationExpandingExpressionVisitor.ProcessInclude(NavigationExpansionExpression source, Expression expression, Boolean thenInclude)
   at Microsoft.EntityFrameworkCore.Query.Internal.NavigationExpandingExpressionVisitor.VisitMethodCall(MethodCallExpression methodCallExpression)
   at System.Linq.Expressions.MethodCallExpression.Accept(ExpressionVisitor visitor)
   at System.Linq.Expressions.ExpressionVisitor.Visit(Expression node)
   at Microsoft.EntityFrameworkCore.Query.Internal.NavigationExpandingExpressionVisitor.VisitMethodCall(MethodCallExpression methodCallExpression)
   at System.Linq.Expressions.MethodCallExpression.Accept(ExpressionVisitor visitor)
   at System.Linq.Expressions.ExpressionVisitor.Visit(Expression node)
   at Microsoft.EntityFrameworkCore.Query.Internal.NavigationExpandingExpressionVisitor.VisitMethodCall(MethodCallExpression methodCallExpression)
   at System.Linq.Expressions.MethodCallExpression.Accept(ExpressionVisitor visitor)
   at System.Linq.Expressions.ExpressionVisitor.Visit(Expression node)
   at Microsoft.EntityFrameworkCore.Query.Internal.NavigationExpandingExpressionVisitor.VisitMethodCall(MethodCallExpression methodCallExpression)
   at System.Linq.Expressions.MethodCallExpression.Accept(ExpressionVisitor visitor)
   at System.Linq.Expressions.ExpressionVisitor.Visit(Expression node)
   at Microsoft.EntityFrameworkCore.Query.Internal.NavigationExpandingExpressionVisitor.VisitMethodCall(MethodCallExpression methodCallExpression)
   at System.Linq.Expressions.MethodCallExpression.Accept(ExpressionVisitor visitor)
   at System.Linq.Expressions.ExpressionVisitor.Visit(Expression node)
   at Microsoft.EntityFrameworkCore.Query.Internal.NavigationExpandingExpressionVisitor.VisitMethodCall(MethodCallExpression methodCallExpression)
   at System.Linq.Expressions.MethodCallExpression.Accept(ExpressionVisitor visitor)
   at System.Linq.Expressions.ExpressionVisitor.Visit(Expression node)
   at Microsoft.EntityFrameworkCore.Query.Internal.NavigationExpandingExpressionVisitor.VisitMethodCall(MethodCallExpression methodCallExpression)
   at System.Linq.Expressions.MethodCallExpression.Accept(ExpressionVisitor visitor)
   at System.Linq.Expressions.ExpressionVisitor.Visit(Expression node)
   at Microsoft.EntityFrameworkCore.Query.Internal.NavigationExpandingExpressionVisitor.VisitMethodCall(MethodCallExpression methodCallExpression)
   at System.Linq.Expressions.MethodCallExpression.Accept(ExpressionVisitor visitor)
   at System.Linq.Expressions.ExpressionVisitor.Visit(Expression node)
   at Microsoft.EntityFrameworkCore.Query.Internal.NavigationExpandingExpressionVisitor.VisitMethodCall(MethodCallExpression methodCallExpression)
   at System.Linq.Expressions.MethodCallExpression.Accept(ExpressionVisitor visitor)
   at System.Linq.Expressions.ExpressionVisitor.Visit(Expression node)
   at Microsoft.EntityFrameworkCore.Query.Internal.NavigationExpandingExpressionVisitor.VisitMethodCall(MethodCallExpression methodCallExpression)
   at System.Linq.Expressions.MethodCallExpression.Accept(ExpressionVisitor visitor)
   at System.Linq.Expressions.ExpressionVisitor.Visit(Expression node)
   at Microsoft.EntityFrameworkCore.Query.Internal.NavigationExpandingExpressionVisitor.VisitMethodCall(MethodCallExpression methodCallExpression)
   at System.Linq.Expressions.MethodCallExpression.Accept(ExpressionVisitor visitor)
   at System.Linq.Expressions.ExpressionVisitor.Visit(Expression node)
   at Microsoft.EntityFrameworkCore.Query.Internal.NavigationExpandingExpressionVisitor.VisitMethodCall(MethodCallExpression methodCallExpression)
   at System.Linq.Expressions.MethodCallExpression.Accept(ExpressionVisitor visitor)
   at System.Linq.Expressions.ExpressionVisitor.Visit(Expression node)
   at Microsoft.EntityFrameworkCore.Query.Internal.NavigationExpandingExpressionVisitor.Expand(Expression query)
   at Microsoft.EntityFrameworkCore.Query.QueryTranslationPreprocessor.Process(Expression query)
   at Microsoft.EntityFrameworkCore.Query.RelationalQueryTranslationPreprocessor.Process(Expression query)
   at Microsoft.EntityFrameworkCore.Query.QueryCompilationContext.CreateQueryExecutor[TResult](Expression query)
   at Microsoft.EntityFrameworkCore.Storage.Database.CompileQuery[TResult](Expression query, Boolean async)
   at Microsoft.EntityFrameworkCore.Query.Internal.QueryCompiler.CompileQueryCore[TResult](IDatabase database, Expression query, IModel model, Boolean async)
   at Microsoft.EntityFrameworkCore.Query.Internal.QueryCompiler.<>c__DisplayClass12_0`1.<ExecuteAsync>b__0()
   at Microsoft.EntityFrameworkCore.Query.Internal.CompiledQueryCache.GetOrAddQuery[TResult](Object cacheKey, Func`1 compiler)
   at Microsoft.EntityFrameworkCore.Query.Internal.QueryCompiler.ExecuteAsync[TResult](Expression query, CancellationToken cancellationToken)
   at Microsoft.EntityFrameworkCore.Query.Internal.EntityQueryProvider.ExecuteAsync[TResult](Expression expression, CancellationToken cancellationToken)
   at Microsoft.EntityFrameworkCore.Query.Internal.EntityQueryable`1.GetAsyncEnumerator(CancellationToken cancellationToken)
   at Microsoft.EntityFrameworkCore.EntityFrameworkQueryableExtensions.IncludableQueryable`2.GetAsyncEnumerator(CancellationToken cancellationToken)
   at System.Runtime.CompilerServices.ConfiguredCancelableAsyncEnumerable`1.GetAsyncEnumerator()
   at Microsoft.EntityFrameworkCore.EntityFrameworkQueryableExtensions.ToListAsync[TSource](IQueryable`1 source, CancellationToken cancellationToken)
   at SportAPI.Sport.Services.SportClubService.GetAll() in C:\Users\Dell\Desktop\c#\SportAPI\SportAPI\Sport\Services\SportClubService.cs:line 59
   at SportAPI.Sport.Controllers.SportClubController.GetAll() in C:\Users\Dell\Desktop\c#\SportAPI\SportAPI\Sport\Controllers\SportClubController.cs:line 40
   at lambda_method16(Closure , Object )
   at Microsoft.AspNetCore.Mvc.Infrastructure.ActionMethodExecutor.AwaitableObjectResultExecutor.Execute(IActionResultTypeMapper mapper, ObjectMethodExecutor executor, Object controller, Object[] arguments)
   at Microsoft.AspNetCore.Mvc.Infrastructure.ControllerActionInvoker.<InvokeActionMethodAsync>g__Awaited|12_0(ControllerActionInvoker invoker, ValueTask`1 actionResultValueTask)
   at Microsoft.AspNetCore.Mvc.Infrastructure.ControllerActionInvoker.<InvokeNextActionFilterAsync>g__Awaited|10_0(ControllerActionInvoker invoker, Task lastTask, State next, Scope scope, Object state, Boolean isCompleted)
   at Microsoft.AspNetCore.Mvc.Infrastructure.ControllerActionInvoker.Rethrow(ActionExecutedContextSealed context)
   at Microsoft.AspNetCore.Mvc.Infrastructure.ControllerActionInvoker.Next(State& next, Scope& scope, Object& state, Boolean& isCompleted)
   at Microsoft.AspNetCore.Mvc.Infrastructure.ControllerActionInvoker.InvokeInnerFilterAsync()
--- End of stack trace from previous location ---
   at Microsoft.AspNetCore.Mvc.Infrastructure.ResourceInvoker.<InvokeFilterPipelineAsync>g__Awaited|19_0(ResourceInvoker invoker, Task lastTask, State next, Scope scope, Object state, Boolean isCompleted)
   at Microsoft.AspNetCore.Mvc.Infrastructure.ResourceInvoker.<InvokeAsync>g__Awaited|17_0(ResourceInvoker invoker, Task task, IDisposable scope)
   at Microsoft.AspNetCore.Routing.EndpointMiddleware.<Invoke>g__AwaitRequestTask|6_0(Endpoint endpoint, Task requestTask, ILogger logger)
   at Microsoft.AspNetCore.Authorization.AuthorizationMiddleware.Invoke(HttpContext context)
   at SportAPI.Middlewares.RequestResponseLoggingMiddleware.Invoke(HttpContext context) in C:\Users\Dell\Desktop\c#\SportAPI\SportAPI\Middlewares\RequestResponseLoggingMiddleware.cs:line 36
   at SportAPI.Middlewares.RequestResponseLoggingMiddleware.Invoke(HttpContext context) in C:\Users\Dell\Desktop\c#\SportAPI\SportAPI\Middlewares\RequestResponseLoggingMiddleware.cs:line 42
   at SportAPI.Middlewares.RequestResponseLoggingMiddleware.Invoke(HttpContext context) in C:\Users\Dell\Desktop\c#\SportAPI\SportAPI\Middlewares\RequestResponseLoggingMiddleware.cs:line 42
   at SportAPI.Middlewares.RequestTimeMiddleware.InvokeAsync(HttpContext context, RequestDelegate next) in C:\Users\Dell\Desktop\c#\SportAPI\SportAPI\Middlewares\RequestTimeMiddleware.cs:line 21
   at Microsoft.AspNetCore.Builder.UseMiddlewareExtensions.<>c__DisplayClass6_1.<<UseMiddlewareInterface>b__1>d.MoveNext()
--- End of stack trace from previous location ---
   at SportAPI.Middlewares.ErrorHandlingMiddleware.InvokeAsync(HttpContext context, RequestDelegate next) in C:\Users\Dell\Desktop\c#\SportAPI\SportAPI\Middlewares\ErrorHanglindMiddleware.cs:line 23
2021-12-10 10:40:00.0874|1|ERROR|Microsoft.AspNetCore.Diagnostics.DeveloperExceptionPageMiddleware|An unhandled exception has occurred while executing the request. System.ObjectDisposedException: Cannot access a closed Stream.
   at System.IO.MemoryStream.Write(Byte[] buffer, Int32 offset, Int32 count)
   at System.IO.MemoryStream.WriteAsync(ReadOnlyMemory`1 buffer, CancellationToken cancellationToken)
--- End of stack trace from previous location ---
   at System.IO.Pipelines.StreamPipeWriter.FlushAsyncInternal(Boolean writeToStream, CancellationToken cancellationToken)
   at SportAPI.Middlewares.ErrorHandlingMiddleware.InvokeAsync(HttpContext context, RequestDelegate next) in C:\Users\Dell\Desktop\c#\SportAPI\SportAPI\Middlewares\ErrorHanglindMiddleware.cs:line 35
   at Microsoft.AspNetCore.Builder.UseMiddlewareExtensions.<>c__DisplayClass6_1.<<UseMiddlewareInterface>b__1>d.MoveNext()
--- End of stack trace from previous location ---
   at SportAPI.Sport.UserMiddlewares.SportTokenAuthMiddleware.Invoke(HttpContext context) in C:\Users\Dell\Desktop\c#\SportAPI\SportAPI\Sport\UserMiddlewares\SportTokenAuthMiddleware.cs:line 50
   at Swashbuckle.AspNetCore.SwaggerUI.SwaggerUIMiddleware.Invoke(HttpContext httpContext)
   at Swashbuckle.AspNetCore.Swagger.SwaggerMiddleware.Invoke(HttpContext httpContext, ISwaggerProvider swaggerProvider)
   at Microsoft.AspNetCore.Diagnostics.DeveloperExceptionPageMiddleware.Invoke(HttpContext context)
2021-12-10 10:40:00.1016|3|ERROR|Microsoft.AspNetCore.Diagnostics.DeveloperExceptionPageMiddleware|An exception was thrown attempting to display the error page. System.ObjectDisposedException: Cannot access a closed Stream.
   at System.IO.MemoryStream.Write(Byte[] buffer, Int32 offset, Int32 count)
   at System.IO.MemoryStream.WriteAsync(ReadOnlyMemory`1 buffer, CancellationToken cancellationToken)
--- End of stack trace from previous location ---
   at System.IO.Pipelines.StreamPipeWriter.FlushAsyncInternal(Boolean writeToStream, CancellationToken cancellationToken)
   at Microsoft.AspNetCore.Diagnostics.DeveloperExceptionPageMiddleware.Invoke(HttpContext context)
2021-12-10 10:40:00.1158|2|ERROR|Microsoft.AspNetCore.Server.IIS.Core.IISHttpServer|Connection ID "18302628895834243139", Request ID "80000044-0002-fe00-b63f-84710c7967bb": An unhandled exception was thrown by the application. System.ObjectDisposedException: Cannot access a closed Stream.
   at System.IO.MemoryStream.Write(Byte[] buffer, Int32 offset, Int32 count)
   at System.IO.MemoryStream.WriteAsync(ReadOnlyMemory`1 buffer, CancellationToken cancellationToken)
--- End of stack trace from previous location ---
   at System.IO.Pipelines.StreamPipeWriter.FlushAsyncInternal(Boolean writeToStream, CancellationToken cancellationToken)
   at SportAPI.Middlewares.ErrorHandlingMiddleware.InvokeAsync(HttpContext context, RequestDelegate next) in C:\Users\Dell\Desktop\c#\SportAPI\SportAPI\Middlewares\ErrorHanglindMiddleware.cs:line 35
   at Microsoft.AspNetCore.Builder.UseMiddlewareExtensions.<>c__DisplayClass6_1.<<UseMiddlewareInterface>b__1>d.MoveNext()
--- End of stack trace from previous location ---
   at SportAPI.Sport.UserMiddlewares.SportTokenAuthMiddleware.Invoke(HttpContext context) in C:\Users\Dell\Desktop\c#\SportAPI\SportAPI\Sport\UserMiddlewares\SportTokenAuthMiddleware.cs:line 50
   at Swashbuckle.AspNetCore.SwaggerUI.SwaggerUIMiddleware.Invoke(HttpContext httpContext)
   at Swashbuckle.AspNetCore.Swagger.SwaggerMiddleware.Invoke(HttpContext httpContext, ISwaggerProvider swaggerProvider)
   at Microsoft.AspNetCore.Diagnostics.DeveloperExceptionPageMiddleware.Invoke(HttpContext context)
   at Microsoft.AspNetCore.Diagnostics.DeveloperExceptionPageMiddleware.Invoke(HttpContext context)
   at Microsoft.AspNetCore.Server.IIS.Core.IISHttpContextOfT`1.ProcessRequestAsync()
2021-12-10 10:40:47.6746|20601|WARN|Microsoft.EntityFrameworkCore.Model.Validation|The 'bool' property 'InHouse' on entity type 'Match' is configured with a database-generated default. This default will always be used for inserts when the property has the value 'false', since this is the CLR default for the 'bool' type. Consider using the nullable 'bool?' type instead so that the default will only be used for inserts when the property value is 'null'. 
2021-12-10 10:40:47.7717|20601|WARN|Microsoft.EntityFrameworkCore.Model.Validation|The 'bool' property 'HasOwnStadium' on entity type 'SportClub' is configured with a database-generated default. This default will always be used for inserts when the property has the value 'false', since this is the CLR default for the 'bool' type. Consider using the nullable 'bool?' type instead so that the default will only be used for inserts when the property value is 'null'. 
2021-12-10 10:40:47.7717|20601|WARN|Microsoft.EntityFrameworkCore.Model.Validation|The 'bool' property 'IsActive' on entity type 'User' is configured with a database-generated default. This default will always be used for inserts when the property has the value 'false', since this is the CLR default for the 'bool' type. Consider using the nullable 'bool?' type instead so that the default will only be used for inserts when the property value is 'null'. 
2021-12-10 10:40:49.3567||INFO|Microsoft.Hosting.Lifetime|Application started. Press Ctrl+C to shut down. 
2021-12-10 10:40:49.3567||INFO|Microsoft.Hosting.Lifetime|Hosting environment: Development 
2021-12-10 10:40:49.3649||INFO|Microsoft.Hosting.Lifetime|Content root path: C:\Users\Dell\Desktop\c#\SportAPI\SportAPI 
2021-12-10 10:41:07.0976||INFO|SportAPI.Middlewares.RequestResponseLoggingMiddleware|Request from 127.0.0.1(kubernetes.docker.internal): GET https://localhost:44377/api/SportClub <no request body> 
2021-12-10 10:41:07.4969||INFO|SportAPI.Middlewares.RequestResponseLoggingMiddleware|Request from 127.0.0.1(kubernetes.docker.internal): GET https://localhost:44377/api/SportClub <no request body> 
2021-12-10 10:41:07.5196||INFO|SportAPI.Sport.Services.SportClubService|Get All the Sport Clubs 
2021-12-10 10:41:07.5212||INFO|SportAPI.Sport.Services.SportClubService|Get All the Sport Clubs 
2021-12-10 10:41:07.7176|20504|WARN|Microsoft.EntityFrameworkCore.Query|Compiling a query which loads related collections for more than one collection navigation either via 'Include' or through projection but no 'QuerySplittingBehavior' has been configured. By default Entity Framework will use 'QuerySplittingBehavior.SingleQuery' which can potentially result in slow query performance. See https://go.microsoft.com/fwlink/?linkid=2134277 for more information. To identify the query that's triggering this warning call 'ConfigureWarnings(w => w.Throw(RelationalEventId.MultipleCollectionIncludeWarning))' 
2021-12-10 10:41:08.4528||INFO|SportAPI.Middlewares.RequestResponseLoggingMiddleware|Request handled in 942 ms with response 200: [{"id":5,"sportClubName":"KKS Lech Poznań","description":"Polski klub założony w 1922 roku na poznańskim zebraniu kolejarzy na ulicy Bułgarskiej, gdzie dzisiaj znajduje się stadion","category":"Klub Piłki Nożnej","hasOwnStadium":true,"contactEmail":"kkslechpoznan@kolejorz.com","contactNumber":"+48 61 98 34 091","city":null,"street":null,"postalCode":null,"firstName":null,"lastName":null,"login":null,"password":null,"players":[{"id":35,"name":"Alan","surname":"Czerwiński","pesel":"93111209483","phoneNumber":"+48 903 432 810","nationality":"Polska","emailAddress":"alan.czerwinski@wp.pl","betterFoot":1,"position":"Obrońca","sportClubName":null},{"id":36,"name":"Pedro","surname":"Tiba","pesel":"87061049034","phoneNumber":"+48 707 400 481","nationality":"Portugalia","emailAddress":"pedro.tiba@wp.pl","betterFoot":1,"position":"Pomocnik","sportClubName":null},{"id":38,"name":"Mikael","surname":"Ishak","pesel":"90040590839","phoneNumber":"+48 783 321 666","nationality":"Szwecja","emailAddress":"mikael.ishak@gmail.com","betterFoot":1,"position":"Napastnik","sportClubName":null},{"id":39,"name":"Barry","surname":"Douglas","pesel":"89060783746","phoneNumber":"+48 771 321 222","nationality":"Szkocja","emailAddress":"barry.douglas@onet.pl","betterFoot":0,"position":"Obrońca","sportClubName":null},{"id":40,"name":"Antonio","surname":"Milić","pesel":"92020285734","phoneNumber":"+48 504 657 435","nationality":"Serbia","emailAddress":"antonio.milic@gmail.com","betterFoot":0,"position":"Obrońca","sportClubName":null},{"id":41,"name":"Filip","surname":"Bednarek","pesel":"91081992834","phoneNumber":"+48 609 777 432","nationality":"Polska","emailAddress":"filip.bednarek@onet.pl","betterFoot":1,"position":"Bramkarz","sportClubName":null},{"id":42,"name":"Adrien","surname":"Ba Loua","pesel":"95111198478","phoneNumber":"+48 606 183 301","nationality":"Wybrzeże Kości Słoniowej","emailAddress":"adrien.baloua@gmail.com","betterFoot":0,"position":"Pomocnik","sportClubName":null},{"id":43,"name":"Michał","surname":"Skóraś","pesel":"00019283701","phoneNumber":"+48 790 981 003","nationality":"Polska","emailAddress":"michal.skoras@gmail.com","betterFoot":1,"position":"Pomocnik","sportClubName":null},{"id":44,"name":"Jakub","surname":"Kamiński","pesel":"03121298467","phoneNumber":"+48 506 666 712","nationality":"Polska","emailAddress":"jakub.kaminski@wp.pl","betterFoot":1,"position":"Pomocnik","sportClubName":null}],"trainings":[{"id":14,"name":"Trening Siłowy","description":"Trening, który odbywa się na hali sportowej, w którym zawodnicy wykonują ćwiczenia siłowe","timeOfTraining":"2021-11-24T08:45:00","sportClubName":null},{"id":15,"name":"Trening Biegowy","description":"Trening, który odbywa się w terenie, lub na bieżni, w którym zawodnicy wykonują biegi na różnych dystansach","timeOfTraining":"2021-11-25T09:20:00","sportClubName":null},{"id":17,"name":"Trening Strzelecki","description":"Trening, który odbywa się na boisku treningowym, w którym zawodnicy grający w polu strzelają bramkarzom z różnych pozycji na boisku","timeOfTraining":"2021-11-24T08:45:00","sportClubName":null}],"matches":[{"id":13,"teamOne":"Lech Poznań","teamTwo":"Legia Warszawa","inHouse":true,"dateOfMatch":"2021-12-09T00:32:30.347","sportClubName":null},{"id":14,"teamOne":"Wisła Kraków","teamTwo":"Lech Poznań","inHouse":true,"dateOfMatch":"2021-11-30T20:45:00","sportClubName":null},{"id":15,"teamOne":"Lech Poznań","teamTwo":"Śląsk Wrocław","inHouse":true,"dateOfMatch":"2021-11-21T18:45:00","sportClubName":null}],"coaches":[{"id":11,"name":"Maciej","surname":"Skorża","pesel":"67081234590","phoneNumber":"+48 607 801 212","emailAddress":"maciej.skorża@wp.pl","cash":"50 000 PLN","sportClubName":null},{"id":12,"name":"Dariusz","surname":"Dudka","pesel":"78010841029","phoneNumber":"+48 500 278 999","emailAddress":"dariusz.dudka@interia.pl","cash":"23 000 PLN","sportClubName":null},{"id":13,"name":"Piotr","surname":"Reiss","pesel":"72052309173","phoneNumber":"+48 782 233 980","emailAddress":"maciej.skorża@wp.pl","cash":"20 000 PLN","sportClubName":null}]},{"id":6,"sportClubName":"WKS Legia Warszawa","description":"Warszawski klub założony w 1916 roku na warszawskim zebraniu żołnierzy warszawskich legionów na ulicy Łazienkowskiej, gdzie dzisiaj znajduje się stadion","category":"Klub Piłki Nożnej","hasOwnStadium":true,"contactEmail":"wkslegiawarszawa@wojskowi.com","contactNumber":"+48 21 56 32 111","city":null,"street":null,"postalCode":null,"firstName":null,"lastName":null,"login":null,"password":null,"players":[{"id":31,"name":"Artur","surname":"Boruc","pesel":"80044982703","phoneNumber":"+48 501 407 623","nationality":"Polska","emailAddress":"artur.boruc@gmail.com","betterFoot":0,"position":"Bramkarz","sportClubName":null},{"id":32,"name":"Artur","surname":"Jędrzejczyk","pesel":"86011298467","phoneNumber":"+48 806 111 231","nationality":"Polska","emailAddress":"artur.jedrzejczyk@wp.pl","betterFoot":1,"position":"Obrońca","sportClubName":null},{"id":33,"name":"Bartosz","surname":"Kapustka","pesel":"96062283005","phoneNumber":"+48 555 324 501","nationality":"Polska","emailAddress":"bartosz.kapustka@onet.pl","betterFoot":1,"position":"Obrońca","sportClubName":null},{"id":34,"name":"Thomas","surname":"Pekhart","pesel":"92032445324","phoneNumber":"+48 567 050 546","nationality":"Czechy","emailAddress":"thomas.pekhart@gmail.com","betterFoot":0,"position":"Napastnik","sportClubName":null},{"id":37,"name":"Filip","surname":"Mladenović","pesel":"94072992508","phoneNumber":"+48 765 452 555","nationality":"Serbia","emailAddress":"filip.mladenovic@onet.pl","betterFoot":0,"position":"Obrońca","sportClubName":null},{"id":45,"name":"Josue","surname":"Vide","pesel":"95029085590","phoneNumber":"+48 780 790 541","nationality":"Portugalia","emailAddress":"josue.vide@gmail.com","betterFoot":1,"position":"Pomocnik","sportClubName":null}],"trainings":[{"id":13,"name":"Trening Techniczny","description":"Trening, który odbywa się na hali sportowej, w którym zawodnicy wykonują ćwiczenia szkolące technikę użytkową","timeOfTraining":"2021-11-28T10:45:00","sportClubName":null},{"id":16,"name":"Trening Taktyczny","description":"Trening, który odbywa się na boisku treningowym, w którym zawodnicy wykonują treningi taktyczne zgodne z ich pozycją na boisku","timeOfTraining":"2021-11-30T10:35:00","sportClubName":null},{"id":18,"name":"Trening Meczowy","description":"Trening, który odbywa się na boisku treningowym, w którym zawodnicy podzieleni na dwie grupy grają mecz 11x11","timeOfTraining":"2021-12-04T13:00:00","sportClubName":null}],"matches":[{"id":16,"teamOne":"Legia Warszawa","teamTwo":"Jagiellonia Białystok","inHouse":true,"dateOfMatch":"2021-12-14T17:50:00","sportClubName":null},{"id":17,"teamOne":"Legia Warszawa","teamTwo":"Lech Poznań","inHouse":true,"dateOfMatch":"2021-10-23T20:45:00","sportClubName":null},{"id":18,"teamOne":"Zawisza Bydgoszcz","teamTwo":"Legia Warszawa","inHouse":true,"dateOfMatch":"2021-12-09T00:32:30.693","sportClubName":null}],"coaches":[{"id":14,"name":"Wojciech","surname":"Łazarek","pesel":"51010541029","phoneNumber":"+48 500 278 999","emailAddress":"dariusz.dudka@interia.pl","cash":"43 000 PLN","sportClubName":null},{"id":15,"name":"Czesław","surname":"Michniewicz","pesel":"63090934590","phoneNumber":"+48 511 902 439","emailAddress":"czeslaw.michniewicz@wp.pl","cash":"60 000 PLN","sportClubName":null}]}] 
2021-12-10 10:41:08.4580||INFO|SportAPI.Middlewares.RequestResponseLoggingMiddleware|Request handled in 1339 ms with response 200: [{"id":5,"sportClubName":"KKS Lech Poznań","description":"Polski klub założony w 1922 roku na poznańskim zebraniu kolejarzy na ulicy Bułgarskiej, gdzie dzisiaj znajduje się stadion","category":"Klub Piłki Nożnej","hasOwnStadium":true,"contactEmail":"kkslechpoznan@kolejorz.com","contactNumber":"+48 61 98 34 091","city":null,"street":null,"postalCode":null,"firstName":null,"lastName":null,"login":null,"password":null,"players":[{"id":35,"name":"Alan","surname":"Czerwiński","pesel":"93111209483","phoneNumber":"+48 903 432 810","nationality":"Polska","emailAddress":"alan.czerwinski@wp.pl","betterFoot":1,"position":"Obrońca","sportClubName":null},{"id":36,"name":"Pedro","surname":"Tiba","pesel":"87061049034","phoneNumber":"+48 707 400 481","nationality":"Portugalia","emailAddress":"pedro.tiba@wp.pl","betterFoot":1,"position":"Pomocnik","sportClubName":null},{"id":38,"name":"Mikael","surname":"Ishak","pesel":"90040590839","phoneNumber":"+48 783 321 666","nationality":"Szwecja","emailAddress":"mikael.ishak@gmail.com","betterFoot":1,"position":"Napastnik","sportClubName":null},{"id":39,"name":"Barry","surname":"Douglas","pesel":"89060783746","phoneNumber":"+48 771 321 222","nationality":"Szkocja","emailAddress":"barry.douglas@onet.pl","betterFoot":0,"position":"Obrońca","sportClubName":null},{"id":40,"name":"Antonio","surname":"Milić","pesel":"92020285734","phoneNumber":"+48 504 657 435","nationality":"Serbia","emailAddress":"antonio.milic@gmail.com","betterFoot":0,"position":"Obrońca","sportClubName":null},{"id":41,"name":"Filip","surname":"Bednarek","pesel":"91081992834","phoneNumber":"+48 609 777 432","nationality":"Polska","emailAddress":"filip.bednarek@onet.pl","betterFoot":1,"position":"Bramkarz","sportClubName":null},{"id":42,"name":"Adrien","surname":"Ba Loua","pesel":"95111198478","phoneNumber":"+48 606 183 301","nationality":"Wybrzeże Kości Słoniowej","emailAddress":"adrien.baloua@gmail.com","betterFoot":0,"position":"Pomocnik","sportClubName":null},{"id":43,"name":"Michał","surname":"Skóraś","pesel":"00019283701","phoneNumber":"+48 790 981 003","nationality":"Polska","emailAddress":"michal.skoras@gmail.com","betterFoot":1,"position":"Pomocnik","sportClubName":null},{"id":44,"name":"Jakub","surname":"Kamiński","pesel":"03121298467","phoneNumber":"+48 506 666 712","nationality":"Polska","emailAddress":"jakub.kaminski@wp.pl","betterFoot":1,"position":"Pomocnik","sportClubName":null}],"trainings":[{"id":14,"name":"Trening Siłowy","description":"Trening, który odbywa się na hali sportowej, w którym zawodnicy wykonują ćwiczenia siłowe","timeOfTraining":"2021-11-24T08:45:00","sportClubName":null},{"id":15,"name":"Trening Biegowy","description":"Trening, który odbywa się w terenie, lub na bieżni, w którym zawodnicy wykonują biegi na różnych dystansach","timeOfTraining":"2021-11-25T09:20:00","sportClubName":null},{"id":17,"name":"Trening Strzelecki","description":"Trening, który odbywa się na boisku treningowym, w którym zawodnicy grający w polu strzelają bramkarzom z różnych pozycji na boisku","timeOfTraining":"2021-11-24T08:45:00","sportClubName":null}],"matches":[{"id":13,"teamOne":"Lech Poznań","teamTwo":"Legia Warszawa","inHouse":true,"dateOfMatch":"2021-12-09T00:32:30.347","sportClubName":null},{"id":14,"teamOne":"Wisła Kraków","teamTwo":"Lech Poznań","inHouse":true,"dateOfMatch":"2021-11-30T20:45:00","sportClubName":null},{"id":15,"teamOne":"Lech Poznań","teamTwo":"Śląsk Wrocław","inHouse":true,"dateOfMatch":"2021-11-21T18:45:00","sportClubName":null}],"coaches":[{"id":11,"name":"Maciej","surname":"Skorża","pesel":"67081234590","phoneNumber":"+48 607 801 212","emailAddress":"maciej.skorża@wp.pl","cash":"50 000 PLN","sportClubName":null},{"id":12,"name":"Dariusz","surname":"Dudka","pesel":"78010841029","phoneNumber":"+48 500 278 999","emailAddress":"dariusz.dudka@interia.pl","cash":"23 000 PLN","sportClubName":null},{"id":13,"name":"Piotr","surname":"Reiss","pesel":"72052309173","phoneNumber":"+48 782 233 980","emailAddress":"maciej.skorża@wp.pl","cash":"20 000 PLN","sportClubName":null}]},{"id":6,"sportClubName":"WKS Legia Warszawa","description":"Warszawski klub założony w 1916 roku na warszawskim zebraniu żołnierzy warszawskich legionów na ulicy Łazienkowskiej, gdzie dzisiaj znajduje się stadion","category":"Klub Piłki Nożnej","hasOwnStadium":true,"contactEmail":"wkslegiawarszawa@wojskowi.com","contactNumber":"+48 21 56 32 111","city":null,"street":null,"postalCode":null,"firstName":null,"lastName":null,"login":null,"password":null,"players":[{"id":31,"name":"Artur","surname":"Boruc","pesel":"80044982703","phoneNumber":"+48 501 407 623","nationality":"Polska","emailAddress":"artur.boruc@gmail.com","betterFoot":0,"position":"Bramkarz","sportClubName":null},{"id":32,"name":"Artur","surname":"Jędrzejczyk","pesel":"86011298467","phoneNumber":"+48 806 111 231","nationality":"Polska","emailAddress":"artur.jedrzejczyk@wp.pl","betterFoot":1,"position":"Obrońca","sportClubName":null},{"id":33,"name":"Bartosz","surname":"Kapustka","pesel":"96062283005","phoneNumber":"+48 555 324 501","nationality":"Polska","emailAddress":"bartosz.kapustka@onet.pl","betterFoot":1,"position":"Obrońca","sportClubName":null},{"id":34,"name":"Thomas","surname":"Pekhart","pesel":"92032445324","phoneNumber":"+48 567 050 546","nationality":"Czechy","emailAddress":"thomas.pekhart@gmail.com","betterFoot":0,"position":"Napastnik","sportClubName":null},{"id":37,"name":"Filip","surname":"Mladenović","pesel":"94072992508","phoneNumber":"+48 765 452 555","nationality":"Serbia","emailAddress":"filip.mladenovic@onet.pl","betterFoot":0,"position":"Obrońca","sportClubName":null},{"id":45,"name":"Josue","surname":"Vide","pesel":"95029085590","phoneNumber":"+48 780 790 541","nationality":"Portugalia","emailAddress":"josue.vide@gmail.com","betterFoot":1,"position":"Pomocnik","sportClubName":null}],"trainings":[{"id":13,"name":"Trening Techniczny","description":"Trening, który odbywa się na hali sportowej, w którym zawodnicy wykonują ćwiczenia szkolące technikę użytkową","timeOfTraining":"2021-11-28T10:45:00","sportClubName":null},{"id":16,"name":"Trening Taktyczny","description":"Trening, który odbywa się na boisku treningowym, w którym zawodnicy wykonują treningi taktyczne zgodne z ich pozycją na boisku","timeOfTraining":"2021-11-30T10:35:00","sportClubName":null},{"id":18,"name":"Trening Meczowy","description":"Trening, który odbywa się na boisku treningowym, w którym zawodnicy podzieleni na dwie grupy grają mecz 11x11","timeOfTraining":"2021-12-04T13:00:00","sportClubName":null}],"matches":[{"id":16,"teamOne":"Legia Warszawa","teamTwo":"Jagiellonia Białystok","inHouse":true,"dateOfMatch":"2021-12-14T17:50:00","sportClubName":null},{"id":17,"teamOne":"Legia Warszawa","teamTwo":"Lech Poznań","inHouse":true,"dateOfMatch":"2021-10-23T20:45:00","sportClubName":null},{"id":18,"teamOne":"Zawisza Bydgoszcz","teamTwo":"Legia Warszawa","inHouse":true,"dateOfMatch":"2021-12-09T00:32:30.693","sportClubName":null}],"coaches":[{"id":14,"name":"Wojciech","surname":"Łazarek","pesel":"51010541029","phoneNumber":"+48 500 278 999","emailAddress":"dariusz.dudka@interia.pl","cash":"43 000 PLN","sportClubName":null},{"id":15,"name":"Czesław","surname":"Michniewicz","pesel":"63090934590","phoneNumber":"+48 511 902 439","emailAddress":"czeslaw.michniewicz@wp.pl","cash":"60 000 PLN","sportClubName":null}]}] 
2021-12-10 10:42:04.2629||INFO|SportAPI.Middlewares.RequestResponseLoggingMiddleware|Request from 127.0.0.1(kubernetes.docker.internal): GET https://localhost:44377/api/SportClub/6 <no request body> 
2021-12-10 10:42:04.3437||INFO|SportAPI.Sport.Services.SportClubService|Get the sport club by id 
2021-12-10 10:42:04.4501|20504|WARN|Microsoft.EntityFrameworkCore.Query|Compiling a query which loads related collections for more than one collection navigation either via 'Include' or through projection but no 'QuerySplittingBehavior' has been configured. By default Entity Framework will use 'QuerySplittingBehavior.SingleQuery' which can potentially result in slow query performance. See https://go.microsoft.com/fwlink/?linkid=2134277 for more information. To identify the query that's triggering this warning call 'ConfigureWarnings(w => w.Throw(RelationalEventId.MultipleCollectionIncludeWarning))' 
2021-12-10 10:42:04.6010||INFO|SportAPI.Middlewares.RequestResponseLoggingMiddleware|Request handled in 330 ms with response 200: {"id":6,"sportClubName":"WKS Legia Warszawa","description":"Warszawski klub założony w 1916 roku na warszawskim zebraniu żołnierzy warszawskich legionów na ulicy Łazienkowskiej, gdzie dzisiaj znajduje się stadion","category":"Klub Piłki Nożnej","hasOwnStadium":true,"contactEmail":"wkslegiawarszawa@wojskowi.com","contactNumber":"+48 21 56 32 111","city":null,"street":null,"postalCode":null,"firstName":null,"lastName":null,"login":null,"password":null,"players":[{"id":31,"name":"Artur","surname":"Boruc","pesel":"80044982703","phoneNumber":"+48 501 407 623","nationality":"Polska","emailAddress":"artur.boruc@gmail.com","betterFoot":0,"position":"Bramkarz","sportClubName":null},{"id":32,"name":"Artur","surname":"Jędrzejczyk","pesel":"86011298467","phoneNumber":"+48 806 111 231","nationality":"Polska","emailAddress":"artur.jedrzejczyk@wp.pl","betterFoot":1,"position":"Obrońca","sportClubName":null},{"id":33,"name":"Bartosz","surname":"Kapustka","pesel":"96062283005","phoneNumber":"+48 555 324 501","nationality":"Polska","emailAddress":"bartosz.kapustka@onet.pl","betterFoot":1,"position":"Obrońca","sportClubName":null},{"id":34,"name":"Thomas","surname":"Pekhart","pesel":"92032445324","phoneNumber":"+48 567 050 546","nationality":"Czechy","emailAddress":"thomas.pekhart@gmail.com","betterFoot":0,"position":"Napastnik","sportClubName":null},{"id":37,"name":"Filip","surname":"Mladenović","pesel":"94072992508","phoneNumber":"+48 765 452 555","nationality":"Serbia","emailAddress":"filip.mladenovic@onet.pl","betterFoot":0,"position":"Obrońca","sportClubName":null},{"id":45,"name":"Josue","surname":"Vide","pesel":"95029085590","phoneNumber":"+48 780 790 541","nationality":"Portugalia","emailAddress":"josue.vide@gmail.com","betterFoot":1,"position":"Pomocnik","sportClubName":null}],"trainings":[{"id":13,"name":"Trening Techniczny","description":"Trening, który odbywa się na hali sportowej, w którym zawodnicy wykonują ćwiczenia szkolące technikę użytkową","timeOfTraining":"2021-11-28T10:45:00","sportClubName":null},{"id":16,"name":"Trening Taktyczny","description":"Trening, który odbywa się na boisku treningowym, w którym zawodnicy wykonują treningi taktyczne zgodne z ich pozycją na boisku","timeOfTraining":"2021-11-30T10:35:00","sportClubName":null},{"id":18,"name":"Trening Meczowy","description":"Trening, który odbywa się na boisku treningowym, w którym zawodnicy podzieleni na dwie grupy grają mecz 11x11","timeOfTraining":"2021-12-04T13:00:00","sportClubName":null}],"matches":[{"id":16,"teamOne":"Legia Warszawa","teamTwo":"Jagiellonia Białystok","inHouse":true,"dateOfMatch":"2021-12-14T17:50:00","sportClubName":null},{"id":17,"teamOne":"Legia Warszawa","teamTwo":"Lech Poznań","inHouse":true,"dateOfMatch":"2021-10-23T20:45:00","sportClubName":null},{"id":18,"teamOne":"Zawisza Bydgoszcz","teamTwo":"Legia Warszawa","inHouse":true,"dateOfMatch":"2021-12-09T00:32:30.693","sportClubName":null}],"coaches":[{"id":14,"name":"Wojciech","surname":"Łazarek","pesel":"51010541029","phoneNumber":"+48 500 278 999","emailAddress":"dariusz.dudka@interia.pl","cash":"43 000 PLN","sportClubName":null},{"id":15,"name":"Czesław","surname":"Michniewicz","pesel":"63090934590","phoneNumber":"+48 511 902 439","emailAddress":"czeslaw.michniewicz@wp.pl","cash":"60 000 PLN","sportClubName":null}]} 
2021-12-10 10:44:03.7907||INFO|SportAPI.Middlewares.RequestResponseLoggingMiddleware|Request from 127.0.0.1(kubernetes.docker.internal): PUT https://localhost:44377/api/SportClub/6 {"sportClubName":"Legia Warszawa","description":"Warszawski klub założony w 1916 roku na warszawskim zebraniu żołnierzy warszawskich legionów na ulicy Łazienkowskiej, gdzie dzisiaj znajduje się stadion","category":"Klub Piłki Nożnej","hasOwnStadium":true,"contactEmail":"wkslegiawarszawa@legia.com","contactNumber":"+48 21 56 32 113"} 
2021-12-10 10:44:03.8209||INFO|SportAPI.Sport.Services.SportClubService|Update the Sport Club by Id 
2021-12-10 10:44:03.8350||INFO|SportAPI.Middlewares.RequestResponseLoggingMiddleware|Request handled in 39 ms with response 200: <no response body> 
2021-12-10 10:46:00.9211||INFO|SportAPI.Middlewares.RequestResponseLoggingMiddleware|Request from 127.0.0.1(kubernetes.docker.internal): POST https://localhost:44377/api/SportClub {"sportClubName":"KKS Kalisz","description":"Kaliski Klub Sportowy, utworzony w 1925 roku przez pracowników rzemieślniczych zakładów stolarskich","category":"Klub Piłki Nożnej","hasOwnStadium":true,"contactEmail":"kkskalisz@kalisz.com","contactNumber":"+48 45 56 32 542","city":"Kalisz","street":"Łódzka 13","postalCode":"63-098","firstName":"Marcin","lastName":"Kowalczyk","login":"marcinkowalczyk24.7","password":"haslo"} 
2021-12-10 10:46:00.9470||INFO|SportAPI.Sport.Services.SportClubService|Create a new sport club 
2021-12-10 10:46:01.5041||ERROR|SportAPI.Middlewares.ErrorHandlingMiddleware|Missing type map configuration or unsupported mapping.

Mapping types:
Object -> SportClub
System.Object -> SportAPI.Sport.Models.SportClub AutoMapper.AutoMapperMappingException: Missing type map configuration or unsupported mapping.

Mapping types:
Object -> SportClub
System.Object -> SportAPI.Sport.Models.SportClub
   at lambda_method705(Closure , Object , SportClub , ResolutionContext )
   at SportAPI.Sport.Services.SportClubService.Create(CreateSportClubDto dto) in C:\Users\Dell\Desktop\c#\SportAPI\SportAPI\Sport\Services\SportClubService.cs:line 34
   at SportAPI.Sport.Controllers.SportClubController.Create(CreateSportClubDto dto) in C:\Users\Dell\Desktop\c#\SportAPI\SportAPI\Sport\Controllers\SportClubController.cs:line 80
   at lambda_method700(Closure , Object )
   at Microsoft.AspNetCore.Mvc.Infrastructure.ActionMethodExecutor.AwaitableObjectResultExecutor.Execute(IActionResultTypeMapper mapper, ObjectMethodExecutor executor, Object controller, Object[] arguments)
   at Microsoft.AspNetCore.Mvc.Infrastructure.ControllerActionInvoker.<InvokeActionMethodAsync>g__Awaited|12_0(ControllerActionInvoker invoker, ValueTask`1 actionResultValueTask)
   at Microsoft.AspNetCore.Mvc.Infrastructure.ControllerActionInvoker.<InvokeNextActionFilterAsync>g__Awaited|10_0(ControllerActionInvoker invoker, Task lastTask, State next, Scope scope, Object state, Boolean isCompleted)
   at Microsoft.AspNetCore.Mvc.Infrastructure.ControllerActionInvoker.Rethrow(ActionExecutedContextSealed context)
   at Microsoft.AspNetCore.Mvc.Infrastructure.ControllerActionInvoker.Next(State& next, Scope& scope, Object& state, Boolean& isCompleted)
   at Microsoft.AspNetCore.Mvc.Infrastructure.ControllerActionInvoker.InvokeInnerFilterAsync()
--- End of stack trace from previous location ---
   at Microsoft.AspNetCore.Mvc.Infrastructure.ResourceInvoker.<InvokeFilterPipelineAsync>g__Awaited|19_0(ResourceInvoker invoker, Task lastTask, State next, Scope scope, Object state, Boolean isCompleted)
   at Microsoft.AspNetCore.Mvc.Infrastructure.ResourceInvoker.<InvokeAsync>g__Awaited|17_0(ResourceInvoker invoker, Task task, IDisposable scope)
   at Microsoft.AspNetCore.Routing.EndpointMiddleware.<Invoke>g__AwaitRequestTask|6_0(Endpoint endpoint, Task requestTask, ILogger logger)
   at Microsoft.AspNetCore.Authorization.AuthorizationMiddleware.Invoke(HttpContext context)
   at SportAPI.Middlewares.RequestResponseLoggingMiddleware.Invoke(HttpContext context) in C:\Users\Dell\Desktop\c#\SportAPI\SportAPI\Middlewares\RequestResponseLoggingMiddleware.cs:line 36
   at SportAPI.Middlewares.RequestResponseLoggingMiddleware.Invoke(HttpContext context) in C:\Users\Dell\Desktop\c#\SportAPI\SportAPI\Middlewares\RequestResponseLoggingMiddleware.cs:line 42
   at SportAPI.Middlewares.RequestResponseLoggingMiddleware.Invoke(HttpContext context) in C:\Users\Dell\Desktop\c#\SportAPI\SportAPI\Middlewares\RequestResponseLoggingMiddleware.cs:line 42
   at SportAPI.Middlewares.RequestTimeMiddleware.InvokeAsync(HttpContext context, RequestDelegate next) in C:\Users\Dell\Desktop\c#\SportAPI\SportAPI\Middlewares\RequestTimeMiddleware.cs:line 21
   at Microsoft.AspNetCore.Builder.UseMiddlewareExtensions.<>c__DisplayClass6_1.<<UseMiddlewareInterface>b__1>d.MoveNext()
--- End of stack trace from previous location ---
   at SportAPI.Middlewares.ErrorHandlingMiddleware.InvokeAsync(HttpContext context, RequestDelegate next) in C:\Users\Dell\Desktop\c#\SportAPI\SportAPI\Middlewares\ErrorHanglindMiddleware.cs:line 23
2021-12-10 10:46:01.6579|1|ERROR|Microsoft.AspNetCore.Diagnostics.DeveloperExceptionPageMiddleware|An unhandled exception has occurred while executing the request. System.ObjectDisposedException: Cannot access a closed Stream.
   at System.IO.MemoryStream.Write(Byte[] buffer, Int32 offset, Int32 count)
   at System.IO.MemoryStream.WriteAsync(ReadOnlyMemory`1 buffer, CancellationToken cancellationToken)
--- End of stack trace from previous location ---
   at System.IO.Pipelines.StreamPipeWriter.FlushAsyncInternal(Boolean writeToStream, CancellationToken cancellationToken)
   at SportAPI.Middlewares.ErrorHandlingMiddleware.InvokeAsync(HttpContext context, RequestDelegate next) in C:\Users\Dell\Desktop\c#\SportAPI\SportAPI\Middlewares\ErrorHanglindMiddleware.cs:line 35
   at Microsoft.AspNetCore.Builder.UseMiddlewareExtensions.<>c__DisplayClass6_1.<<UseMiddlewareInterface>b__1>d.MoveNext()
--- End of stack trace from previous location ---
   at SportAPI.Sport.UserMiddlewares.SportTokenAuthMiddleware.Invoke(HttpContext context) in C:\Users\Dell\Desktop\c#\SportAPI\SportAPI\Sport\UserMiddlewares\SportTokenAuthMiddleware.cs:line 50
   at Swashbuckle.AspNetCore.SwaggerUI.SwaggerUIMiddleware.Invoke(HttpContext httpContext)
   at Swashbuckle.AspNetCore.Swagger.SwaggerMiddleware.Invoke(HttpContext httpContext, ISwaggerProvider swaggerProvider)
   at Microsoft.AspNetCore.Diagnostics.DeveloperExceptionPageMiddleware.Invoke(HttpContext context)
2021-12-10 10:46:01.6712|3|ERROR|Microsoft.AspNetCore.Diagnostics.DeveloperExceptionPageMiddleware|An exception was thrown attempting to display the error page. System.ObjectDisposedException: Cannot access a closed Stream.
   at System.IO.MemoryStream.Write(Byte[] buffer, Int32 offset, Int32 count)
   at System.IO.MemoryStream.WriteAsync(ReadOnlyMemory`1 buffer, CancellationToken cancellationToken)
--- End of stack trace from previous location ---
   at System.IO.Pipelines.StreamPipeWriter.FlushAsyncInternal(Boolean writeToStream, CancellationToken cancellationToken)
   at Microsoft.AspNetCore.Diagnostics.DeveloperExceptionPageMiddleware.Invoke(HttpContext context)
2021-12-10 10:46:01.6883|2|ERROR|Microsoft.AspNetCore.Server.IIS.Core.IISHttpServer|Connection ID "18230571306091282464", Request ID "80000021-0003-fd00-b63f-84710c7967bb": An unhandled exception was thrown by the application. System.ObjectDisposedException: Cannot access a closed Stream.
   at System.IO.MemoryStream.Write(Byte[] buffer, Int32 offset, Int32 count)
   at System.IO.MemoryStream.WriteAsync(ReadOnlyMemory`1 buffer, CancellationToken cancellationToken)
--- End of stack trace from previous location ---
   at System.IO.Pipelines.StreamPipeWriter.FlushAsyncInternal(Boolean writeToStream, CancellationToken cancellationToken)
   at SportAPI.Middlewares.ErrorHandlingMiddleware.InvokeAsync(HttpContext context, RequestDelegate next) in C:\Users\Dell\Desktop\c#\SportAPI\SportAPI\Middlewares\ErrorHanglindMiddleware.cs:line 35
   at Microsoft.AspNetCore.Builder.UseMiddlewareExtensions.<>c__DisplayClass6_1.<<UseMiddlewareInterface>b__1>d.MoveNext()
--- End of stack trace from previous location ---
   at SportAPI.Sport.UserMiddlewares.SportTokenAuthMiddleware.Invoke(HttpContext context) in C:\Users\Dell\Desktop\c#\SportAPI\SportAPI\Sport\UserMiddlewares\SportTokenAuthMiddleware.cs:line 50
   at Swashbuckle.AspNetCore.SwaggerUI.SwaggerUIMiddleware.Invoke(HttpContext httpContext)
   at Swashbuckle.AspNetCore.Swagger.SwaggerMiddleware.Invoke(HttpContext httpContext, ISwaggerProvider swaggerProvider)
   at Microsoft.AspNetCore.Diagnostics.DeveloperExceptionPageMiddleware.Invoke(HttpContext context)
   at Microsoft.AspNetCore.Diagnostics.DeveloperExceptionPageMiddleware.Invoke(HttpContext context)
   at Microsoft.AspNetCore.Server.IIS.Core.IISHttpContextOfT`1.ProcessRequestAsync()
2021-12-10 10:46:19.2690||INFO|SportAPI.Middlewares.RequestResponseLoggingMiddleware|Request from 127.0.0.1(kubernetes.docker.internal): POST https://localhost:44377/api/SportClub {
  "sportClubName": "KKS Kalisz",
  "description": "Kaliski Klub Sportowy, utworzony w 1925 roku przez pracowników rzemieślniczych zakładów stolarskich",
  "category": "Klub Piłki Nożnej",
  "hasOwnStadium": true,
  "contactEmail": "kkskalisz@kalisz.com",
  "contactNumber": "+48 45 56 32 542",
} 
2021-12-10 10:46:19.2965||INFO|SportAPI.Middlewares.RequestResponseLoggingMiddleware|Request handled in 21 ms with response 400: {"type":"https://tools.ietf.org/html/rfc7231#section-6.5.1","title":"One or more validation errors occurred.","status":400,"traceId":"00-3db1c7a3bfa0cf41b1d3ef0033f578b1-bb2f0ae728ee5c45-00","errors":{"$":["The JSON object contains a trailing comma at the end which is not supported in this mode. Change the reader options. Path: $ | LineNumber: 7 | BytePositionInLine: 0."]}} 
2021-12-10 10:46:32.8992||INFO|SportAPI.Middlewares.RequestResponseLoggingMiddleware|Request from 127.0.0.1(kubernetes.docker.internal): POST https://localhost:44377/api/SportClub {"sportClubName":"KKS Kalisz","description":"Kaliski Klub Sportowy, utworzony w 1925 roku przez pracowników rzemieślniczych zakładów stolarskich","category":"Klub Piłki Nożnej","hasOwnStadium":true,"contactEmail":"kkskalisz@kalisz.com","contactNumber":"+48 45 56 32 542"} 
2021-12-10 10:46:32.8992||INFO|SportAPI.Sport.Services.SportClubService|Create a new sport club 
2021-12-10 10:46:33.2397||ERROR|SportAPI.Middlewares.ErrorHandlingMiddleware|Missing type map configuration or unsupported mapping.

Mapping types:
Object -> SportClub
System.Object -> SportAPI.Sport.Models.SportClub AutoMapper.AutoMapperMappingException: Missing type map configuration or unsupported mapping.

Mapping types:
Object -> SportClub
System.Object -> SportAPI.Sport.Models.SportClub
   at lambda_method705(Closure , Object , SportClub , ResolutionContext )
   at SportAPI.Sport.Services.SportClubService.Create(CreateSportClubDto dto) in C:\Users\Dell\Desktop\c#\SportAPI\SportAPI\Sport\Services\SportClubService.cs:line 34
   at SportAPI.Sport.Controllers.SportClubController.Create(CreateSportClubDto dto) in C:\Users\Dell\Desktop\c#\SportAPI\SportAPI\Sport\Controllers\SportClubController.cs:line 80
   at lambda_method700(Closure , Object )
   at Microsoft.AspNetCore.Mvc.Infrastructure.ActionMethodExecutor.AwaitableObjectResultExecutor.Execute(IActionResultTypeMapper mapper, ObjectMethodExecutor executor, Object controller, Object[] arguments)
   at Microsoft.AspNetCore.Mvc.Infrastructure.ControllerActionInvoker.<InvokeActionMethodAsync>g__Awaited|12_0(ControllerActionInvoker invoker, ValueTask`1 actionResultValueTask)
   at Microsoft.AspNetCore.Mvc.Infrastructure.ControllerActionInvoker.<InvokeNextActionFilterAsync>g__Awaited|10_0(ControllerActionInvoker invoker, Task lastTask, State next, Scope scope, Object state, Boolean isCompleted)
   at Microsoft.AspNetCore.Mvc.Infrastructure.ControllerActionInvoker.Rethrow(ActionExecutedContextSealed context)
   at Microsoft.AspNetCore.Mvc.Infrastructure.ControllerActionInvoker.Next(State& next, Scope& scope, Object& state, Boolean& isCompleted)
   at Microsoft.AspNetCore.Mvc.Infrastructure.ControllerActionInvoker.InvokeInnerFilterAsync()
--- End of stack trace from previous location ---
   at Microsoft.AspNetCore.Mvc.Infrastructure.ResourceInvoker.<InvokeFilterPipelineAsync>g__Awaited|19_0(ResourceInvoker invoker, Task lastTask, State next, Scope scope, Object state, Boolean isCompleted)
   at Microsoft.AspNetCore.Mvc.Infrastructure.ResourceInvoker.<InvokeAsync>g__Awaited|17_0(ResourceInvoker invoker, Task task, IDisposable scope)
   at Microsoft.AspNetCore.Routing.EndpointMiddleware.<Invoke>g__AwaitRequestTask|6_0(Endpoint endpoint, Task requestTask, ILogger logger)
   at Microsoft.AspNetCore.Authorization.AuthorizationMiddleware.Invoke(HttpContext context)
   at SportAPI.Middlewares.RequestResponseLoggingMiddleware.Invoke(HttpContext context) in C:\Users\Dell\Desktop\c#\SportAPI\SportAPI\Middlewares\RequestResponseLoggingMiddleware.cs:line 36
   at SportAPI.Middlewares.RequestResponseLoggingMiddleware.Invoke(HttpContext context) in C:\Users\Dell\Desktop\c#\SportAPI\SportAPI\Middlewares\RequestResponseLoggingMiddleware.cs:line 42
   at SportAPI.Middlewares.RequestResponseLoggingMiddleware.Invoke(HttpContext context) in C:\Users\Dell\Desktop\c#\SportAPI\SportAPI\Middlewares\RequestResponseLoggingMiddleware.cs:line 42
   at SportAPI.Middlewares.RequestTimeMiddleware.InvokeAsync(HttpContext context, RequestDelegate next) in C:\Users\Dell\Desktop\c#\SportAPI\SportAPI\Middlewares\RequestTimeMiddleware.cs:line 21
   at Microsoft.AspNetCore.Builder.UseMiddlewareExtensions.<>c__DisplayClass6_1.<<UseMiddlewareInterface>b__1>d.MoveNext()
--- End of stack trace from previous location ---
   at SportAPI.Middlewares.ErrorHandlingMiddleware.InvokeAsync(HttpContext context, RequestDelegate next) in C:\Users\Dell\Desktop\c#\SportAPI\SportAPI\Middlewares\ErrorHanglindMiddleware.cs:line 23
2021-12-10 10:46:33.3662|1|ERROR|Microsoft.AspNetCore.Diagnostics.DeveloperExceptionPageMiddleware|An unhandled exception has occurred while executing the request. System.ObjectDisposedException: Cannot access a closed Stream.
   at System.IO.MemoryStream.Write(Byte[] buffer, Int32 offset, Int32 count)
   at System.IO.MemoryStream.WriteAsync(ReadOnlyMemory`1 buffer, CancellationToken cancellationToken)
--- End of stack trace from previous location ---
   at System.IO.Pipelines.StreamPipeWriter.FlushAsyncInternal(Boolean writeToStream, CancellationToken cancellationToken)
   at SportAPI.Middlewares.ErrorHandlingMiddleware.InvokeAsync(HttpContext context, RequestDelegate next) in C:\Users\Dell\Desktop\c#\SportAPI\SportAPI\Middlewares\ErrorHanglindMiddleware.cs:line 35
   at Microsoft.AspNetCore.Builder.UseMiddlewareExtensions.<>c__DisplayClass6_1.<<UseMiddlewareInterface>b__1>d.MoveNext()
--- End of stack trace from previous location ---
   at SportAPI.Sport.UserMiddlewares.SportTokenAuthMiddleware.Invoke(HttpContext context) in C:\Users\Dell\Desktop\c#\SportAPI\SportAPI\Sport\UserMiddlewares\SportTokenAuthMiddleware.cs:line 50
   at Swashbuckle.AspNetCore.SwaggerUI.SwaggerUIMiddleware.Invoke(HttpContext httpContext)
   at Swashbuckle.AspNetCore.Swagger.SwaggerMiddleware.Invoke(HttpContext httpContext, ISwaggerProvider swaggerProvider)
   at Microsoft.AspNetCore.Diagnostics.DeveloperExceptionPageMiddleware.Invoke(HttpContext context)
2021-12-10 10:46:33.3662|3|ERROR|Microsoft.AspNetCore.Diagnostics.DeveloperExceptionPageMiddleware|An exception was thrown attempting to display the error page. System.ObjectDisposedException: Cannot access a closed Stream.
   at System.IO.MemoryStream.Write(Byte[] buffer, Int32 offset, Int32 count)
   at System.IO.MemoryStream.WriteAsync(ReadOnlyMemory`1 buffer, CancellationToken cancellationToken)
--- End of stack trace from previous location ---
   at System.IO.Pipelines.StreamPipeWriter.FlushAsyncInternal(Boolean writeToStream, CancellationToken cancellationToken)
   at Microsoft.AspNetCore.Diagnostics.DeveloperExceptionPageMiddleware.Invoke(HttpContext context)
2021-12-10 10:46:33.3863|2|ERROR|Microsoft.AspNetCore.Server.IIS.Core.IISHttpServer|Connection ID "18230571293206380578", Request ID "80000023-0000-fd00-b63f-84710c7967bb": An unhandled exception was thrown by the application. System.ObjectDisposedException: Cannot access a closed Stream.
   at System.IO.MemoryStream.Write(Byte[] buffer, Int32 offset, Int32 count)
   at System.IO.MemoryStream.WriteAsync(ReadOnlyMemory`1 buffer, CancellationToken cancellationToken)
--- End of stack trace from previous location ---
   at System.IO.Pipelines.StreamPipeWriter.FlushAsyncInternal(Boolean writeToStream, CancellationToken cancellationToken)
   at SportAPI.Middlewares.ErrorHandlingMiddleware.InvokeAsync(HttpContext context, RequestDelegate next) in C:\Users\Dell\Desktop\c#\SportAPI\SportAPI\Middlewares\ErrorHanglindMiddleware.cs:line 35
   at Microsoft.AspNetCore.Builder.UseMiddlewareExtensions.<>c__DisplayClass6_1.<<UseMiddlewareInterface>b__1>d.MoveNext()
--- End of stack trace from previous location ---
   at SportAPI.Sport.UserMiddlewares.SportTokenAuthMiddleware.Invoke(HttpContext context) in C:\Users\Dell\Desktop\c#\SportAPI\SportAPI\Sport\UserMiddlewares\SportTokenAuthMiddleware.cs:line 50
   at Swashbuckle.AspNetCore.SwaggerUI.SwaggerUIMiddleware.Invoke(HttpContext httpContext)
   at Swashbuckle.AspNetCore.Swagger.SwaggerMiddleware.Invoke(HttpContext httpContext, ISwaggerProvider swaggerProvider)
   at Microsoft.AspNetCore.Diagnostics.DeveloperExceptionPageMiddleware.Invoke(HttpContext context)
   at Microsoft.AspNetCore.Diagnostics.DeveloperExceptionPageMiddleware.Invoke(HttpContext context)
   at Microsoft.AspNetCore.Server.IIS.Core.IISHttpContextOfT`1.ProcessRequestAsync()
2021-12-10 10:46:46.6654||INFO|SportAPI.Middlewares.RequestResponseLoggingMiddleware|Request from 127.0.0.1(kubernetes.docker.internal): POST https://localhost:44377/api/SportClub {"sportClubName":"KKS Kalisz","description":"Kaliski Klub Sportowy, utworzony w 1925 roku przez pracowników rzemieślniczych zakładów stolarskich","category":"Klub Piłki Nożnej","hasOwnStadium":true,"contactEmail":"kkskalisz@kalisz.com","contactNumber":"+48 45 56 32 542","city":"Kalisz","street":"Łódzka 13","postalCode":"63-098","firstName":"Marcin","lastName":"Kowalczyk","login":"marcinkowalczyk24.7","password":"string"} 
2021-12-10 10:46:46.6654||INFO|SportAPI.Sport.Services.SportClubService|Create a new sport club 
2021-12-10 10:46:46.9917||ERROR|SportAPI.Middlewares.ErrorHandlingMiddleware|Missing type map configuration or unsupported mapping.

Mapping types:
Object -> SportClub
System.Object -> SportAPI.Sport.Models.SportClub AutoMapper.AutoMapperMappingException: Missing type map configuration or unsupported mapping.

Mapping types:
Object -> SportClub
System.Object -> SportAPI.Sport.Models.SportClub
   at lambda_method705(Closure , Object , SportClub , ResolutionContext )
   at SportAPI.Sport.Services.SportClubService.Create(CreateSportClubDto dto) in C:\Users\Dell\Desktop\c#\SportAPI\SportAPI\Sport\Services\SportClubService.cs:line 34
   at SportAPI.Sport.Controllers.SportClubController.Create(CreateSportClubDto dto) in C:\Users\Dell\Desktop\c#\SportAPI\SportAPI\Sport\Controllers\SportClubController.cs:line 80
   at lambda_method700(Closure , Object )
   at Microsoft.AspNetCore.Mvc.Infrastructure.ActionMethodExecutor.AwaitableObjectResultExecutor.Execute(IActionResultTypeMapper mapper, ObjectMethodExecutor executor, Object controller, Object[] arguments)
   at Microsoft.AspNetCore.Mvc.Infrastructure.ControllerActionInvoker.<InvokeActionMethodAsync>g__Awaited|12_0(ControllerActionInvoker invoker, ValueTask`1 actionResultValueTask)
   at Microsoft.AspNetCore.Mvc.Infrastructure.ControllerActionInvoker.<InvokeNextActionFilterAsync>g__Awaited|10_0(ControllerActionInvoker invoker, Task lastTask, State next, Scope scope, Object state, Boolean isCompleted)
   at Microsoft.AspNetCore.Mvc.Infrastructure.ControllerActionInvoker.Rethrow(ActionExecutedContextSealed context)
   at Microsoft.AspNetCore.Mvc.Infrastructure.ControllerActionInvoker.Next(State& next, Scope& scope, Object& state, Boolean& isCompleted)
   at Microsoft.AspNetCore.Mvc.Infrastructure.ControllerActionInvoker.InvokeInnerFilterAsync()
--- End of stack trace from previous location ---
   at Microsoft.AspNetCore.Mvc.Infrastructure.ResourceInvoker.<InvokeFilterPipelineAsync>g__Awaited|19_0(ResourceInvoker invoker, Task lastTask, State next, Scope scope, Object state, Boolean isCompleted)
   at Microsoft.AspNetCore.Mvc.Infrastructure.ResourceInvoker.<InvokeAsync>g__Awaited|17_0(ResourceInvoker invoker, Task task, IDisposable scope)
   at Microsoft.AspNetCore.Routing.EndpointMiddleware.<Invoke>g__AwaitRequestTask|6_0(Endpoint endpoint, Task requestTask, ILogger logger)
   at Microsoft.AspNetCore.Authorization.AuthorizationMiddleware.Invoke(HttpContext context)
   at SportAPI.Middlewares.RequestResponseLoggingMiddleware.Invoke(HttpContext context) in C:\Users\Dell\Desktop\c#\SportAPI\SportAPI\Middlewares\RequestResponseLoggingMiddleware.cs:line 36
   at SportAPI.Middlewares.RequestResponseLoggingMiddleware.Invoke(HttpContext context) in C:\Users\Dell\Desktop\c#\SportAPI\SportAPI\Middlewares\RequestResponseLoggingMiddleware.cs:line 42
   at SportAPI.Middlewares.RequestResponseLoggingMiddleware.Invoke(HttpContext context) in C:\Users\Dell\Desktop\c#\SportAPI\SportAPI\Middlewares\RequestResponseLoggingMiddleware.cs:line 42
   at SportAPI.Middlewares.RequestTimeMiddleware.InvokeAsync(HttpContext context, RequestDelegate next) in C:\Users\Dell\Desktop\c#\SportAPI\SportAPI\Middlewares\RequestTimeMiddleware.cs:line 21
   at Microsoft.AspNetCore.Builder.UseMiddlewareExtensions.<>c__DisplayClass6_1.<<UseMiddlewareInterface>b__1>d.MoveNext()
--- End of stack trace from previous location ---
   at SportAPI.Middlewares.ErrorHandlingMiddleware.InvokeAsync(HttpContext context, RequestDelegate next) in C:\Users\Dell\Desktop\c#\SportAPI\SportAPI\Middlewares\ErrorHanglindMiddleware.cs:line 23
2021-12-10 10:46:47.1374|1|ERROR|Microsoft.AspNetCore.Diagnostics.DeveloperExceptionPageMiddleware|An unhandled exception has occurred while executing the request. System.ObjectDisposedException: Cannot access a closed Stream.
   at System.IO.MemoryStream.Write(Byte[] buffer, Int32 offset, Int32 count)
   at System.IO.MemoryStream.WriteAsync(ReadOnlyMemory`1 buffer, CancellationToken cancellationToken)
--- End of stack trace from previous location ---
   at System.IO.Pipelines.StreamPipeWriter.FlushAsyncInternal(Boolean writeToStream, CancellationToken cancellationToken)
   at SportAPI.Middlewares.ErrorHandlingMiddleware.InvokeAsync(HttpContext context, RequestDelegate next) in C:\Users\Dell\Desktop\c#\SportAPI\SportAPI\Middlewares\ErrorHanglindMiddleware.cs:line 35
   at Microsoft.AspNetCore.Builder.UseMiddlewareExtensions.<>c__DisplayClass6_1.<<UseMiddlewareInterface>b__1>d.MoveNext()
--- End of stack trace from previous location ---
   at SportAPI.Sport.UserMiddlewares.SportTokenAuthMiddleware.Invoke(HttpContext context) in C:\Users\Dell\Desktop\c#\SportAPI\SportAPI\Sport\UserMiddlewares\SportTokenAuthMiddleware.cs:line 50
   at Swashbuckle.AspNetCore.SwaggerUI.SwaggerUIMiddleware.Invoke(HttpContext httpContext)
   at Swashbuckle.AspNetCore.Swagger.SwaggerMiddleware.Invoke(HttpContext httpContext, ISwaggerProvider swaggerProvider)
   at Microsoft.AspNetCore.Diagnostics.DeveloperExceptionPageMiddleware.Invoke(HttpContext context)
2021-12-10 10:46:47.1467|3|ERROR|Microsoft.AspNetCore.Diagnostics.DeveloperExceptionPageMiddleware|An exception was thrown attempting to display the error page. System.ObjectDisposedException: Cannot access a closed Stream.
   at System.IO.MemoryStream.Write(Byte[] buffer, Int32 offset, Int32 count)
   at System.IO.MemoryStream.WriteAsync(ReadOnlyMemory`1 buffer, CancellationToken cancellationToken)
--- End of stack trace from previous location ---
   at System.IO.Pipelines.StreamPipeWriter.FlushAsyncInternal(Boolean writeToStream, CancellationToken cancellationToken)
   at Microsoft.AspNetCore.Diagnostics.DeveloperExceptionPageMiddleware.Invoke(HttpContext context)
2021-12-10 10:46:47.1635|2|ERROR|Microsoft.AspNetCore.Server.IIS.Core.IISHttpServer|Connection ID "18230571306091282468", Request ID "80000025-0003-fd00-b63f-84710c7967bb": An unhandled exception was thrown by the application. System.ObjectDisposedException: Cannot access a closed Stream.
   at System.IO.MemoryStream.Write(Byte[] buffer, Int32 offset, Int32 count)
   at System.IO.MemoryStream.WriteAsync(ReadOnlyMemory`1 buffer, CancellationToken cancellationToken)
--- End of stack trace from previous location ---
   at System.IO.Pipelines.StreamPipeWriter.FlushAsyncInternal(Boolean writeToStream, CancellationToken cancellationToken)
   at SportAPI.Middlewares.ErrorHandlingMiddleware.InvokeAsync(HttpContext context, RequestDelegate next) in C:\Users\Dell\Desktop\c#\SportAPI\SportAPI\Middlewares\ErrorHanglindMiddleware.cs:line 35
   at Microsoft.AspNetCore.Builder.UseMiddlewareExtensions.<>c__DisplayClass6_1.<<UseMiddlewareInterface>b__1>d.MoveNext()
--- End of stack trace from previous location ---
   at SportAPI.Sport.UserMiddlewares.SportTokenAuthMiddleware.Invoke(HttpContext context) in C:\Users\Dell\Desktop\c#\SportAPI\SportAPI\Sport\UserMiddlewares\SportTokenAuthMiddleware.cs:line 50
   at Swashbuckle.AspNetCore.SwaggerUI.SwaggerUIMiddleware.Invoke(HttpContext httpContext)
   at Swashbuckle.AspNetCore.Swagger.SwaggerMiddleware.Invoke(HttpContext httpContext, ISwaggerProvider swaggerProvider)
   at Microsoft.AspNetCore.Diagnostics.DeveloperExceptionPageMiddleware.Invoke(HttpContext context)
   at Microsoft.AspNetCore.Diagnostics.DeveloperExceptionPageMiddleware.Invoke(HttpContext context)
   at Microsoft.AspNetCore.Server.IIS.Core.IISHttpContextOfT`1.ProcessRequestAsync()
2021-12-10 10:47:12.4928||INFO|SportAPI.Middlewares.RequestResponseLoggingMiddleware|Request from 127.0.0.1(kubernetes.docker.internal): DELETE https://localhost:44377/api/SportClub/2 <no request body> 
2021-12-10 10:47:12.5182||WARN|SportAPI.Sport.Services.SportClubService|Sport Club with id: 2 DELETE action invoked 
2021-12-10 10:47:13.7482|1|ERROR|Microsoft.AspNetCore.Diagnostics.DeveloperExceptionPageMiddleware|An unhandled exception has occurred while executing the request. System.ObjectDisposedException: Cannot access a closed Stream.
   at System.IO.MemoryStream.Write(Byte[] buffer, Int32 offset, Int32 count)
   at System.IO.MemoryStream.WriteAsync(ReadOnlyMemory`1 buffer, CancellationToken cancellationToken)
--- End of stack trace from previous location ---
   at System.IO.Pipelines.StreamPipeWriter.FlushAsyncInternal(Boolean writeToStream, CancellationToken cancellationToken)
   at SportAPI.Middlewares.ErrorHandlingMiddleware.InvokeAsync(HttpContext context, RequestDelegate next) in C:\Users\Dell\Desktop\c#\SportAPI\SportAPI\Middlewares\ErrorHanglindMiddleware.cs:line 28
   at Microsoft.AspNetCore.Builder.UseMiddlewareExtensions.<>c__DisplayClass6_1.<<UseMiddlewareInterface>b__1>d.MoveNext()
--- End of stack trace from previous location ---
   at SportAPI.Sport.UserMiddlewares.SportTokenAuthMiddleware.Invoke(HttpContext context) in C:\Users\Dell\Desktop\c#\SportAPI\SportAPI\Sport\UserMiddlewares\SportTokenAuthMiddleware.cs:line 50
   at Swashbuckle.AspNetCore.SwaggerUI.SwaggerUIMiddleware.Invoke(HttpContext httpContext)
   at Swashbuckle.AspNetCore.Swagger.SwaggerMiddleware.Invoke(HttpContext httpContext, ISwaggerProvider swaggerProvider)
   at Microsoft.AspNetCore.Diagnostics.DeveloperExceptionPageMiddleware.Invoke(HttpContext context)
2021-12-10 10:47:13.7603|3|ERROR|Microsoft.AspNetCore.Diagnostics.DeveloperExceptionPageMiddleware|An exception was thrown attempting to display the error page. System.ObjectDisposedException: Cannot access a closed Stream.
   at System.IO.MemoryStream.Write(Byte[] buffer, Int32 offset, Int32 count)
   at System.IO.MemoryStream.WriteAsync(ReadOnlyMemory`1 buffer, CancellationToken cancellationToken)
--- End of stack trace from previous location ---
   at System.IO.Pipelines.StreamPipeWriter.FlushAsyncInternal(Boolean writeToStream, CancellationToken cancellationToken)
   at Microsoft.AspNetCore.Diagnostics.DeveloperExceptionPageMiddleware.Invoke(HttpContext context)
2021-12-10 10:47:13.7769|2|ERROR|Microsoft.AspNetCore.Server.IIS.Core.IISHttpServer|Connection ID "18230571306091282470", Request ID "80000027-0003-fd00-b63f-84710c7967bb": An unhandled exception was thrown by the application. System.ObjectDisposedException: Cannot access a closed Stream.
   at System.IO.MemoryStream.Write(Byte[] buffer, Int32 offset, Int32 count)
   at System.IO.MemoryStream.WriteAsync(ReadOnlyMemory`1 buffer, CancellationToken cancellationToken)
--- End of stack trace from previous location ---
   at System.IO.Pipelines.StreamPipeWriter.FlushAsyncInternal(Boolean writeToStream, CancellationToken cancellationToken)
   at SportAPI.Middlewares.ErrorHandlingMiddleware.InvokeAsync(HttpContext context, RequestDelegate next) in C:\Users\Dell\Desktop\c#\SportAPI\SportAPI\Middlewares\ErrorHanglindMiddleware.cs:line 28
   at Microsoft.AspNetCore.Builder.UseMiddlewareExtensions.<>c__DisplayClass6_1.<<UseMiddlewareInterface>b__1>d.MoveNext()
--- End of stack trace from previous location ---
   at SportAPI.Sport.UserMiddlewares.SportTokenAuthMiddleware.Invoke(HttpContext context) in C:\Users\Dell\Desktop\c#\SportAPI\SportAPI\Sport\UserMiddlewares\SportTokenAuthMiddleware.cs:line 50
   at Swashbuckle.AspNetCore.SwaggerUI.SwaggerUIMiddleware.Invoke(HttpContext httpContext)
   at Swashbuckle.AspNetCore.Swagger.SwaggerMiddleware.Invoke(HttpContext httpContext, ISwaggerProvider swaggerProvider)
   at Microsoft.AspNetCore.Diagnostics.DeveloperExceptionPageMiddleware.Invoke(HttpContext context)
   at Microsoft.AspNetCore.Diagnostics.DeveloperExceptionPageMiddleware.Invoke(HttpContext context)
   at Microsoft.AspNetCore.Server.IIS.Core.IISHttpContextOfT`1.ProcessRequestAsync()
2021-12-10 10:47:22.0394||INFO|SportAPI.Middlewares.RequestResponseLoggingMiddleware|Request from 127.0.0.1(kubernetes.docker.internal): DELETE https://localhost:44377/api/SportClub/6 <no request body> 
2021-12-10 10:47:22.0394||WARN|SportAPI.Sport.Services.SportClubService|Sport Club with id: 6 DELETE action invoked 
2021-12-10 10:47:22.2685||INFO|SportAPI.Middlewares.RequestResponseLoggingMiddleware|Request handled in 226 ms with response 204: <no response body> 
2021-12-10 10:47:27.9645||INFO|SportAPI.Middlewares.RequestResponseLoggingMiddleware|Request from 127.0.0.1(kubernetes.docker.internal): DELETE https://localhost:44377/api/SportClub/5 <no request body> 
2021-12-10 10:47:27.9645||WARN|SportAPI.Sport.Services.SportClubService|Sport Club with id: 5 DELETE action invoked 
2021-12-10 10:47:28.0323||INFO|SportAPI.Middlewares.RequestResponseLoggingMiddleware|Request handled in 64 ms with response 204: <no response body> 
2021-12-10 10:47:52.9343|20601|WARN|Microsoft.EntityFrameworkCore.Model.Validation|The 'bool' property 'InHouse' on entity type 'Match' is configured with a database-generated default. This default will always be used for inserts when the property has the value 'false', since this is the CLR default for the 'bool' type. Consider using the nullable 'bool?' type instead so that the default will only be used for inserts when the property value is 'null'. 
2021-12-10 10:47:52.9943|20601|WARN|Microsoft.EntityFrameworkCore.Model.Validation|The 'bool' property 'HasOwnStadium' on entity type 'SportClub' is configured with a database-generated default. This default will always be used for inserts when the property has the value 'false', since this is the CLR default for the 'bool' type. Consider using the nullable 'bool?' type instead so that the default will only be used for inserts when the property value is 'null'. 
2021-12-10 10:47:53.0049|20601|WARN|Microsoft.EntityFrameworkCore.Model.Validation|The 'bool' property 'IsActive' on entity type 'User' is configured with a database-generated default. This default will always be used for inserts when the property has the value 'false', since this is the CLR default for the 'bool' type. Consider using the nullable 'bool?' type instead so that the default will only be used for inserts when the property value is 'null'. 
2021-12-10 10:47:56.2272||INFO|Microsoft.Hosting.Lifetime|Application started. Press Ctrl+C to shut down. 
2021-12-10 10:47:56.2272||INFO|Microsoft.Hosting.Lifetime|Hosting environment: Development 
2021-12-10 10:47:56.2400||INFO|Microsoft.Hosting.Lifetime|Content root path: C:\Users\Dell\Desktop\c#\SportAPI\SportAPI 
