2022-01-04 17:55:47.8138|20601|WARN|Microsoft.EntityFrameworkCore.Model.Validation|The 'bool' property 'IsHigh' on entity type 'League' is configured with a database-generated default. This default will always be used for inserts when the property has the value 'false', since this is the CLR default for the 'bool' type. Consider using the nullable 'bool?' type instead so that the default will only be used for inserts when the property value is 'null'. 
2022-01-04 17:55:47.8992|20601|WARN|Microsoft.EntityFrameworkCore.Model.Validation|The 'bool' property 'InHouse' on entity type 'Match' is configured with a database-generated default. This default will always be used for inserts when the property has the value 'false', since this is the CLR default for the 'bool' type. Consider using the nullable 'bool?' type instead so that the default will only be used for inserts when the property value is 'null'. 
2022-01-04 17:55:47.9099|20601|WARN|Microsoft.EntityFrameworkCore.Model.Validation|The 'bool' property 'HasOwnStadium' on entity type 'SportClub' is configured with a database-generated default. This default will always be used for inserts when the property has the value 'false', since this is the CLR default for the 'bool' type. Consider using the nullable 'bool?' type instead so that the default will only be used for inserts when the property value is 'null'. 
2022-01-04 17:55:47.9099|20601|WARN|Microsoft.EntityFrameworkCore.Model.Validation|The 'bool' property 'IsActive' on entity type 'User' is configured with a database-generated default. This default will always be used for inserts when the property has the value 'false', since this is the CLR default for the 'bool' type. Consider using the nullable 'bool?' type instead so that the default will only be used for inserts when the property value is 'null'. 
2022-01-04 17:55:51.9359||INFO|Microsoft.Hosting.Lifetime|Application started. Press Ctrl+C to shut down. 
2022-01-04 17:55:52.2560||INFO|Microsoft.Hosting.Lifetime|Hosting environment: Development 
2022-01-04 17:55:52.2986||INFO|Microsoft.Hosting.Lifetime|Content root path: C:\Users\Dell\Desktop\c#\SportAPI\SportAPI 
2022-01-04 18:00:35.9714||INFO|SportAPI.Middlewares.RequestResponseLoggingMiddleware|Request from ::1(DESKTOP-VPKE3ES): GET https://localhost:44377/api <no request body> 
2022-01-04 18:00:36.1663||INFO|SportAPI.Middlewares.RequestResponseLoggingMiddleware|Request handled in 187 ms with response 404: <no response body> 
2022-01-04 18:03:38.7989|20601|WARN|Microsoft.EntityFrameworkCore.Model.Validation|The 'bool' property 'IsHigh' on entity type 'League' is configured with a database-generated default. This default will always be used for inserts when the property has the value 'false', since this is the CLR default for the 'bool' type. Consider using the nullable 'bool?' type instead so that the default will only be used for inserts when the property value is 'null'. 
2022-01-04 18:03:38.9675|20601|WARN|Microsoft.EntityFrameworkCore.Model.Validation|The 'bool' property 'InHouse' on entity type 'Match' is configured with a database-generated default. This default will always be used for inserts when the property has the value 'false', since this is the CLR default for the 'bool' type. Consider using the nullable 'bool?' type instead so that the default will only be used for inserts when the property value is 'null'. 
2022-01-04 18:03:38.9675|20601|WARN|Microsoft.EntityFrameworkCore.Model.Validation|The 'bool' property 'HasOwnStadium' on entity type 'SportClub' is configured with a database-generated default. This default will always be used for inserts when the property has the value 'false', since this is the CLR default for the 'bool' type. Consider using the nullable 'bool?' type instead so that the default will only be used for inserts when the property value is 'null'. 
2022-01-04 18:03:38.9903|20601|WARN|Microsoft.EntityFrameworkCore.Model.Validation|The 'bool' property 'IsActive' on entity type 'User' is configured with a database-generated default. This default will always be used for inserts when the property has the value 'false', since this is the CLR default for the 'bool' type. Consider using the nullable 'bool?' type instead so that the default will only be used for inserts when the property value is 'null'. 
2022-01-04 18:03:41.5392||INFO|Microsoft.Hosting.Lifetime|Application started. Press Ctrl+C to shut down. 
2022-01-04 18:03:41.6712||INFO|Microsoft.Hosting.Lifetime|Hosting environment: Development 
2022-01-04 18:03:41.6898||INFO|Microsoft.Hosting.Lifetime|Content root path: C:\Users\Dell\Desktop\c#\SportAPI\SportAPI 
2022-01-04 18:47:58.7276|20601|WARN|Microsoft.EntityFrameworkCore.Model.Validation|The 'bool' property 'IsHigh' on entity type 'League' is configured with a database-generated default. This default will always be used for inserts when the property has the value 'false', since this is the CLR default for the 'bool' type. Consider using the nullable 'bool?' type instead so that the default will only be used for inserts when the property value is 'null'. 
2022-01-04 18:47:58.8201|20601|WARN|Microsoft.EntityFrameworkCore.Model.Validation|The 'bool' property 'InHouse' on entity type 'Match' is configured with a database-generated default. This default will always be used for inserts when the property has the value 'false', since this is the CLR default for the 'bool' type. Consider using the nullable 'bool?' type instead so that the default will only be used for inserts when the property value is 'null'. 
2022-01-04 18:47:58.8372|20601|WARN|Microsoft.EntityFrameworkCore.Model.Validation|The 'bool' property 'HasOwnStadium' on entity type 'SportClub' is configured with a database-generated default. This default will always be used for inserts when the property has the value 'false', since this is the CLR default for the 'bool' type. Consider using the nullable 'bool?' type instead so that the default will only be used for inserts when the property value is 'null'. 
2022-01-04 18:47:58.8372|20601|WARN|Microsoft.EntityFrameworkCore.Model.Validation|The 'bool' property 'IsActive' on entity type 'User' is configured with a database-generated default. This default will always be used for inserts when the property has the value 'false', since this is the CLR default for the 'bool' type. Consider using the nullable 'bool?' type instead so that the default will only be used for inserts when the property value is 'null'. 
2022-01-04 18:48:01.7085||INFO|Microsoft.Hosting.Lifetime|Application started. Press Ctrl+C to shut down. 
2022-01-04 18:48:01.7309||INFO|Microsoft.Hosting.Lifetime|Hosting environment: Development 
2022-01-04 18:48:01.7451||INFO|Microsoft.Hosting.Lifetime|Content root path: C:\Users\Dell\Desktop\c#\SportAPI\SportAPI 
2022-01-04 21:52:03.3287|20601|WARN|Microsoft.EntityFrameworkCore.Model.Validation|The 'bool' property 'IsHigh' on entity type 'League' is configured with a database-generated default. This default will always be used for inserts when the property has the value 'false', since this is the CLR default for the 'bool' type. Consider using the nullable 'bool?' type instead so that the default will only be used for inserts when the property value is 'null'. 
2022-01-04 21:52:03.4184|20601|WARN|Microsoft.EntityFrameworkCore.Model.Validation|The 'bool' property 'InHouse' on entity type 'Match' is configured with a database-generated default. This default will always be used for inserts when the property has the value 'false', since this is the CLR default for the 'bool' type. Consider using the nullable 'bool?' type instead so that the default will only be used for inserts when the property value is 'null'. 
2022-01-04 21:52:03.4293|20601|WARN|Microsoft.EntityFrameworkCore.Model.Validation|The 'bool' property 'HasOwnStadium' on entity type 'SportClub' is configured with a database-generated default. This default will always be used for inserts when the property has the value 'false', since this is the CLR default for the 'bool' type. Consider using the nullable 'bool?' type instead so that the default will only be used for inserts when the property value is 'null'. 
2022-01-04 21:52:03.4293|20601|WARN|Microsoft.EntityFrameworkCore.Model.Validation|The 'bool' property 'IsActive' on entity type 'User' is configured with a database-generated default. This default will always be used for inserts when the property has the value 'false', since this is the CLR default for the 'bool' type. Consider using the nullable 'bool?' type instead so that the default will only be used for inserts when the property value is 'null'. 
2022-01-04 21:52:06.9501||INFO|Microsoft.Hosting.Lifetime|Application started. Press Ctrl+C to shut down. 
2022-01-04 21:52:06.9739||INFO|Microsoft.Hosting.Lifetime|Hosting environment: Development 
2022-01-04 21:52:06.9739||INFO|Microsoft.Hosting.Lifetime|Content root path: C:\Users\Dell\Desktop\c#\SportAPI\SportAPI 
